[T 00:08:30 53609] Reading configuration file /Users/zhuangpenghai/Downloads/micro_service_seclab-main/micro/working/tracing/compiler-tracing6807673628990349974.spec...
[T 00:08:30 53609] Initialising tags...
[T 00:08:30 53609] ID set to 000000000000D169_0000000000000001 (parent root)
[T 00:08:30 53609] Reading configuration file /Users/zhuangpenghai/Downloads/micro_service_seclab-main/micro/working/tracing/compiler-tracing6807673628990349974.spec...
[T 00:08:30 53609] Initialising tags...
[T 00:08:30 53609] ID set to 000000000000D169_0000000000000002 (parent root)
[T 00:08:30 53609] Warning: SEMMLE_EXEC and SEMMLE_EXECP not set. Falling back to path lookup on argv[0].
[T 00:08:30 53609] ==== Candidate to intercept: /Users/zhuangpenghai/codeql-home/codeql/tools/osx64/runner-osx (canonical: /Users/zhuangpenghai/codeql-home/codeql/tools/osx64/runner-osx) ====
[T 00:08:30 53610] Attempting to switch stdout/stderr to 3...
/Users/zhuangpenghai/Downloads/micro_service_seclab-main/micro/working/copy-root/000001F5/bin/bash.semmle.0000D169.slice.x86_64: replacing existing signature
[T 00:08:31 53609] Reading configuration file /Users/zhuangpenghai/Downloads/micro_service_seclab-main/micro/working/tracing/compiler-tracing6807673628990349974.spec...
[T 00:08:31 53609] Initialising tags...
[T 00:08:31 53609] ID set to 000000000000D169_0000000000000003 (parent 000000000000D169_0000000000000002)
[T 00:08:31 53609] ==== Candidate to intercept: /opt/homebrew/bin/mvn (canonical: /opt/homebrew/Cellar/maven/3.8.2/bin/mvn) ====
[T 00:08:31 53614] Attempting to switch stdout/stderr to 3...
/Users/zhuangpenghai/Downloads/micro_service_seclab-main/micro/working/copy-root/000001F5/bin/sh.semmle.0000D169.slice.x86_64: replacing existing signature
[T 00:08:32 53609] Reading configuration file /Users/zhuangpenghai/Downloads/micro_service_seclab-main/micro/working/tracing/compiler-tracing6807673628990349974.spec...
[T 00:08:32 53609] Initialising tags...
[T 00:08:32 53609] ID set to 000000000000D169_0000000000000004 (parent 000000000000D169_0000000000000003)
[T 00:08:32 53609] ==== Candidate to intercept: /opt/homebrew/Cellar/maven/3.8.2/libexec/bin/mvn (canonical: /opt/homebrew/Cellar/maven/3.8.2/libexec/bin/mvn) ====
[T 00:08:32 53609] Reading configuration file /Users/zhuangpenghai/Downloads/micro_service_seclab-main/micro/working/tracing/compiler-tracing6807673628990349974.spec...
[T 00:08:32 53609] Initialising tags...
[T 00:08:32 53609] ID set to 000000000000D169_0000000000000005 (parent 000000000000D169_0000000000000004)
[T 00:08:32 53609] ==== Candidate to intercept: /bin/bash (canonical: /bin/bash) ====
[T 00:08:32 53622] Attempting to switch stdout/stderr to 3...
/Users/zhuangpenghai/Downloads/micro_service_seclab-main/micro/working/copy-root/000001F5/usr/bin/uname.semmle.0000D175.slice.x86_64: replacing existing signature
[T 00:08:33 53621] Reading configuration file /Users/zhuangpenghai/Downloads/micro_service_seclab-main/micro/working/tracing/compiler-tracing6807673628990349974.spec...
[T 00:08:33 53621] Initialising tags...
[T 00:08:33 53621] ID set to 000000000000D175_0000000000000001 (parent 000000000000D169_0000000000000005)
[T 00:08:33 53621] ==== Candidate to intercept: /usr/bin/uname (canonical: /usr/bin/uname) ====
[T 00:08:33 53628] Attempting to switch stdout/stderr to 3...
/Users/zhuangpenghai/Downloads/micro_service_seclab-main/micro/working/copy-root/000001F5/usr/bin/dirname.semmle.0000D17B.slice.x86_64: replacing existing signature
[T 00:08:33 53627] Reading configuration file /Users/zhuangpenghai/Downloads/micro_service_seclab-main/micro/working/tracing/compiler-tracing6807673628990349974.spec...
[T 00:08:33 53627] Initialising tags...
[T 00:08:33 53627] ID set to 000000000000D17B_0000000000000001 (parent 000000000000D169_0000000000000005)
[T 00:08:33 53627] ==== Candidate to intercept: /usr/bin/dirname (canonical: /usr/bin/dirname) ====
[T 00:08:33 53640] Reading configuration file /Users/zhuangpenghai/Downloads/micro_service_seclab-main/micro/working/tracing/compiler-tracing6807673628990349974.spec...
[T 00:08:33 53640] Initialising tags...
[T 00:08:33 53640] ID set to 000000000000D188_0000000000000001 (parent 000000000000D169_0000000000000005)
[T 00:08:33 53640] ==== Candidate to intercept: /usr/bin/dirname (canonical: /usr/bin/dirname) ====
[T 00:08:33 53647] Attempting to switch stdout/stderr to 3...
/Applications/Xcode.app/Contents/Developer/Toolchains/XcodeDefault.xctoolchain/usr/bin/install_name_tool: warning: changes being made to the file will invalidate the code signature in: /Users/zhuangpenghai/Downloads/micro_service_seclab-main/micro/working/copy-root/000001F5/Library/Java/JavaVirtualMachines/jdk1.8.0_151.jdk/Contents/Home/bin/java.semmle.0000D169.slice.x86_64
/Users/zhuangpenghai/Downloads/micro_service_seclab-main/micro/working/copy-root/000001F5/Library/Java/JavaVirtualMachines/jdk1.8.0_151.jdk/Contents/Home/bin/java.semmle.0000D169.slice.x86_64: replacing existing signature
[T 00:08:34 53609] Reading configuration file /Users/zhuangpenghai/Downloads/micro_service_seclab-main/micro/working/tracing/compiler-tracing6807673628990349974.spec...
[T 00:08:34 53609] Initialising tags...
[T 00:08:34 53609] ID set to 000000000000D169_0000000000000006 (parent 000000000000D169_0000000000000005)
[T 00:08:34 53609] ==== Candidate to intercept: /Library/Java/JavaVirtualMachines/jdk1.8.0_151.jdk/Contents/Home/bin/java (canonical: /Library/Java/JavaVirtualMachines/jdk1.8.0_151.jdk/Contents/Home/bin/java) ====
[T 00:08:34 53609] Loading extra JVM options from SEMMLE_JAVA_TOOL_OPTIONS instead of in-process variable.
[T 00:08:34 53609] Passing through -javaagent:/Users/zhuangpenghai/codeql-home/codeql/java/tools/codeql-java-agent.jar=ignore-project,java to underlying JVM.
[T 00:08:34 53609] Passing through -Xbootclasspath/a:/Users/zhuangpenghai/codeql-home/codeql/java/tools/codeql-java-agent.jar to underlying JVM.
[T 00:08:34 53609] Intercepted JVM creation with extra hidden args: ['-javaagent:/Users/zhuangpenghai/codeql-home/codeql/java/tools/codeql-java-agent.jar=ignore-project,java' '-Xbootclasspath/a:/Users/zhuangpenghai/codeql-home/codeql/java/tools/codeql-java-agent.jar'] (result: 1, 0).
[T 00:08:42 53656] Attempting to switch stdout/stderr to 106...
[T 00:08:43 53659] Reading configuration file /Users/zhuangpenghai/Downloads/micro_service_seclab-main/micro/working/tracing/compiler-tracing6807673628990349974.spec...
[T 00:08:43 53659] Initialising tags...
[T 00:08:43 53659] ID set to 000000000000D19B_0000000000000001 (parent 000000000000D169_0000000000000006)
[T 00:08:43 53659] ==== Candidate to intercept: /Library/Java/JavaVirtualMachines/jdk1.8.0_151.jdk/Contents/Home/jre/lib/jspawnhelper (canonical: /Library/Java/JavaVirtualMachines/jdk1.8.0_151.jdk/Contents/Home/jre/lib/jspawnhelper) ====
[T 00:08:43 53661] Attempting to switch stdout/stderr to 4...
/Applications/Xcode.app/Contents/Developer/Toolchains/XcodeDefault.xctoolchain/usr/bin/install_name_tool: warning: changes being made to the file will invalidate the code signature in: /Users/zhuangpenghai/Downloads/micro_service_seclab-main/micro/working/copy-root/000001F5/Users/zhuangpenghai/codeql-home/codeql/java/tools/macos/jdk-extractor-java/bin/java.semmle.0000D19B.slice.x86_64
/Applications/Xcode.app/Contents/Developer/Toolchains/XcodeDefault.xctoolchain/usr/bin/install_name_tool: warning: changes being made to the file will invalidate the code signature in: /Users/zhuangpenghai/Downloads/micro_service_seclab-main/micro/working/copy-root/000001F5/Users/zhuangpenghai/codeql-home/codeql/java/tools/macos/jdk-extractor-java/bin/java.semmle.0000D19B.slice.x86_64
/Users/zhuangpenghai/Downloads/micro_service_seclab-main/micro/working/copy-root/000001F5/Users/zhuangpenghai/codeql-home/codeql/java/tools/macos/jdk-extractor-java/bin/java.semmle.0000D19B.slice.x86_64: replacing existing signature
[T 00:08:44 53659] Reading configuration file /Users/zhuangpenghai/Downloads/micro_service_seclab-main/micro/working/tracing/compiler-tracing6807673628990349974.spec...
[T 00:08:44 53659] Initialising tags...
[T 00:08:44 53659] ID set to 000000000000D19B_0000000000000002 (parent 000000000000D19B_0000000000000001)
[T 00:08:44 53659] ==== Candidate to intercept: /Users/zhuangpenghai/codeql-home/codeql/java/tools/macos/jdk-extractor-java/bin/java (canonical: /Users/zhuangpenghai/codeql-home/codeql/java/tools/macos/jdk-extractor-java/bin/java) ====
[T 00:08:44 53659] Loading extra JVM options from SEMMLE_JAVA_TOOL_OPTIONS instead of in-process variable.
[T 00:08:44 53659] Passing through -javaagent:/Users/zhuangpenghai/codeql-home/codeql/java/tools/codeql-java-agent.jar=ignore-project,java to underlying JVM.
[T 00:08:44 53659] Passing through -Xbootclasspath/a:/Users/zhuangpenghai/codeql-home/codeql/java/tools/codeql-java-agent.jar to underlying JVM.
[T 00:08:44 53659] Intercepted JVM creation with extra hidden args: ['-javaagent:/Users/zhuangpenghai/codeql-home/codeql/java/tools/codeql-java-agent.jar=ignore-project,java' '-Xbootclasspath/a:/Users/zhuangpenghai/codeql-home/codeql/java/tools/codeql-java-agent.jar'] (result: 1, 0).
[T 00:08:55 53688] Reading configuration file /Users/zhuangpenghai/Downloads/micro_service_seclab-main/micro/working/tracing/compiler-tracing6807673628990349974.spec...
[T 00:08:55 53688] Initialising tags...
[T 00:08:55 53688] ID set to 000000000000D1B8_0000000000000001 (parent 000000000000D169_0000000000000006)
[T 00:08:55 53688] ==== Candidate to intercept: /Library/Java/JavaVirtualMachines/jdk1.8.0_151.jdk/Contents/Home/jre/lib/jspawnhelper (canonical: /Library/Java/JavaVirtualMachines/jdk1.8.0_151.jdk/Contents/Home/jre/lib/jspawnhelper) ====
[T 00:08:55 53688] Reading configuration file /Users/zhuangpenghai/Downloads/micro_service_seclab-main/micro/working/tracing/compiler-tracing6807673628990349974.spec...
[T 00:08:55 53688] Initialising tags...
[T 00:08:55 53688] ID set to 000000000000D1B8_0000000000000002 (parent 000000000000D1B8_0000000000000001)
[T 00:08:55 53688] ==== Candidate to intercept: /Users/zhuangpenghai/codeql-home/codeql/java/tools/macos/jdk-extractor-java/bin/java (canonical: /Users/zhuangpenghai/codeql-home/codeql/java/tools/macos/jdk-extractor-java/bin/java) ====
[T 00:08:55 53688] Loading extra JVM options from SEMMLE_JAVA_TOOL_OPTIONS instead of in-process variable.
[T 00:08:55 53688] Passing through -javaagent:/Users/zhuangpenghai/codeql-home/codeql/java/tools/codeql-java-agent.jar=ignore-project,java to underlying JVM.
[T 00:08:55 53688] Passing through -Xbootclasspath/a:/Users/zhuangpenghai/codeql-home/codeql/java/tools/codeql-java-agent.jar to underlying JVM.
[T 00:08:55 53688] Intercepted JVM creation with extra hidden args: ['-javaagent:/Users/zhuangpenghai/codeql-home/codeql/java/tools/codeql-java-agent.jar=ignore-project,java' '-Xbootclasspath/a:/Users/zhuangpenghai/codeql-home/codeql/java/tools/codeql-java-agent.jar'] (result: 1, 0).
[T 00:08:58 53692] Reading configuration file /Users/zhuangpenghai/Downloads/micro_service_seclab-main/micro/working/tracing/compiler-tracing6807673628990349974.spec...
[T 00:08:58 53692] Initialising tags...
[T 00:08:58 53692] ID set to 000000000000D1BC_0000000000000001 (parent 000000000000D169_0000000000000006)
[T 00:08:58 53692] ==== Candidate to intercept: /Library/Java/JavaVirtualMachines/jdk1.8.0_151.jdk/Contents/Home/jre/lib/jspawnhelper (canonical: /Library/Java/JavaVirtualMachines/jdk1.8.0_151.jdk/Contents/Home/jre/lib/jspawnhelper) ====
[T 00:08:58 53692] Reading configuration file /Users/zhuangpenghai/Downloads/micro_service_seclab-main/micro/working/tracing/compiler-tracing6807673628990349974.spec...
[T 00:08:58 53692] Initialising tags...
[T 00:08:58 53692] ID set to 000000000000D1BC_0000000000000002 (parent 000000000000D1BC_0000000000000001)
[T 00:08:58 53692] ==== Candidate to intercept: /bin/sh (canonical: /bin/sh) ====
[T 00:08:58 53692] Reading configuration file /Users/zhuangpenghai/Downloads/micro_service_seclab-main/micro/working/tracing/compiler-tracing6807673628990349974.spec...
[T 00:08:58 53692] Initialising tags...
[T 00:08:58 53692] ID set to 000000000000D1BC_0000000000000003 (parent 000000000000D1BC_0000000000000002)
[T 00:08:58 53692] ==== Candidate to intercept: /bin/bash (canonical: /bin/bash) ====
[T 00:08:58 53694] Attempting to switch stdout/stderr to 3...
/Applications/Xcode.app/Contents/Developer/Toolchains/XcodeDefault.xctoolchain/usr/bin/install_name_tool: warning: changes being made to the file will invalidate the code signature in: /Users/zhuangpenghai/Downloads/micro_service_seclab-main/micro/working/copy-root/000001F5/Library/Java/JavaVirtualMachines/jdk1.8.0_151.jdk/Contents/Home/jre/bin/java.semmle.0000D1BD.slice.x86_64
/Users/zhuangpenghai/Downloads/micro_service_seclab-main/micro/working/copy-root/000001F5/Library/Java/JavaVirtualMachines/jdk1.8.0_151.jdk/Contents/Home/jre/bin/java.semmle.0000D1BD.slice.x86_64: replacing existing signature
[T 00:08:59 53693] Reading configuration file /Users/zhuangpenghai/Downloads/micro_service_seclab-main/micro/working/tracing/compiler-tracing6807673628990349974.spec...
[T 00:08:59 53693] Initialising tags...
[T 00:08:59 53693] ID set to 000000000000D1BD_0000000000000001 (parent 000000000000D1BC_0000000000000003)
[T 00:08:59 53693] ==== Candidate to intercept: /Library/Java/JavaVirtualMachines/jdk1.8.0_151.jdk/Contents/Home/jre/bin/java (canonical: /Library/Java/JavaVirtualMachines/jdk1.8.0_151.jdk/Contents/Home/jre/bin/java) ====
[T 00:08:59 53693] Loading extra JVM options from SEMMLE_JAVA_TOOL_OPTIONS instead of in-process variable.
[T 00:08:59 53693] Passing through -javaagent:/Users/zhuangpenghai/codeql-home/codeql/java/tools/codeql-java-agent.jar=ignore-project,java to underlying JVM.
[T 00:08:59 53693] Passing through -Xbootclasspath/a:/Users/zhuangpenghai/codeql-home/codeql/java/tools/codeql-java-agent.jar to underlying JVM.
[T 00:08:59 53693] Intercepted JVM creation with extra hidden args: ['-javaagent:/Users/zhuangpenghai/codeql-home/codeql/java/tools/codeql-java-agent.jar=ignore-project,java' '-Xbootclasspath/a:/Users/zhuangpenghai/codeql-home/codeql/java/tools/codeql-java-agent.jar'] (result: 1, 0).
[T 00:08:59 53699] Reading configuration file /Users/zhuangpenghai/Downloads/micro_service_seclab-main/micro/working/tracing/compiler-tracing6807673628990349974.spec...
[T 00:08:59 53699] Initialising tags...
[T 00:08:59 53699] ID set to 000000000000D1C3_0000000000000001 (parent 000000000000D1BD_0000000000000001)
[T 00:08:59 53699] ==== Candidate to intercept: /Library/Java/JavaVirtualMachines/jdk1.8.0_151.jdk/Contents/Home/jre/lib/jspawnhelper (canonical: /Library/Java/JavaVirtualMachines/jdk1.8.0_151.jdk/Contents/Home/jre/lib/jspawnhelper) ====
[T 00:08:59 53699] Reading configuration file /Users/zhuangpenghai/Downloads/micro_service_seclab-main/micro/working/tracing/compiler-tracing6807673628990349974.spec...
[T 00:08:59 53699] Initialising tags...
[T 00:08:59 53699] ID set to 000000000000D1C3_0000000000000002 (parent 000000000000D1C3_0000000000000001)
[T 00:08:59 53699] ==== Candidate to intercept: /bin/sh (canonical: /bin/sh) ====
[T 00:08:59 53699] Reading configuration file /Users/zhuangpenghai/Downloads/micro_service_seclab-main/micro/working/tracing/compiler-tracing6807673628990349974.spec...
[T 00:08:59 53699] Initialising tags...
[T 00:08:59 53699] ID set to 000000000000D1C3_0000000000000003 (parent 000000000000D1C3_0000000000000002)
[T 00:08:59 53699] ==== Candidate to intercept: /bin/bash (canonical: /bin/bash) ====
[T 00:09:00 53700] Reading configuration file /Users/zhuangpenghai/Downloads/micro_service_seclab-main/micro/working/tracing/compiler-tracing6807673628990349974.spec...
[T 00:09:00 53700] Initialising tags...
[T 00:09:00 53700] ID set to 000000000000D1C4_0000000000000001 (parent 000000000000D1BD_0000000000000001)
[T 00:09:00 53700] ==== Candidate to intercept: /Library/Java/JavaVirtualMachines/jdk1.8.0_151.jdk/Contents/Home/jre/lib/jspawnhelper (canonical: /Library/Java/JavaVirtualMachines/jdk1.8.0_151.jdk/Contents/Home/jre/lib/jspawnhelper) ====
[T 00:09:01 53700] Reading configuration file /Users/zhuangpenghai/Downloads/micro_service_seclab-main/micro/working/tracing/compiler-tracing6807673628990349974.spec...
[T 00:09:01 53700] Initialising tags...
[T 00:09:01 53700] ID set to 000000000000D1C4_0000000000000002 (parent 000000000000D1C4_0000000000000001)
[T 00:09:01 53700] ==== Candidate to intercept: /bin/sh (canonical: /bin/sh) ====
[T 00:09:01 53700] Reading configuration file /Users/zhuangpenghai/Downloads/micro_service_seclab-main/micro/working/tracing/compiler-tracing6807673628990349974.spec...
[T 00:09:01 53700] Initialising tags...
[T 00:09:01 53700] ID set to 000000000000D1C4_0000000000000003 (parent 000000000000D1C4_0000000000000002)
[T 00:09:01 53700] ==== Candidate to intercept: /bin/bash (canonical: /bin/bash) ====
[T 00:09:02 53702] Reading configuration file /Users/zhuangpenghai/Downloads/micro_service_seclab-main/micro/working/tracing/compiler-tracing6807673628990349974.spec...
[T 00:09:02 53702] Initialising tags...
[T 00:09:02 53702] ID set to 000000000000D1C6_0000000000000001 (parent 000000000000D1BD_0000000000000001)
[T 00:09:02 53702] ==== Candidate to intercept: /Library/Java/JavaVirtualMachines/jdk1.8.0_151.jdk/Contents/Home/jre/lib/jspawnhelper (canonical: /Library/Java/JavaVirtualMachines/jdk1.8.0_151.jdk/Contents/Home/jre/lib/jspawnhelper) ====
[T 00:09:02 53702] Reading configuration file /Users/zhuangpenghai/Downloads/micro_service_seclab-main/micro/working/tracing/compiler-tracing6807673628990349974.spec...
[T 00:09:02 53702] Initialising tags...
[T 00:09:02 53702] ID set to 000000000000D1C6_0000000000000002 (parent 000000000000D1C6_0000000000000001)
[T 00:09:02 53702] ==== Candidate to intercept: /bin/sh (canonical: /bin/sh) ====
[T 00:09:02 53702] Reading configuration file /Users/zhuangpenghai/Downloads/micro_service_seclab-main/micro/working/tracing/compiler-tracing6807673628990349974.spec...
[T 00:09:02 53702] Initialising tags...
[T 00:09:02 53702] ID set to 000000000000D1C6_0000000000000003 (parent 000000000000D1C6_0000000000000002)
[T 00:09:02 53702] ==== Candidate to intercept: /bin/bash (canonical: /bin/bash) ====
[T 00:09:03 53703] Reading configuration file /Users/zhuangpenghai/Downloads/micro_service_seclab-main/micro/working/tracing/compiler-tracing6807673628990349974.spec...
[T 00:09:03 53703] Initialising tags...
[T 00:09:03 53703] ID set to 000000000000D1C7_0000000000000001 (parent 000000000000D1BD_0000000000000001)
[T 00:09:03 53703] ==== Candidate to intercept: /Library/Java/JavaVirtualMachines/jdk1.8.0_151.jdk/Contents/Home/jre/lib/jspawnhelper (canonical: /Library/Java/JavaVirtualMachines/jdk1.8.0_151.jdk/Contents/Home/jre/lib/jspawnhelper) ====
[T 00:09:03 53703] Reading configuration file /Users/zhuangpenghai/Downloads/micro_service_seclab-main/micro/working/tracing/compiler-tracing6807673628990349974.spec...
[T 00:09:03 53703] Initialising tags...
[T 00:09:03 53703] ID set to 000000000000D1C7_0000000000000002 (parent 000000000000D1C7_0000000000000001)
[T 00:09:03 53703] ==== Candidate to intercept: /bin/sh (canonical: /bin/sh) ====
[T 00:09:03 53703] Reading configuration file /Users/zhuangpenghai/Downloads/micro_service_seclab-main/micro/working/tracing/compiler-tracing6807673628990349974.spec...
[T 00:09:03 53703] Initialising tags...
[T 00:09:03 53703] ID set to 000000000000D1C7_0000000000000003 (parent 000000000000D1C7_0000000000000002)
[T 00:09:03 53703] ==== Candidate to intercept: /bin/bash (canonical: /bin/bash) ====
[T 00:09:04 53704] Reading configuration file /Users/zhuangpenghai/Downloads/micro_service_seclab-main/micro/working/tracing/compiler-tracing6807673628990349974.spec...
[T 00:09:04 53704] Initialising tags...
[T 00:09:04 53704] ID set to 000000000000D1C8_0000000000000001 (parent 000000000000D1BD_0000000000000001)
[T 00:09:04 53704] ==== Candidate to intercept: /Library/Java/JavaVirtualMachines/jdk1.8.0_151.jdk/Contents/Home/jre/lib/jspawnhelper (canonical: /Library/Java/JavaVirtualMachines/jdk1.8.0_151.jdk/Contents/Home/jre/lib/jspawnhelper) ====
[T 00:09:04 53704] Reading configuration file /Users/zhuangpenghai/Downloads/micro_service_seclab-main/micro/working/tracing/compiler-tracing6807673628990349974.spec...
[T 00:09:04 53704] Initialising tags...
[T 00:09:04 53704] ID set to 000000000000D1C8_0000000000000002 (parent 000000000000D1C8_0000000000000001)
[T 00:09:04 53704] ==== Candidate to intercept: /bin/sh (canonical: /bin/sh) ====
[T 00:09:04 53704] Reading configuration file /Users/zhuangpenghai/Downloads/micro_service_seclab-main/micro/working/tracing/compiler-tracing6807673628990349974.spec...
[T 00:09:04 53704] Initialising tags...
[T 00:09:04 53704] ID set to 000000000000D1C8_0000000000000003 (parent 000000000000D1C8_0000000000000002)
[T 00:09:04 53704] ==== Candidate to intercept: /bin/bash (canonical: /bin/bash) ====
[T 00:09:05 53706] Reading configuration file /Users/zhuangpenghai/Downloads/micro_service_seclab-main/micro/working/tracing/compiler-tracing6807673628990349974.spec...
[T 00:09:05 53706] Initialising tags...
[T 00:09:05 53706] ID set to 000000000000D1CA_0000000000000001 (parent 000000000000D1BD_0000000000000001)
[T 00:09:05 53706] ==== Candidate to intercept: /Library/Java/JavaVirtualMachines/jdk1.8.0_151.jdk/Contents/Home/jre/lib/jspawnhelper (canonical: /Library/Java/JavaVirtualMachines/jdk1.8.0_151.jdk/Contents/Home/jre/lib/jspawnhelper) ====
[T 00:09:05 53706] Reading configuration file /Users/zhuangpenghai/Downloads/micro_service_seclab-main/micro/working/tracing/compiler-tracing6807673628990349974.spec...
[T 00:09:05 53706] Initialising tags...
[T 00:09:05 53706] ID set to 000000000000D1CA_0000000000000002 (parent 000000000000D1CA_0000000000000001)
[T 00:09:05 53706] ==== Candidate to intercept: /bin/sh (canonical: /bin/sh) ====
[T 00:09:05 53706] Reading configuration file /Users/zhuangpenghai/Downloads/micro_service_seclab-main/micro/working/tracing/compiler-tracing6807673628990349974.spec...
[T 00:09:05 53706] Initialising tags...
[T 00:09:05 53706] ID set to 000000000000D1CA_0000000000000003 (parent 000000000000D1CA_0000000000000002)
[T 00:09:05 53706] ==== Candidate to intercept: /bin/bash (canonical: /bin/bash) ====
[T 00:09:06 53708] Reading configuration file /Users/zhuangpenghai/Downloads/micro_service_seclab-main/micro/working/tracing/compiler-tracing6807673628990349974.spec...
[T 00:09:06 53708] Initialising tags...
[T 00:09:06 53708] ID set to 000000000000D1CC_0000000000000001 (parent 000000000000D1BD_0000000000000001)
[T 00:09:06 53708] ==== Candidate to intercept: /Library/Java/JavaVirtualMachines/jdk1.8.0_151.jdk/Contents/Home/jre/lib/jspawnhelper (canonical: /Library/Java/JavaVirtualMachines/jdk1.8.0_151.jdk/Contents/Home/jre/lib/jspawnhelper) ====
[T 00:09:06 53708] Reading configuration file /Users/zhuangpenghai/Downloads/micro_service_seclab-main/micro/working/tracing/compiler-tracing6807673628990349974.spec...
[T 00:09:06 53708] Initialising tags...
[T 00:09:06 53708] ID set to 000000000000D1CC_0000000000000002 (parent 000000000000D1CC_0000000000000001)
[T 00:09:06 53708] ==== Candidate to intercept: /bin/sh (canonical: /bin/sh) ====
[T 00:09:06 53708] Reading configuration file /Users/zhuangpenghai/Downloads/micro_service_seclab-main/micro/working/tracing/compiler-tracing6807673628990349974.spec...
[T 00:09:06 53708] Initialising tags...
[T 00:09:06 53708] ID set to 000000000000D1CC_0000000000000003 (parent 000000000000D1CC_0000000000000002)
[T 00:09:06 53708] ==== Candidate to intercept: /bin/bash (canonical: /bin/bash) ====
[T 00:09:07 53709] Reading configuration file /Users/zhuangpenghai/Downloads/micro_service_seclab-main/micro/working/tracing/compiler-tracing6807673628990349974.spec...
[T 00:09:07 53709] Initialising tags...
[T 00:09:07 53709] ID set to 000000000000D1CD_0000000000000001 (parent 000000000000D1BD_0000000000000001)
[T 00:09:07 53709] ==== Candidate to intercept: /Library/Java/JavaVirtualMachines/jdk1.8.0_151.jdk/Contents/Home/jre/lib/jspawnhelper (canonical: /Library/Java/JavaVirtualMachines/jdk1.8.0_151.jdk/Contents/Home/jre/lib/jspawnhelper) ====
[T 00:09:07 53709] Reading configuration file /Users/zhuangpenghai/Downloads/micro_service_seclab-main/micro/working/tracing/compiler-tracing6807673628990349974.spec...
[T 00:09:07 53709] Initialising tags...
[T 00:09:07 53709] ID set to 000000000000D1CD_0000000000000002 (parent 000000000000D1CD_0000000000000001)
[T 00:09:07 53709] ==== Candidate to intercept: /bin/sh (canonical: /bin/sh) ====
[T 00:09:07 53709] Reading configuration file /Users/zhuangpenghai/Downloads/micro_service_seclab-main/micro/working/tracing/compiler-tracing6807673628990349974.spec...
[T 00:09:07 53709] Initialising tags...
[T 00:09:07 53709] ID set to 000000000000D1CD_0000000000000003 (parent 000000000000D1CD_0000000000000002)
[T 00:09:07 53709] ==== Candidate to intercept: /bin/bash (canonical: /bin/bash) ====
[T 00:09:08 53710] Reading configuration file /Users/zhuangpenghai/Downloads/micro_service_seclab-main/micro/working/tracing/compiler-tracing6807673628990349974.spec...
[T 00:09:08 53710] Initialising tags...
[T 00:09:08 53710] ID set to 000000000000D1CE_0000000000000001 (parent 000000000000D1BD_0000000000000001)
[T 00:09:08 53710] ==== Candidate to intercept: /Library/Java/JavaVirtualMachines/jdk1.8.0_151.jdk/Contents/Home/jre/lib/jspawnhelper (canonical: /Library/Java/JavaVirtualMachines/jdk1.8.0_151.jdk/Contents/Home/jre/lib/jspawnhelper) ====
[T 00:09:08 53710] Reading configuration file /Users/zhuangpenghai/Downloads/micro_service_seclab-main/micro/working/tracing/compiler-tracing6807673628990349974.spec...
[T 00:09:08 53710] Initialising tags...
[T 00:09:08 53710] ID set to 000000000000D1CE_0000000000000002 (parent 000000000000D1CE_0000000000000001)
[T 00:09:08 53710] ==== Candidate to intercept: /bin/sh (canonical: /bin/sh) ====
[T 00:09:08 53710] Reading configuration file /Users/zhuangpenghai/Downloads/micro_service_seclab-main/micro/working/tracing/compiler-tracing6807673628990349974.spec...
[T 00:09:08 53710] Initialising tags...
[T 00:09:08 53710] ID set to 000000000000D1CE_0000000000000003 (parent 000000000000D1CE_0000000000000002)
[T 00:09:08 53710] ==== Candidate to intercept: /bin/bash (canonical: /bin/bash) ====
