[2022-04-17 00:09:13] This is codeql database index-files --include-extension=.xml --size-limit 10m --language xml -- /Users/zhuangpenghai/Downloads/micro_service_seclab-main/micro
[2022-04-17 00:09:13] Log file was started late.
[2022-04-17 00:09:13] Using index-files script /Users/zhuangpenghai/codeql-home/codeql/xml/tools/index-files.sh.
[2022-04-17 00:09:13] [PROGRESS] database index-files> Scanning for files in /Users/zhuangpenghai/Downloads/micro_service_seclab-main...
[2022-04-17 00:09:13] Calling plumbing command: codeql resolve files --include-extension=.xml --size-limit=10m /Users/zhuangpenghai/Downloads/micro_service_seclab-main --format=json
[2022-04-17 00:09:14] [PROGRESS] resolve files> Scanning /Users/zhuangpenghai/Downloads/micro_service_seclab-main...
[2022-04-17 00:09:14] [PROGRESS] resolve files> Scanning /Users/zhuangpenghai/Downloads/micro_service_seclab-main/micro...
[2022-04-17 00:09:14] [PROGRESS] resolve files> Scanning /Users/zhuangpenghai/Downloads/micro_service_seclab-main/micro/working...
[2022-04-17 00:09:14] [PROGRESS] resolve files> Scanning /Users/zhuangpenghai/Downloads/micro_service_seclab-main/micro/working/copy-root...
[2022-04-17 00:09:14] [PROGRESS] resolve files> Scanning /Users/zhuangpenghai/Downloads/micro_service_seclab-main/micro/working/copy-root/000001F5...
[2022-04-17 00:09:14] [PROGRESS] resolve files> Scanning /Users/zhuangpenghai/Downloads/micro_service_seclab-main/micro/working/copy-root/000001F5/usr...
[2022-04-17 00:09:14] [PROGRESS] resolve files> Scanning /Users/zhuangpenghai/Downloads/micro_service_seclab-main/micro/working/copy-root/000001F5/usr/bin...
[2022-04-17 00:09:14] [PROGRESS] resolve files> Scanning /Users/zhuangpenghai/Downloads/micro_service_seclab-main/micro/working/copy-root/000001F5/bin...
[2022-04-17 00:09:14] [PROGRESS] resolve files> Scanning /Users/zhuangpenghai/Downloads/micro_service_seclab-main/micro/working/copy-root/000001F5/Library...
[2022-04-17 00:09:14] [PROGRESS] resolve files> Scanning /Users/zhuangpenghai/Downloads/micro_service_seclab-main/micro/working/copy-root/000001F5/Library/Java...
[2022-04-17 00:09:14] [PROGRESS] resolve files> Scanning /Users/zhuangpenghai/Downloads/micro_service_seclab-main/micro/working/copy-root/000001F5/Library/Java/JavaVirtualMachines...
[2022-04-17 00:09:14] [PROGRESS] resolve files> Scanning /Users/zhuangpenghai/Downloads/micro_service_seclab-main/micro/working/copy-root/000001F5/Library/Java/JavaVirtualMachines/jdk1.8.0_151.jdk...
[2022-04-17 00:09:14] [PROGRESS] resolve files> Scanning /Users/zhuangpenghai/Downloads/micro_service_seclab-main/micro/working/copy-root/000001F5/Library/Java/JavaVirtualMachines/jdk1.8.0_151.jdk/Contents...
[2022-04-17 00:09:14] [PROGRESS] resolve files> Scanning /Users/zhuangpenghai/Downloads/micro_service_seclab-main/micro/working/copy-root/000001F5/Library/Java/JavaVirtualMachines/jdk1.8.0_151.jdk/Contents/Home...
[2022-04-17 00:09:14] [PROGRESS] resolve files> Scanning /Users/zhuangpenghai/Downloads/micro_service_seclab-main/micro/working/copy-root/000001F5/Library/Java/JavaVirtualMachines/jdk1.8.0_151.jdk/Contents/Home/jre...
[2022-04-17 00:09:14] [PROGRESS] resolve files> Scanning /Users/zhuangpenghai/Downloads/micro_service_seclab-main/micro/working/copy-root/000001F5/Library/Java/JavaVirtualMachines/jdk1.8.0_151.jdk/Contents/Home/jre/bin...
[2022-04-17 00:09:14] [PROGRESS] resolve files> Scanning /Users/zhuangpenghai/Downloads/micro_service_seclab-main/micro/working/copy-root/000001F5/Library/Java/JavaVirtualMachines/jdk1.8.0_151.jdk/Contents/Home/jre/lib...
[2022-04-17 00:09:14] [PROGRESS] resolve files> Scanning /Users/zhuangpenghai/Downloads/micro_service_seclab-main/micro/working/copy-root/000001F5/Library/Java/JavaVirtualMachines/jdk1.8.0_151.jdk/Contents/Home/bin...
[2022-04-17 00:09:14] [PROGRESS] resolve files> Scanning /Users/zhuangpenghai/Downloads/micro_service_seclab-main/micro/working/copy-root/000001F5/Users...
[2022-04-17 00:09:14] [PROGRESS] resolve files> Scanning /Users/zhuangpenghai/Downloads/micro_service_seclab-main/micro/working/copy-root/000001F5/Users/zhuangpenghai...
[2022-04-17 00:09:14] [PROGRESS] resolve files> Scanning /Users/zhuangpenghai/Downloads/micro_service_seclab-main/micro/working/copy-root/000001F5/Users/zhuangpenghai/codeql-home...
[2022-04-17 00:09:14] [PROGRESS] resolve files> Scanning /Users/zhuangpenghai/Downloads/micro_service_seclab-main/micro/working/copy-root/000001F5/Users/zhuangpenghai/codeql-home/codeql...
[2022-04-17 00:09:14] [PROGRESS] resolve files> Scanning /Users/zhuangpenghai/Downloads/micro_service_seclab-main/micro/working/copy-root/000001F5/Users/zhuangpenghai/codeql-home/codeql/java...
[2022-04-17 00:09:14] [PROGRESS] resolve files> Scanning /Users/zhuangpenghai/Downloads/micro_service_seclab-main/micro/working/copy-root/000001F5/Users/zhuangpenghai/codeql-home/codeql/java/tools...
[2022-04-17 00:09:14] [PROGRESS] resolve files> Scanning /Users/zhuangpenghai/Downloads/micro_service_seclab-main/micro/working/copy-root/000001F5/Users/zhuangpenghai/codeql-home/codeql/java/tools/macos...
[2022-04-17 00:09:14] [PROGRESS] resolve files> Scanning /Users/zhuangpenghai/Downloads/micro_service_seclab-main/micro/working/copy-root/000001F5/Users/zhuangpenghai/codeql-home/codeql/java/tools/macos/jdk-extractor-java...
[2022-04-17 00:09:14] [PROGRESS] resolve files> Scanning /Users/zhuangpenghai/Downloads/micro_service_seclab-main/micro/working/copy-root/000001F5/Users/zhuangpenghai/codeql-home/codeql/java/tools/macos/jdk-extractor-java/bin...
[2022-04-17 00:09:14] [PROGRESS] resolve files> Scanning /Users/zhuangpenghai/Downloads/micro_service_seclab-main/micro/working/tracing...
[2022-04-17 00:09:14] [PROGRESS] resolve files> Scanning /Users/zhuangpenghai/Downloads/micro_service_seclab-main/micro/trap...
[2022-04-17 00:09:14] [PROGRESS] resolve files> Scanning /Users/zhuangpenghai/Downloads/micro_service_seclab-main/micro/trap/java...
[2022-04-17 00:09:14] [PROGRESS] resolve files> Scanning /Users/zhuangpenghai/Downloads/micro_service_seclab-main/micro/trap/java/jars...
[2022-04-17 00:09:14] [PROGRESS] resolve files> Scanning /Users/zhuangpenghai/Downloads/micro_service_seclab-main/micro/trap/java/jars/Library...
[2022-04-17 00:09:14] [PROGRESS] resolve files> Scanning /Users/zhuangpenghai/Downloads/micro_service_seclab-main/micro/trap/java/jars/Library/Java...
[2022-04-17 00:09:14] [PROGRESS] resolve files> Scanning /Users/zhuangpenghai/Downloads/micro_service_seclab-main/micro/trap/java/jars/Library/Java/JavaVirtualMachines...
[2022-04-17 00:09:14] [PROGRESS] resolve files> Scanning /Users/zhuangpenghai/Downloads/micro_service_seclab-main/micro/trap/java/jars/Library/Java/JavaVirtualMachines/jdk1.8.0_151.jdk...
[2022-04-17 00:09:14] [PROGRESS] resolve files> Scanning /Users/zhuangpenghai/Downloads/micro_service_seclab-main/micro/trap/java/jars/Library/Java/JavaVirtualMachines/jdk1.8.0_151.jdk/Contents...
[2022-04-17 00:09:14] [PROGRESS] resolve files> Scanning /Users/zhuangpenghai/Downloads/micro_service_seclab-main/micro/trap/java/jars/Library/Java/JavaVirtualMachines/jdk1.8.0_151.jdk/Contents/Home...
[2022-04-17 00:09:14] [PROGRESS] resolve files> Scanning /Users/zhuangpenghai/Downloads/micro_service_seclab-main/micro/trap/java/jars/Library/Java/JavaVirtualMachines/jdk1.8.0_151.jdk/Contents/Home/jre...
[2022-04-17 00:09:14] [PROGRESS] resolve files> Scanning /Users/zhuangpenghai/Downloads/micro_service_seclab-main/micro/trap/java/jars/Library/Java/JavaVirtualMachines/jdk1.8.0_151.jdk/Contents/Home/jre/lib...
[2022-04-17 00:09:14] [PROGRESS] resolve files> Scanning /Users/zhuangpenghai/Downloads/micro_service_seclab-main/micro/trap/java/jars/Users...
[2022-04-17 00:09:14] [PROGRESS] resolve files> Scanning /Users/zhuangpenghai/Downloads/micro_service_seclab-main/micro/trap/java/jars/Users/zhuangpenghai...
[2022-04-17 00:09:14] [PROGRESS] resolve files> Scanning /Users/zhuangpenghai/Downloads/micro_service_seclab-main/micro/trap/java/jars/Users/zhuangpenghai/.m2...
[2022-04-17 00:09:14] [PROGRESS] resolve files> Scanning /Users/zhuangpenghai/Downloads/micro_service_seclab-main/micro/trap/java/jars/Users/zhuangpenghai/.m2/repository...
[2022-04-17 00:09:14] [PROGRESS] resolve files> Scanning /Users/zhuangpenghai/Downloads/micro_service_seclab-main/micro/trap/java/jars/Users/zhuangpenghai/.m2/repository/org...
[2022-04-17 00:09:14] [PROGRESS] resolve files> Scanning /Users/zhuangpenghai/Downloads/micro_service_seclab-main/micro/trap/java/jars/Users/zhuangpenghai/.m2/repository/org/mybatis...
[2022-04-17 00:09:14] [PROGRESS] resolve files> Scanning /Users/zhuangpenghai/Downloads/micro_service_seclab-main/micro/trap/java/jars/Users/zhuangpenghai/.m2/repository/org/mybatis/mybatis...
[2022-04-17 00:09:14] [PROGRESS] resolve files> Scanning /Users/zhuangpenghai/Downloads/micro_service_seclab-main/micro/trap/java/jars/Users/zhuangpenghai/.m2/repository/org/mybatis/mybatis/3.4.6...
[2022-04-17 00:09:14] [PROGRESS] resolve files> Scanning /Users/zhuangpenghai/Downloads/micro_service_seclab-main/micro/trap/java/jars/Users/zhuangpenghai/.m2/repository/org/junit...
[2022-04-17 00:09:14] [PROGRESS] resolve files> Scanning /Users/zhuangpenghai/Downloads/micro_service_seclab-main/micro/trap/java/jars/Users/zhuangpenghai/.m2/repository/org/junit/platform...
[2022-04-17 00:09:14] [PROGRESS] resolve files> Scanning /Users/zhuangpenghai/Downloads/micro_service_seclab-main/micro/trap/java/jars/Users/zhuangpenghai/.m2/repository/org/junit/platform/junit-platform-commons...
[2022-04-17 00:09:14] [PROGRESS] resolve files> Scanning /Users/zhuangpenghai/Downloads/micro_service_seclab-main/micro/trap/java/jars/Users/zhuangpenghai/.m2/repository/org/junit/platform/junit-platform-commons/1.7.2...
[2022-04-17 00:09:14] [PROGRESS] resolve files> Scanning /Users/zhuangpenghai/Downloads/micro_service_seclab-main/micro/trap/java/jars/Users/zhuangpenghai/.m2/repository/org/junit/jupiter...
[2022-04-17 00:09:14] [PROGRESS] resolve files> Scanning /Users/zhuangpenghai/Downloads/micro_service_seclab-main/micro/trap/java/jars/Users/zhuangpenghai/.m2/repository/org/junit/jupiter/junit-jupiter-api...
[2022-04-17 00:09:14] [PROGRESS] resolve files> Scanning /Users/zhuangpenghai/Downloads/micro_service_seclab-main/micro/trap/java/jars/Users/zhuangpenghai/.m2/repository/org/junit/jupiter/junit-jupiter-api/5.7.2...
[2022-04-17 00:09:14] [PROGRESS] resolve files> Scanning /Users/zhuangpenghai/Downloads/micro_service_seclab-main/micro/trap/java/jars/Users/zhuangpenghai/.m2/repository/org/apiguardian...
[2022-04-17 00:09:14] [PROGRESS] resolve files> Scanning /Users/zhuangpenghai/Downloads/micro_service_seclab-main/micro/trap/java/jars/Users/zhuangpenghai/.m2/repository/org/apiguardian/apiguardian-api...
[2022-04-17 00:09:14] [PROGRESS] resolve files> Scanning /Users/zhuangpenghai/Downloads/micro_service_seclab-main/micro/trap/java/jars/Users/zhuangpenghai/.m2/repository/org/apiguardian/apiguardian-api/1.1.0...
[2022-04-17 00:09:14] [PROGRESS] resolve files> Scanning /Users/zhuangpenghai/Downloads/micro_service_seclab-main/micro/trap/java/jars/Users/zhuangpenghai/.m2/repository/org/springframework...
[2022-04-17 00:09:14] [PROGRESS] resolve files> Scanning /Users/zhuangpenghai/Downloads/micro_service_seclab-main/micro/trap/java/jars/Users/zhuangpenghai/.m2/repository/org/springframework/boot...
[2022-04-17 00:09:14] [PROGRESS] resolve files> Scanning /Users/zhuangpenghai/Downloads/micro_service_seclab-main/micro/trap/java/jars/Users/zhuangpenghai/.m2/repository/org/springframework/boot/spring-boot-test...
[2022-04-17 00:09:14] [PROGRESS] resolve files> Scanning /Users/zhuangpenghai/Downloads/micro_service_seclab-main/micro/trap/java/jars/Users/zhuangpenghai/.m2/repository/org/springframework/boot/spring-boot-test/2.5.3...
[2022-04-17 00:09:14] [PROGRESS] resolve files> Scanning /Users/zhuangpenghai/Downloads/micro_service_seclab-main/micro/trap/java/jars/Users/zhuangpenghai/.m2/repository/org/springframework/boot/spring-boot-autoconfigure...
[2022-04-17 00:09:14] [PROGRESS] resolve files> Scanning /Users/zhuangpenghai/Downloads/micro_service_seclab-main/micro/trap/java/jars/Users/zhuangpenghai/.m2/repository/org/springframework/boot/spring-boot-autoconfigure/2.5.3...
[2022-04-17 00:09:14] [PROGRESS] resolve files> Scanning /Users/zhuangpenghai/Downloads/micro_service_seclab-main/micro/trap/java/jars/Users/zhuangpenghai/.m2/repository/org/springframework/boot/spring-boot...
[2022-04-17 00:09:14] [PROGRESS] resolve files> Scanning /Users/zhuangpenghai/Downloads/micro_service_seclab-main/micro/trap/java/jars/Users/zhuangpenghai/.m2/repository/org/springframework/boot/spring-boot/2.5.3...
[2022-04-17 00:09:14] [PROGRESS] resolve files> Scanning /Users/zhuangpenghai/Downloads/micro_service_seclab-main/micro/trap/java/jars/Users/zhuangpenghai/.m2/repository/org/springframework/spring-jdbc...
[2022-04-17 00:09:14] [PROGRESS] resolve files> Scanning /Users/zhuangpenghai/Downloads/micro_service_seclab-main/micro/trap/java/jars/Users/zhuangpenghai/.m2/repository/org/springframework/spring-jdbc/5.3.9...
[2022-04-17 00:09:14] [PROGRESS] resolve files> Scanning /Users/zhuangpenghai/Downloads/micro_service_seclab-main/micro/trap/java/jars/Users/zhuangpenghai/.m2/repository/org/springframework/spring-tx...
[2022-04-17 00:09:14] [PROGRESS] resolve files> Scanning /Users/zhuangpenghai/Downloads/micro_service_seclab-main/micro/trap/java/jars/Users/zhuangpenghai/.m2/repository/org/springframework/spring-tx/5.3.9...
[2022-04-17 00:09:14] [PROGRESS] resolve files> Scanning /Users/zhuangpenghai/Downloads/micro_service_seclab-main/micro/trap/java/jars/Users/zhuangpenghai/.m2/repository/org/springframework/spring-web...
[2022-04-17 00:09:14] [PROGRESS] resolve files> Scanning /Users/zhuangpenghai/Downloads/micro_service_seclab-main/micro/trap/java/jars/Users/zhuangpenghai/.m2/repository/org/springframework/spring-web/5.3.9...
[2022-04-17 00:09:14] [PROGRESS] resolve files> Scanning /Users/zhuangpenghai/Downloads/micro_service_seclab-main/micro/trap/java/jars/Users/zhuangpenghai/.m2/repository/org/springframework/spring-jcl...
[2022-04-17 00:09:14] [PROGRESS] resolve files> Scanning /Users/zhuangpenghai/Downloads/micro_service_seclab-main/micro/trap/java/jars/Users/zhuangpenghai/.m2/repository/org/springframework/spring-jcl/5.3.9...
[2022-04-17 00:09:14] [PROGRESS] resolve files> Scanning /Users/zhuangpenghai/Downloads/micro_service_seclab-main/micro/trap/java/jars/Users/zhuangpenghai/.m2/repository/org/springframework/data...
[2022-04-17 00:09:14] [PROGRESS] resolve files> Scanning /Users/zhuangpenghai/Downloads/micro_service_seclab-main/micro/trap/java/jars/Users/zhuangpenghai/.m2/repository/org/springframework/data/spring-data-jpa...
[2022-04-17 00:09:14] [PROGRESS] resolve files> Scanning /Users/zhuangpenghai/Downloads/micro_service_seclab-main/micro/trap/java/jars/Users/zhuangpenghai/.m2/repository/org/springframework/data/spring-data-jpa/2.5.3...
[2022-04-17 00:09:14] [PROGRESS] resolve files> Scanning /Users/zhuangpenghai/Downloads/micro_service_seclab-main/micro/trap/java/jars/Users/zhuangpenghai/.m2/repository/org/springframework/data/spring-data-commons...
[2022-04-17 00:09:14] [PROGRESS] resolve files> Scanning /Users/zhuangpenghai/Downloads/micro_service_seclab-main/micro/trap/java/jars/Users/zhuangpenghai/.m2/repository/org/springframework/data/spring-data-commons/2.5.3...
[2022-04-17 00:09:14] [PROGRESS] resolve files> Scanning /Users/zhuangpenghai/Downloads/micro_service_seclab-main/micro/trap/java/jars/Users/zhuangpenghai/.m2/repository/org/springframework/spring-test...
[2022-04-17 00:09:14] [PROGRESS] resolve files> Scanning /Users/zhuangpenghai/Downloads/micro_service_seclab-main/micro/trap/java/jars/Users/zhuangpenghai/.m2/repository/org/springframework/spring-test/5.3.9...
[2022-04-17 00:09:14] [PROGRESS] resolve files> Scanning /Users/zhuangpenghai/Downloads/micro_service_seclab-main/micro/trap/java/jars/Users/zhuangpenghai/.m2/repository/org/springframework/spring-context...
[2022-04-17 00:09:14] [PROGRESS] resolve files> Scanning /Users/zhuangpenghai/Downloads/micro_service_seclab-main/micro/trap/java/jars/Users/zhuangpenghai/.m2/repository/org/springframework/spring-context/5.3.9...
[2022-04-17 00:09:14] [PROGRESS] resolve files> Scanning /Users/zhuangpenghai/Downloads/micro_service_seclab-main/micro/trap/java/jars/Users/zhuangpenghai/.m2/repository/org/springframework/spring-beans...
[2022-04-17 00:09:14] [PROGRESS] resolve files> Scanning /Users/zhuangpenghai/Downloads/micro_service_seclab-main/micro/trap/java/jars/Users/zhuangpenghai/.m2/repository/org/springframework/spring-beans/5.3.9...
[2022-04-17 00:09:14] [PROGRESS] resolve files> Scanning /Users/zhuangpenghai/Downloads/micro_service_seclab-main/micro/trap/java/jars/Users/zhuangpenghai/.m2/repository/org/springframework/spring-core...
[2022-04-17 00:09:14] [PROGRESS] resolve files> Scanning /Users/zhuangpenghai/Downloads/micro_service_seclab-main/micro/trap/java/jars/Users/zhuangpenghai/.m2/repository/org/springframework/spring-core/5.3.9...
[2022-04-17 00:09:14] [PROGRESS] resolve files> Scanning /Users/zhuangpenghai/Downloads/micro_service_seclab-main/micro/trap/java/jars/Users/zhuangpenghai/.m2/repository/org/apache...
[2022-04-17 00:09:14] [PROGRESS] resolve files> Scanning /Users/zhuangpenghai/Downloads/micro_service_seclab-main/micro/trap/java/jars/Users/zhuangpenghai/.m2/repository/org/apache/httpcomponents...
[2022-04-17 00:09:14] [PROGRESS] resolve files> Scanning /Users/zhuangpenghai/Downloads/micro_service_seclab-main/micro/trap/java/jars/Users/zhuangpenghai/.m2/repository/org/apache/httpcomponents/httpcore...
[2022-04-17 00:09:14] [PROGRESS] resolve files> Scanning /Users/zhuangpenghai/Downloads/micro_service_seclab-main/micro/trap/java/jars/Users/zhuangpenghai/.m2/repository/org/apache/httpcomponents/httpcore/4.4.14...
[2022-04-17 00:09:14] [PROGRESS] resolve files> Scanning /Users/zhuangpenghai/Downloads/micro_service_seclab-main/micro/trap/java/jars/Users/zhuangpenghai/.m2/repository/org/apache/httpcomponents/httpclient...
[2022-04-17 00:09:14] [PROGRESS] resolve files> Scanning /Users/zhuangpenghai/Downloads/micro_service_seclab-main/micro/trap/java/jars/Users/zhuangpenghai/.m2/repository/org/apache/httpcomponents/httpclient/4.5.13...
[2022-04-17 00:09:14] [PROGRESS] resolve files> Scanning /Users/zhuangpenghai/Downloads/micro_service_seclab-main/micro/trap/java/jars/Users/zhuangpenghai/.m2/repository/org/apache/httpcomponents/fluent-hc...
[2022-04-17 00:09:14] [PROGRESS] resolve files> Scanning /Users/zhuangpenghai/Downloads/micro_service_seclab-main/micro/trap/java/jars/Users/zhuangpenghai/.m2/repository/org/apache/httpcomponents/fluent-hc/4.5.13...
[2022-04-17 00:09:14] [PROGRESS] resolve files> Scanning /Users/zhuangpenghai/Downloads/micro_service_seclab-main/micro/trap/java/jars/Users/zhuangpenghai/.m2/repository/org/apache/tomcat...
[2022-04-17 00:09:14] [PROGRESS] resolve files> Scanning /Users/zhuangpenghai/Downloads/micro_service_seclab-main/micro/trap/java/jars/Users/zhuangpenghai/.m2/repository/org/apache/tomcat/embed...
[2022-04-17 00:09:14] [PROGRESS] resolve files> Scanning /Users/zhuangpenghai/Downloads/micro_service_seclab-main/micro/trap/java/jars/Users/zhuangpenghai/.m2/repository/org/apache/tomcat/embed/tomcat-embed-core...
[2022-04-17 00:09:14] [PROGRESS] resolve files> Scanning /Users/zhuangpenghai/Downloads/micro_service_seclab-main/micro/trap/java/jars/Users/zhuangpenghai/.m2/repository/org/apache/tomcat/embed/tomcat-embed-core/9.0.50...
[2022-04-17 00:09:14] [PROGRESS] resolve files> Scanning /Users/zhuangpenghai/Downloads/micro_service_seclab-main/micro/trap/java/jars/Users/zhuangpenghai/.m2/repository/org/apache/commons...
[2022-04-17 00:09:14] [PROGRESS] resolve files> Scanning /Users/zhuangpenghai/Downloads/micro_service_seclab-main/micro/trap/java/jars/Users/zhuangpenghai/.m2/repository/org/apache/commons/commons-lang3...
[2022-04-17 00:09:14] [PROGRESS] resolve files> Scanning /Users/zhuangpenghai/Downloads/micro_service_seclab-main/micro/trap/java/jars/Users/zhuangpenghai/.m2/repository/org/apache/commons/commons-lang3/3.8.1...
[2022-04-17 00:09:14] [PROGRESS] resolve files> Scanning /Users/zhuangpenghai/Downloads/micro_service_seclab-main/micro/trap/java/jars/Users/zhuangpenghai/.m2/repository/jakarta...
[2022-04-17 00:09:14] [PROGRESS] resolve files> Scanning /Users/zhuangpenghai/Downloads/micro_service_seclab-main/micro/trap/java/jars/Users/zhuangpenghai/.m2/repository/jakarta/persistence...
[2022-04-17 00:09:14] [PROGRESS] resolve files> Scanning /Users/zhuangpenghai/Downloads/micro_service_seclab-main/micro/trap/java/jars/Users/zhuangpenghai/.m2/repository/jakarta/persistence/jakarta.persistence-api...
[2022-04-17 00:09:14] [PROGRESS] resolve files> Scanning /Users/zhuangpenghai/Downloads/micro_service_seclab-main/micro/trap/java/jars/Users/zhuangpenghai/.m2/repository/jakarta/persistence/jakarta.persistence-api/2.2.3...
[2022-04-17 00:09:14] [PROGRESS] resolve files> Scanning /Users/zhuangpenghai/Downloads/micro_service_seclab-main/micro/trap/java/jars/Users/zhuangpenghai/.m2/repository/com...
[2022-04-17 00:09:14] [PROGRESS] resolve files> Scanning /Users/zhuangpenghai/Downloads/micro_service_seclab-main/micro/trap/java/jars/Users/zhuangpenghai/.m2/repository/com/squareup...
[2022-04-17 00:09:14] [PROGRESS] resolve files> Scanning /Users/zhuangpenghai/Downloads/micro_service_seclab-main/micro/trap/java/jars/Users/zhuangpenghai/.m2/repository/com/squareup/okio...
[2022-04-17 00:09:14] [PROGRESS] resolve files> Scanning /Users/zhuangpenghai/Downloads/micro_service_seclab-main/micro/trap/java/jars/Users/zhuangpenghai/.m2/repository/com/squareup/okio/okio...
[2022-04-17 00:09:14] [PROGRESS] resolve files> Scanning /Users/zhuangpenghai/Downloads/micro_service_seclab-main/micro/trap/java/jars/Users/zhuangpenghai/.m2/repository/com/squareup/okio/okio/1.6.0...
[2022-04-17 00:09:14] [PROGRESS] resolve files> Scanning /Users/zhuangpenghai/Downloads/micro_service_seclab-main/micro/trap/java/jars/Users/zhuangpenghai/.m2/repository/com/squareup/okhttp...
[2022-04-17 00:09:14] [PROGRESS] resolve files> Scanning /Users/zhuangpenghai/Downloads/micro_service_seclab-main/micro/trap/java/jars/Users/zhuangpenghai/.m2/repository/com/squareup/okhttp/okhttp...
[2022-04-17 00:09:14] [PROGRESS] resolve files> Scanning /Users/zhuangpenghai/Downloads/micro_service_seclab-main/micro/trap/java/jars/Users/zhuangpenghai/.m2/repository/com/squareup/okhttp/okhttp/2.7.5...
[2022-04-17 00:09:14] [PROGRESS] resolve files> Scanning /Users/zhuangpenghai/Downloads/micro_service_seclab-main/micro/trap/java/jars/Users/zhuangpenghai/.m2/repository/com/google...
[2022-04-17 00:09:14] [PROGRESS] resolve files> Scanning /Users/zhuangpenghai/Downloads/micro_service_seclab-main/micro/trap/java/jars/Users/zhuangpenghai/.m2/repository/com/google/guava...
[2022-04-17 00:09:14] [PROGRESS] resolve files> Scanning /Users/zhuangpenghai/Downloads/micro_service_seclab-main/micro/trap/java/jars/Users/zhuangpenghai/.m2/repository/com/google/guava/guava...
[2022-04-17 00:09:14] [PROGRESS] resolve files> Scanning /Users/zhuangpenghai/Downloads/micro_service_seclab-main/micro/trap/java/jars/Users/zhuangpenghai/.m2/repository/com/google/guava/guava/18.0...
[2022-04-17 00:09:14] [PROGRESS] resolve files> Scanning /Users/zhuangpenghai/Downloads/micro_service_seclab-main/micro/trap/java/jars/Users/zhuangpenghai/.m2/repository/com/alibaba...
[2022-04-17 00:09:14] [PROGRESS] resolve files> Scanning /Users/zhuangpenghai/Downloads/micro_service_seclab-main/micro/trap/java/jars/Users/zhuangpenghai/.m2/repository/com/alibaba/fastjson...
[2022-04-17 00:09:14] [PROGRESS] resolve files> Scanning /Users/zhuangpenghai/Downloads/micro_service_seclab-main/micro/trap/java/jars/Users/zhuangpenghai/.m2/repository/com/alibaba/fastjson/1.2.31...
[2022-04-17 00:09:14] [PROGRESS] resolve files> Scanning /Users/zhuangpenghai/Downloads/micro_service_seclab-main/micro/trap/java/classes...
[2022-04-17 00:09:14] [PROGRESS] resolve files> Scanning /Users/zhuangpenghai/Downloads/micro_service_seclab-main/micro/trap/java/classes/sun...
[2022-04-17 00:09:14] [PROGRESS] resolve files> Scanning /Users/zhuangpenghai/Downloads/micro_service_seclab-main/micro/trap/java/classes/sun/misc...
[2022-04-17 00:09:14] [PROGRESS] resolve files> Scanning /Users/zhuangpenghai/Downloads/micro_service_seclab-main/micro/trap/java/classes/sun/util...
[2022-04-17 00:09:14] [PROGRESS] resolve files> Scanning /Users/zhuangpenghai/Downloads/micro_service_seclab-main/micro/trap/java/classes/sun/util/locale...
[2022-04-17 00:09:14] [PROGRESS] resolve files> Scanning /Users/zhuangpenghai/Downloads/micro_service_seclab-main/micro/trap/java/classes/sun/security...
[2022-04-17 00:09:14] [PROGRESS] resolve files> Scanning /Users/zhuangpenghai/Downloads/micro_service_seclab-main/micro/trap/java/classes/sun/security/util...
[2022-04-17 00:09:14] [PROGRESS] resolve files> Scanning /Users/zhuangpenghai/Downloads/micro_service_seclab-main/micro/trap/java/classes/sun/invoke...
[2022-04-17 00:09:14] [PROGRESS] resolve files> Scanning /Users/zhuangpenghai/Downloads/micro_service_seclab-main/micro/trap/java/classes/sun/invoke/empty...
[2022-04-17 00:09:14] [PROGRESS] resolve files> Scanning /Users/zhuangpenghai/Downloads/micro_service_seclab-main/micro/trap/java/classes/sun/invoke/util...
[2022-04-17 00:09:14] [PROGRESS] resolve files> Scanning /Users/zhuangpenghai/Downloads/micro_service_seclab-main/micro/trap/java/classes/sun/reflect...
[2022-04-17 00:09:14] [PROGRESS] resolve files> Scanning /Users/zhuangpenghai/Downloads/micro_service_seclab-main/micro/trap/java/classes/sun/reflect/generics...
[2022-04-17 00:09:14] [PROGRESS] resolve files> Scanning /Users/zhuangpenghai/Downloads/micro_service_seclab-main/micro/trap/java/classes/sun/reflect/generics/tree...
[2022-04-17 00:09:14] [PROGRESS] resolve files> Scanning /Users/zhuangpenghai/Downloads/micro_service_seclab-main/micro/trap/java/classes/sun/reflect/generics/repository...
[2022-04-17 00:09:14] [PROGRESS] resolve files> Scanning /Users/zhuangpenghai/Downloads/micro_service_seclab-main/micro/trap/java/classes/sun/reflect/generics/visitor...
[2022-04-17 00:09:14] [PROGRESS] resolve files> Scanning /Users/zhuangpenghai/Downloads/micro_service_seclab-main/micro/trap/java/classes/sun/reflect/generics/factory...
[2022-04-17 00:09:14] [PROGRESS] resolve files> Scanning /Users/zhuangpenghai/Downloads/micro_service_seclab-main/micro/trap/java/classes/sun/reflect/annotation...
[2022-04-17 00:09:14] [PROGRESS] resolve files> Scanning /Users/zhuangpenghai/Downloads/micro_service_seclab-main/micro/trap/java/classes/sun/java2d...
[2022-04-17 00:09:14] [PROGRESS] resolve files> Scanning /Users/zhuangpenghai/Downloads/micro_service_seclab-main/micro/trap/java/classes/sun/java2d/cmm...
[2022-04-17 00:09:14] [PROGRESS] resolve files> Scanning /Users/zhuangpenghai/Downloads/micro_service_seclab-main/micro/trap/java/classes/sun/java2d/pipe...
[2022-04-17 00:09:14] [PROGRESS] resolve files> Scanning /Users/zhuangpenghai/Downloads/micro_service_seclab-main/micro/trap/java/classes/sun/java2d/loops...
[2022-04-17 00:09:14] [PROGRESS] resolve files> Scanning /Users/zhuangpenghai/Downloads/micro_service_seclab-main/micro/trap/java/classes/sun/nio...
[2022-04-17 00:09:14] [PROGRESS] resolve files> Scanning /Users/zhuangpenghai/Downloads/micro_service_seclab-main/micro/trap/java/classes/sun/nio/ch...
[2022-04-17 00:09:14] [PROGRESS] resolve files> Scanning /Users/zhuangpenghai/Downloads/micro_service_seclab-main/micro/trap/java/classes/sun/awt...
[2022-04-17 00:09:14] [PROGRESS] resolve files> Scanning /Users/zhuangpenghai/Downloads/micro_service_seclab-main/micro/trap/java/classes/sun/awt/util...
[2022-04-17 00:09:14] [PROGRESS] resolve files> Scanning /Users/zhuangpenghai/Downloads/micro_service_seclab-main/micro/trap/java/classes/sun/awt/image...
[2022-04-17 00:09:14] [PROGRESS] resolve files> Scanning /Users/zhuangpenghai/Downloads/micro_service_seclab-main/micro/trap/java/classes/sun/awt/geom...
[2022-04-17 00:09:14] [PROGRESS] resolve files> Scanning /Users/zhuangpenghai/Downloads/micro_service_seclab-main/micro/trap/java/classes/sun/font...
[2022-04-17 00:09:14] [PROGRESS] resolve files> Scanning /Users/zhuangpenghai/Downloads/micro_service_seclab-main/micro/trap/java/classes/okio...
[2022-04-17 00:09:14] [PROGRESS] resolve files> Scanning /Users/zhuangpenghai/Downloads/micro_service_seclab-main/micro/trap/java/classes/org...
[2022-04-17 00:09:14] [PROGRESS] resolve files> Scanning /Users/zhuangpenghai/Downloads/micro_service_seclab-main/micro/trap/java/classes/org/w3c...
[2022-04-17 00:09:14] [PROGRESS] resolve files> Scanning /Users/zhuangpenghai/Downloads/micro_service_seclab-main/micro/trap/java/classes/org/w3c/dom...
[2022-04-17 00:09:14] [PROGRESS] resolve files> Scanning /Users/zhuangpenghai/Downloads/micro_service_seclab-main/micro/trap/java/classes/org/w3c/dom/ls...
[2022-04-17 00:09:14] [PROGRESS] resolve files> Scanning /Users/zhuangpenghai/Downloads/micro_service_seclab-main/micro/trap/java/classes/org/junit...
[2022-04-17 00:09:14] [PROGRESS] resolve files> Scanning /Users/zhuangpenghai/Downloads/micro_service_seclab-main/micro/trap/java/classes/org/junit/platform...
[2022-04-17 00:09:14] [PROGRESS] resolve files> Scanning /Users/zhuangpenghai/Downloads/micro_service_seclab-main/micro/trap/java/classes/org/junit/platform/commons...
[2022-04-17 00:09:14] [PROGRESS] resolve files> Scanning /Users/zhuangpenghai/Downloads/micro_service_seclab-main/micro/trap/java/classes/org/junit/platform/commons/annotation...
[2022-04-17 00:09:14] [PROGRESS] resolve files> Scanning /Users/zhuangpenghai/Downloads/micro_service_seclab-main/micro/trap/java/classes/org/junit/jupiter...
[2022-04-17 00:09:14] [PROGRESS] resolve files> Scanning /Users/zhuangpenghai/Downloads/micro_service_seclab-main/micro/trap/java/classes/org/junit/jupiter/api...
[2022-04-17 00:09:14] [PROGRESS] resolve files> Scanning /Users/zhuangpenghai/Downloads/micro_service_seclab-main/micro/trap/java/classes/org/junit/jupiter/api/extension...
[2022-04-17 00:09:14] [PROGRESS] resolve files> Scanning /Users/zhuangpenghai/Downloads/micro_service_seclab-main/micro/trap/java/classes/org/xml...
[2022-04-17 00:09:14] [PROGRESS] resolve files> Scanning /Users/zhuangpenghai/Downloads/micro_service_seclab-main/micro/trap/java/classes/org/xml/sax...
[2022-04-17 00:09:14] [PROGRESS] resolve files> Scanning /Users/zhuangpenghai/Downloads/micro_service_seclab-main/micro/trap/java/classes/org/apiguardian...
[2022-04-17 00:09:14] [PROGRESS] resolve files> Scanning /Users/zhuangpenghai/Downloads/micro_service_seclab-main/micro/trap/java/classes/org/apiguardian/api...
[2022-04-17 00:09:14] [PROGRESS] resolve files> Scanning /Users/zhuangpenghai/Downloads/micro_service_seclab-main/micro/trap/java/classes/org/springframework...
[2022-04-17 00:09:14] [PROGRESS] resolve files> Scanning /Users/zhuangpenghai/Downloads/micro_service_seclab-main/micro/trap/java/classes/org/springframework/context...
[2022-04-17 00:09:14] [PROGRESS] resolve files> Scanning /Users/zhuangpenghai/Downloads/micro_service_seclab-main/micro/trap/java/classes/org/springframework/context/annotation...
[2022-04-17 00:09:14] [PROGRESS] resolve files> Scanning /Users/zhuangpenghai/Downloads/micro_service_seclab-main/micro/trap/java/classes/org/springframework/core...
[2022-04-17 00:09:14] [PROGRESS] resolve files> Scanning /Users/zhuangpenghai/Downloads/micro_service_seclab-main/micro/trap/java/classes/org/springframework/core/metrics...
[2022-04-17 00:09:14] [PROGRESS] resolve files> Scanning /Users/zhuangpenghai/Downloads/micro_service_seclab-main/micro/trap/java/classes/org/springframework/core/io...
[2022-04-17 00:09:14] [PROGRESS] resolve files> Scanning /Users/zhuangpenghai/Downloads/micro_service_seclab-main/micro/trap/java/classes/org/springframework/core/io/support...
[2022-04-17 00:09:14] [PROGRESS] resolve files> Scanning /Users/zhuangpenghai/Downloads/micro_service_seclab-main/micro/trap/java/classes/org/springframework/core/annotation...
[2022-04-17 00:09:14] [PROGRESS] resolve files> Scanning /Users/zhuangpenghai/Downloads/micro_service_seclab-main/micro/trap/java/classes/org/springframework/core/env...
[2022-04-17 00:09:14] [PROGRESS] resolve files> Scanning /Users/zhuangpenghai/Downloads/micro_service_seclab-main/micro/trap/java/classes/org/springframework/core/type...
[2022-04-17 00:09:14] [PROGRESS] resolve files> Scanning /Users/zhuangpenghai/Downloads/micro_service_seclab-main/micro/trap/java/classes/org/springframework/core/type/classreading...
[2022-04-17 00:09:14] [PROGRESS] resolve files> Scanning /Users/zhuangpenghai/Downloads/micro_service_seclab-main/micro/trap/java/classes/org/springframework/core/type/filter...
[2022-04-17 00:09:14] [PROGRESS] resolve files> Scanning /Users/zhuangpenghai/Downloads/micro_service_seclab-main/micro/trap/java/classes/org/springframework/core/convert...
[2022-04-17 00:09:14] [PROGRESS] resolve files> Scanning /Users/zhuangpenghai/Downloads/micro_service_seclab-main/micro/trap/java/classes/org/springframework/core/convert/converter...
[2022-04-17 00:09:14] [PROGRESS] resolve files> Scanning /Users/zhuangpenghai/Downloads/micro_service_seclab-main/micro/trap/java/classes/org/springframework/core/convert/support...
[2022-04-17 00:09:14] [PROGRESS] resolve files> Scanning /Users/zhuangpenghai/Downloads/micro_service_seclab-main/micro/trap/java/classes/org/springframework/boot...
[2022-04-17 00:09:14] [PROGRESS] resolve files> Scanning /Users/zhuangpenghai/Downloads/micro_service_seclab-main/micro/trap/java/classes/org/springframework/boot/context...
[2022-04-17 00:09:14] [PROGRESS] resolve files> Scanning /Users/zhuangpenghai/Downloads/micro_service_seclab-main/micro/trap/java/classes/org/springframework/boot/context/annotation...
[2022-04-17 00:09:14] [PROGRESS] resolve files> Scanning /Users/zhuangpenghai/Downloads/micro_service_seclab-main/micro/trap/java/classes/org/springframework/boot/test...
[2022-04-17 00:09:14] [PROGRESS] resolve files> Scanning /Users/zhuangpenghai/Downloads/micro_service_seclab-main/micro/trap/java/classes/org/springframework/boot/test/context...
[2022-04-17 00:09:14] [PROGRESS] resolve files> Scanning /Users/zhuangpenghai/Downloads/micro_service_seclab-main/micro/trap/java/classes/org/springframework/boot/autoconfigure...
[2022-04-17 00:09:14] [PROGRESS] resolve files> Scanning /Users/zhuangpenghai/Downloads/micro_service_seclab-main/micro/trap/java/classes/org/springframework/test...
[2022-04-17 00:09:14] [PROGRESS] resolve files> Scanning /Users/zhuangpenghai/Downloads/micro_service_seclab-main/micro/trap/java/classes/org/springframework/test/context...
[2022-04-17 00:09:14] [PROGRESS] resolve files> Scanning /Users/zhuangpenghai/Downloads/micro_service_seclab-main/micro/trap/java/classes/org/springframework/test/context/junit...
[2022-04-17 00:09:14] [PROGRESS] resolve files> Scanning /Users/zhuangpenghai/Downloads/micro_service_seclab-main/micro/trap/java/classes/org/springframework/test/context/junit/jupiter...
[2022-04-17 00:09:14] [PROGRESS] resolve files> Scanning /Users/zhuangpenghai/Downloads/micro_service_seclab-main/micro/trap/java/classes/org/springframework/test/context/support...
[2022-04-17 00:09:14] [PROGRESS] resolve files> Scanning /Users/zhuangpenghai/Downloads/micro_service_seclab-main/micro/trap/java/classes/org/springframework/test/annotation...
[2022-04-17 00:09:14] [PROGRESS] resolve files> Scanning /Users/zhuangpenghai/Downloads/micro_service_seclab-main/micro/trap/java/classes/org/springframework/util...
[2022-04-17 00:09:14] [PROGRESS] resolve files> Scanning /Users/zhuangpenghai/Downloads/micro_service_seclab-main/micro/trap/java/classes/org/springframework/web...
[2022-04-17 00:09:14] [PROGRESS] resolve files> Scanning /Users/zhuangpenghai/Downloads/micro_service_seclab-main/micro/trap/java/classes/org/springframework/web/bind...
[2022-04-17 00:09:14] [PROGRESS] resolve files> Scanning /Users/zhuangpenghai/Downloads/micro_service_seclab-main/micro/trap/java/classes/org/springframework/web/bind/annotation...
[2022-04-17 00:09:14] [PROGRESS] resolve files> Scanning /Users/zhuangpenghai/Downloads/micro_service_seclab-main/micro/trap/java/classes/org/springframework/dao...
[2022-04-17 00:09:14] [PROGRESS] resolve files> Scanning /Users/zhuangpenghai/Downloads/micro_service_seclab-main/micro/trap/java/classes/org/springframework/stereotype...
[2022-04-17 00:09:14] [PROGRESS] resolve files> Scanning /Users/zhuangpenghai/Downloads/micro_service_seclab-main/micro/trap/java/classes/org/springframework/jdbc...
[2022-04-17 00:09:14] [PROGRESS] resolve files> Scanning /Users/zhuangpenghai/Downloads/micro_service_seclab-main/micro/trap/java/classes/org/springframework/jdbc/core...
[2022-04-17 00:09:14] [PROGRESS] resolve files> Scanning /Users/zhuangpenghai/Downloads/micro_service_seclab-main/micro/trap/java/classes/org/springframework/jdbc/support...
[2022-04-17 00:09:14] [PROGRESS] resolve files> Scanning /Users/zhuangpenghai/Downloads/micro_service_seclab-main/micro/trap/java/classes/org/springframework/jdbc/support/rowset...
[2022-04-17 00:09:14] [PROGRESS] resolve files> Scanning /Users/zhuangpenghai/Downloads/micro_service_seclab-main/micro/trap/java/classes/org/springframework/lang...
[2022-04-17 00:09:14] [PROGRESS] resolve files> Scanning /Users/zhuangpenghai/Downloads/micro_service_seclab-main/micro/trap/java/classes/org/springframework/beans...
[2022-04-17 00:09:14] [PROGRESS] resolve files> Scanning /Users/zhuangpenghai/Downloads/micro_service_seclab-main/micro/trap/java/classes/org/springframework/beans/factory...
[2022-04-17 00:09:14] [PROGRESS] resolve files> Scanning /Users/zhuangpenghai/Downloads/micro_service_seclab-main/micro/trap/java/classes/org/springframework/beans/factory/config...
[2022-04-17 00:09:14] [PROGRESS] resolve files> Scanning /Users/zhuangpenghai/Downloads/micro_service_seclab-main/micro/trap/java/classes/org/springframework/beans/factory/annotation...
[2022-04-17 00:09:14] [PROGRESS] resolve files> Scanning /Users/zhuangpenghai/Downloads/micro_service_seclab-main/micro/trap/java/classes/org/springframework/beans/factory/support...
[2022-04-17 00:09:14] [PROGRESS] resolve files> Scanning /Users/zhuangpenghai/Downloads/micro_service_seclab-main/micro/trap/java/classes/org/springframework/data...
[2022-04-17 00:09:14] [PROGRESS] resolve files> Scanning /Users/zhuangpenghai/Downloads/micro_service_seclab-main/micro/trap/java/classes/org/springframework/data/repository...
[2022-04-17 00:09:14] [PROGRESS] resolve files> Scanning /Users/zhuangpenghai/Downloads/micro_service_seclab-main/micro/trap/java/classes/org/springframework/data/repository/query...
[2022-04-17 00:09:14] [PROGRESS] resolve files> Scanning /Users/zhuangpenghai/Downloads/micro_service_seclab-main/micro/trap/java/classes/org/springframework/data/util...
[2022-04-17 00:09:14] [PROGRESS] resolve files> Scanning /Users/zhuangpenghai/Downloads/micro_service_seclab-main/micro/trap/java/classes/org/springframework/data/jpa...
[2022-04-17 00:09:14] [PROGRESS] resolve files> Scanning /Users/zhuangpenghai/Downloads/micro_service_seclab-main/micro/trap/java/classes/org/springframework/data/jpa/repository...
[2022-04-17 00:09:14] [PROGRESS] resolve files> Scanning /Users/zhuangpenghai/Downloads/micro_service_seclab-main/micro/trap/java/classes/org/springframework/data/annotation...
[2022-04-17 00:09:14] [PROGRESS] resolve files> Scanning /Users/zhuangpenghai/Downloads/micro_service_seclab-main/micro/trap/java/classes/org/springframework/data/domain...
[2022-04-17 00:09:14] [PROGRESS] resolve files> Scanning /Users/zhuangpenghai/Downloads/micro_service_seclab-main/micro/trap/java/classes/org/apache...
[2022-04-17 00:09:14] [PROGRESS] resolve files> Scanning /Users/zhuangpenghai/Downloads/micro_service_seclab-main/micro/trap/java/classes/org/apache/commons...
[2022-04-17 00:09:14] [PROGRESS] resolve files> Scanning /Users/zhuangpenghai/Downloads/micro_service_seclab-main/micro/trap/java/classes/org/apache/commons/lang3...
[2022-04-17 00:09:14] [PROGRESS] resolve files> Scanning /Users/zhuangpenghai/Downloads/micro_service_seclab-main/micro/trap/java/classes/org/apache/commons/logging...
[2022-04-17 00:09:14] [PROGRESS] resolve files> Scanning /Users/zhuangpenghai/Downloads/micro_service_seclab-main/micro/trap/java/classes/org/apache/http...
[2022-04-17 00:09:14] [PROGRESS] resolve files> Scanning /Users/zhuangpenghai/Downloads/micro_service_seclab-main/micro/trap/java/classes/org/apache/http/impl...
[2022-04-17 00:09:14] [PROGRESS] resolve files> Scanning /Users/zhuangpenghai/Downloads/micro_service_seclab-main/micro/trap/java/classes/org/apache/http/impl/client...
[2022-04-17 00:09:14] [PROGRESS] resolve files> Scanning /Users/zhuangpenghai/Downloads/micro_service_seclab-main/micro/trap/java/classes/org/apache/http/config...
[2022-04-17 00:09:14] [PROGRESS] resolve files> Scanning /Users/zhuangpenghai/Downloads/micro_service_seclab-main/micro/trap/java/classes/org/apache/http/auth...
[2022-04-17 00:09:14] [PROGRESS] resolve files> Scanning /Users/zhuangpenghai/Downloads/micro_service_seclab-main/micro/trap/java/classes/org/apache/http/entity...
[2022-04-17 00:09:14] [PROGRESS] resolve files> Scanning /Users/zhuangpenghai/Downloads/micro_service_seclab-main/micro/trap/java/classes/org/apache/http/annotation...
[2022-04-17 00:09:14] [PROGRESS] resolve files> Scanning /Users/zhuangpenghai/Downloads/micro_service_seclab-main/micro/trap/java/classes/org/apache/http/message...
[2022-04-17 00:09:14] [PROGRESS] resolve files> Scanning /Users/zhuangpenghai/Downloads/micro_service_seclab-main/micro/trap/java/classes/org/apache/http/protocol...
[2022-04-17 00:09:14] [PROGRESS] resolve files> Scanning /Users/zhuangpenghai/Downloads/micro_service_seclab-main/micro/trap/java/classes/org/apache/http/concurrent...
[2022-04-17 00:09:14] [PROGRESS] resolve files> Scanning /Users/zhuangpenghai/Downloads/micro_service_seclab-main/micro/trap/java/classes/org/apache/http/params...
[2022-04-17 00:09:14] [PROGRESS] resolve files> Scanning /Users/zhuangpenghai/Downloads/micro_service_seclab-main/micro/trap/java/classes/org/apache/http/cookie...
[2022-04-17 00:09:14] [PROGRESS] resolve files> Scanning /Users/zhuangpenghai/Downloads/micro_service_seclab-main/micro/trap/java/classes/org/apache/http/client...
[2022-04-17 00:09:14] [PROGRESS] resolve files> Scanning /Users/zhuangpenghai/Downloads/micro_service_seclab-main/micro/trap/java/classes/org/apache/http/client/methods...
[2022-04-17 00:09:14] [PROGRESS] resolve files> Scanning /Users/zhuangpenghai/Downloads/micro_service_seclab-main/micro/trap/java/classes/org/apache/http/client/config...
[2022-04-17 00:09:14] [PROGRESS] resolve files> Scanning /Users/zhuangpenghai/Downloads/micro_service_seclab-main/micro/trap/java/classes/org/apache/http/client/fluent...
[2022-04-17 00:09:14] [PROGRESS] resolve files> Scanning /Users/zhuangpenghai/Downloads/micro_service_seclab-main/micro/trap/java/classes/org/apache/http/conn...
[2022-04-17 00:09:14] [PROGRESS] resolve files> Scanning /Users/zhuangpenghai/Downloads/micro_service_seclab-main/micro/trap/java/classes/org/apache/http/conn/scheme...
[2022-04-17 00:09:14] [PROGRESS] resolve files> Scanning /Users/zhuangpenghai/Downloads/micro_service_seclab-main/micro/trap/java/classes/org/apache/http/conn/routing...
[2022-04-17 00:09:14] [PROGRESS] resolve files> Scanning /Users/zhuangpenghai/Downloads/micro_service_seclab-main/micro/trap/java/classes/org/apache/ibatis...
[2022-04-17 00:09:14] [PROGRESS] resolve files> Scanning /Users/zhuangpenghai/Downloads/micro_service_seclab-main/micro/trap/java/classes/org/apache/ibatis/mapping...
[2022-04-17 00:09:14] [PROGRESS] resolve files> Scanning /Users/zhuangpenghai/Downloads/micro_service_seclab-main/micro/trap/java/classes/org/apache/ibatis/transaction...
[2022-04-17 00:09:14] [PROGRESS] resolve files> Scanning /Users/zhuangpenghai/Downloads/micro_service_seclab-main/micro/trap/java/classes/org/apache/ibatis/scripting...
[2022-04-17 00:09:14] [PROGRESS] resolve files> Scanning /Users/zhuangpenghai/Downloads/micro_service_seclab-main/micro/trap/java/classes/org/apache/ibatis/cache...
[2022-04-17 00:09:14] [PROGRESS] resolve files> Scanning /Users/zhuangpenghai/Downloads/micro_service_seclab-main/micro/trap/java/classes/org/apache/ibatis/cursor...
[2022-04-17 00:09:14] [PROGRESS] resolve files> Scanning /Users/zhuangpenghai/Downloads/micro_service_seclab-main/micro/trap/java/classes/org/apache/ibatis/io...
[2022-04-17 00:09:14] [PROGRESS] resolve files> Scanning /Users/zhuangpenghai/Downloads/micro_service_seclab-main/micro/trap/java/classes/org/apache/ibatis/plugin...
[2022-04-17 00:09:14] [PROGRESS] resolve files> Scanning /Users/zhuangpenghai/Downloads/micro_service_seclab-main/micro/trap/java/classes/org/apache/ibatis/binding...
[2022-04-17 00:09:14] [PROGRESS] resolve files> Scanning /Users/zhuangpenghai/Downloads/micro_service_seclab-main/micro/trap/java/classes/org/apache/ibatis/annotations...
[2022-04-17 00:09:14] [PROGRESS] resolve files> Scanning /Users/zhuangpenghai/Downloads/micro_service_seclab-main/micro/trap/java/classes/org/apache/ibatis/type...
[2022-04-17 00:09:14] [PROGRESS] resolve files> Scanning /Users/zhuangpenghai/Downloads/micro_service_seclab-main/micro/trap/java/classes/org/apache/ibatis/executor...
[2022-04-17 00:09:14] [PROGRESS] resolve files> Scanning /Users/zhuangpenghai/Downloads/micro_service_seclab-main/micro/trap/java/classes/org/apache/ibatis/executor/resultset...
[2022-04-17 00:09:14] [PROGRESS] resolve files> Scanning /Users/zhuangpenghai/Downloads/micro_service_seclab-main/micro/trap/java/classes/org/apache/ibatis/executor/keygen...
[2022-04-17 00:09:14] [PROGRESS] resolve files> Scanning /Users/zhuangpenghai/Downloads/micro_service_seclab-main/micro/trap/java/classes/org/apache/ibatis/executor/statement...
[2022-04-17 00:09:14] [PROGRESS] resolve files> Scanning /Users/zhuangpenghai/Downloads/micro_service_seclab-main/micro/trap/java/classes/org/apache/ibatis/executor/loader...
[2022-04-17 00:09:14] [PROGRESS] resolve files> Scanning /Users/zhuangpenghai/Downloads/micro_service_seclab-main/micro/trap/java/classes/org/apache/ibatis/executor/parameter...
[2022-04-17 00:09:14] [PROGRESS] resolve files> Scanning /Users/zhuangpenghai/Downloads/micro_service_seclab-main/micro/trap/java/classes/org/apache/ibatis/parsing...
[2022-04-17 00:09:14] [PROGRESS] resolve files> Scanning /Users/zhuangpenghai/Downloads/micro_service_seclab-main/micro/trap/java/classes/org/apache/ibatis/builder...
[2022-04-17 00:09:14] [PROGRESS] resolve files> Scanning /Users/zhuangpenghai/Downloads/micro_service_seclab-main/micro/trap/java/classes/org/apache/ibatis/builder/annotation...
[2022-04-17 00:09:14] [PROGRESS] resolve files> Scanning /Users/zhuangpenghai/Downloads/micro_service_seclab-main/micro/trap/java/classes/org/apache/ibatis/builder/xml...
[2022-04-17 00:09:14] [PROGRESS] resolve files> Scanning /Users/zhuangpenghai/Downloads/micro_service_seclab-main/micro/trap/java/classes/org/apache/ibatis/logging...
[2022-04-17 00:09:14] [PROGRESS] resolve files> Scanning /Users/zhuangpenghai/Downloads/micro_service_seclab-main/micro/trap/java/classes/org/apache/ibatis/reflection...
[2022-04-17 00:09:14] [PROGRESS] resolve files> Scanning /Users/zhuangpenghai/Downloads/micro_service_seclab-main/micro/trap/java/classes/org/apache/ibatis/reflection/wrapper...
[2022-04-17 00:09:14] [PROGRESS] resolve files> Scanning /Users/zhuangpenghai/Downloads/micro_service_seclab-main/micro/trap/java/classes/org/apache/ibatis/reflection/property...
[2022-04-17 00:09:14] [PROGRESS] resolve files> Scanning /Users/zhuangpenghai/Downloads/micro_service_seclab-main/micro/trap/java/classes/org/apache/ibatis/reflection/invoker...
[2022-04-17 00:09:14] [PROGRESS] resolve files> Scanning /Users/zhuangpenghai/Downloads/micro_service_seclab-main/micro/trap/java/classes/org/apache/ibatis/reflection/factory...
[2022-04-17 00:09:14] [PROGRESS] resolve files> Scanning /Users/zhuangpenghai/Downloads/micro_service_seclab-main/micro/trap/java/classes/org/apache/ibatis/session...
[2022-04-17 00:09:14] [PROGRESS] resolve files> Scanning /Users/zhuangpenghai/Downloads/micro_service_seclab-main/micro/trap/java/classes/java...
[2022-04-17 00:09:14] [PROGRESS] resolve files> Scanning /Users/zhuangpenghai/Downloads/micro_service_seclab-main/micro/trap/java/classes/java/net...
[2022-04-17 00:09:14] [PROGRESS] resolve files> Scanning /Users/zhuangpenghai/Downloads/micro_service_seclab-main/micro/trap/java/classes/java/util...
[2022-04-17 00:09:14] [PROGRESS] resolve files> Scanning /Users/zhuangpenghai/Downloads/micro_service_seclab-main/micro/trap/java/classes/java/util/stream...
[2022-04-17 00:09:14] [PROGRESS] resolve files> Scanning /Users/zhuangpenghai/Downloads/micro_service_seclab-main/micro/trap/java/classes/java/util/jar...
[2022-04-17 00:09:14] [PROGRESS] resolve files> Scanning /Users/zhuangpenghai/Downloads/micro_service_seclab-main/micro/trap/java/classes/java/util/function...
[2022-04-17 00:09:14] [PROGRESS] resolve files> Scanning /Users/zhuangpenghai/Downloads/micro_service_seclab-main/micro/trap/java/classes/java/util/regex...
[2022-04-17 00:09:14] [PROGRESS] resolve files> Scanning /Users/zhuangpenghai/Downloads/micro_service_seclab-main/micro/trap/java/classes/java/util/concurrent...
[2022-04-17 00:09:14] [PROGRESS] resolve files> Scanning /Users/zhuangpenghai/Downloads/micro_service_seclab-main/micro/trap/java/classes/java/util/concurrent/locks...
[2022-04-17 00:09:14] [PROGRESS] resolve files> Scanning /Users/zhuangpenghai/Downloads/micro_service_seclab-main/micro/trap/java/classes/java/util/concurrent/atomic...
[2022-04-17 00:09:14] [PROGRESS] resolve files> Scanning /Users/zhuangpenghai/Downloads/micro_service_seclab-main/micro/trap/java/classes/java/util/logging...
[2022-04-17 00:09:14] [PROGRESS] resolve files> Scanning /Users/zhuangpenghai/Downloads/micro_service_seclab-main/micro/trap/java/classes/java/security...
[2022-04-17 00:09:14] [PROGRESS] resolve files> Scanning /Users/zhuangpenghai/Downloads/micro_service_seclab-main/micro/trap/java/classes/java/security/spec...
[2022-04-17 00:09:14] [PROGRESS] resolve files> Scanning /Users/zhuangpenghai/Downloads/micro_service_seclab-main/micro/trap/java/classes/java/security/cert...
[2022-04-17 00:09:14] [PROGRESS] resolve files> Scanning /Users/zhuangpenghai/Downloads/micro_service_seclab-main/micro/trap/java/classes/java/io...
[2022-04-17 00:09:14] [PROGRESS] resolve files> Scanning /Users/zhuangpenghai/Downloads/micro_service_seclab-main/micro/trap/java/classes/java/math...
[2022-04-17 00:09:14] [PROGRESS] resolve files> Scanning /Users/zhuangpenghai/Downloads/micro_service_seclab-main/micro/trap/java/classes/java/time...
[2022-04-17 00:09:14] [PROGRESS] resolve files> Scanning /Users/zhuangpenghai/Downloads/micro_service_seclab-main/micro/trap/java/classes/java/time/temporal...
[2022-04-17 00:09:14] [PROGRESS] resolve files> Scanning /Users/zhuangpenghai/Downloads/micro_service_seclab-main/micro/trap/java/classes/java/time/chrono...
[2022-04-17 00:09:14] [PROGRESS] resolve files> Scanning /Users/zhuangpenghai/Downloads/micro_service_seclab-main/micro/trap/java/classes/java/time/zone...
[2022-04-17 00:09:14] [PROGRESS] resolve files> Scanning /Users/zhuangpenghai/Downloads/micro_service_seclab-main/micro/trap/java/classes/java/time/format...
[2022-04-17 00:09:14] [PROGRESS] resolve files> Scanning /Users/zhuangpenghai/Downloads/micro_service_seclab-main/micro/trap/java/classes/java/lang...
[2022-04-17 00:09:14] [PROGRESS] resolve files> Scanning /Users/zhuangpenghai/Downloads/micro_service_seclab-main/micro/trap/java/classes/java/lang/ref...
[2022-04-17 00:09:14] [PROGRESS] resolve files> Scanning /Users/zhuangpenghai/Downloads/micro_service_seclab-main/micro/trap/java/classes/java/lang/invoke...
[2022-04-17 00:09:14] [PROGRESS] resolve files> Scanning /Users/zhuangpenghai/Downloads/micro_service_seclab-main/micro/trap/java/classes/java/lang/reflect...
[2022-04-17 00:09:14] [PROGRESS] resolve files> Scanning /Users/zhuangpenghai/Downloads/micro_service_seclab-main/micro/trap/java/classes/java/lang/annotation...
[2022-04-17 00:09:14] [PROGRESS] resolve files> Scanning /Users/zhuangpenghai/Downloads/micro_service_seclab-main/micro/trap/java/classes/java/beans...
[2022-04-17 00:09:14] [PROGRESS] resolve files> Scanning /Users/zhuangpenghai/Downloads/micro_service_seclab-main/micro/trap/java/classes/java/nio...
[2022-04-17 00:09:14] [PROGRESS] resolve files> Scanning /Users/zhuangpenghai/Downloads/micro_service_seclab-main/micro/trap/java/classes/java/nio/file...
[2022-04-17 00:09:14] [PROGRESS] resolve files> Scanning /Users/zhuangpenghai/Downloads/micro_service_seclab-main/micro/trap/java/classes/java/nio/file/attribute...
[2022-04-17 00:09:14] [PROGRESS] resolve files> Scanning /Users/zhuangpenghai/Downloads/micro_service_seclab-main/micro/trap/java/classes/java/nio/file/spi...
[2022-04-17 00:09:14] [PROGRESS] resolve files> Scanning /Users/zhuangpenghai/Downloads/micro_service_seclab-main/micro/trap/java/classes/java/nio/charset...
[2022-04-17 00:09:14] [PROGRESS] resolve files> Scanning /Users/zhuangpenghai/Downloads/micro_service_seclab-main/micro/trap/java/classes/java/nio/channels...
[2022-04-17 00:09:14] [PROGRESS] resolve files> Scanning /Users/zhuangpenghai/Downloads/micro_service_seclab-main/micro/trap/java/classes/java/nio/channels/spi...
[2022-04-17 00:09:14] [PROGRESS] resolve files> Scanning /Users/zhuangpenghai/Downloads/micro_service_seclab-main/micro/trap/java/classes/java/awt...
[2022-04-17 00:09:14] [PROGRESS] resolve files> Scanning /Users/zhuangpenghai/Downloads/micro_service_seclab-main/micro/trap/java/classes/java/awt/dnd...
[2022-04-17 00:09:14] [PROGRESS] resolve files> Scanning /Users/zhuangpenghai/Downloads/micro_service_seclab-main/micro/trap/java/classes/java/awt/dnd/peer...
[2022-04-17 00:09:14] [PROGRESS] resolve files> Scanning /Users/zhuangpenghai/Downloads/micro_service_seclab-main/micro/trap/java/classes/java/awt/color...
[2022-04-17 00:09:14] [PROGRESS] resolve files> Scanning /Users/zhuangpenghai/Downloads/micro_service_seclab-main/micro/trap/java/classes/java/awt/peer...
[2022-04-17 00:09:14] [PROGRESS] resolve files> Scanning /Users/zhuangpenghai/Downloads/micro_service_seclab-main/micro/trap/java/classes/java/awt/image...
[2022-04-17 00:09:14] [PROGRESS] resolve files> Scanning /Users/zhuangpenghai/Downloads/micro_service_seclab-main/micro/trap/java/classes/java/awt/image/renderable...
[2022-04-17 00:09:14] [PROGRESS] resolve files> Scanning /Users/zhuangpenghai/Downloads/micro_service_seclab-main/micro/trap/java/classes/java/awt/datatransfer...
[2022-04-17 00:09:14] [PROGRESS] resolve files> Scanning /Users/zhuangpenghai/Downloads/micro_service_seclab-main/micro/trap/java/classes/java/awt/geom...
[2022-04-17 00:09:14] [PROGRESS] resolve files> Scanning /Users/zhuangpenghai/Downloads/micro_service_seclab-main/micro/trap/java/classes/java/awt/im...
[2022-04-17 00:09:14] [PROGRESS] resolve files> Scanning /Users/zhuangpenghai/Downloads/micro_service_seclab-main/micro/trap/java/classes/java/awt/font...
[2022-04-17 00:09:14] [PROGRESS] resolve files> Scanning /Users/zhuangpenghai/Downloads/micro_service_seclab-main/micro/trap/java/classes/java/awt/event...
[2022-04-17 00:09:14] [PROGRESS] resolve files> Scanning /Users/zhuangpenghai/Downloads/micro_service_seclab-main/micro/trap/java/classes/java/text...
[2022-04-17 00:09:14] [PROGRESS] resolve files> Scanning /Users/zhuangpenghai/Downloads/micro_service_seclab-main/micro/trap/java/classes/java/sql...
[2022-04-17 00:09:14] [PROGRESS] resolve files> Scanning /Users/zhuangpenghai/Downloads/micro_service_seclab-main/micro/trap/java/classes/javax...
[2022-04-17 00:09:14] [PROGRESS] resolve files> Scanning /Users/zhuangpenghai/Downloads/micro_service_seclab-main/micro/trap/java/classes/javax/servlet...
[2022-04-17 00:09:14] [PROGRESS] resolve files> Scanning /Users/zhuangpenghai/Downloads/micro_service_seclab-main/micro/trap/java/classes/javax/servlet/annotation...
[2022-04-17 00:09:14] [PROGRESS] resolve files> Scanning /Users/zhuangpenghai/Downloads/micro_service_seclab-main/micro/trap/java/classes/javax/servlet/http...
[2022-04-17 00:09:14] [PROGRESS] resolve files> Scanning /Users/zhuangpenghai/Downloads/micro_service_seclab-main/micro/trap/java/classes/javax/servlet/descriptor...
[2022-04-17 00:09:14] [PROGRESS] resolve files> Scanning /Users/zhuangpenghai/Downloads/micro_service_seclab-main/micro/trap/java/classes/javax/net...
[2022-04-17 00:09:14] [PROGRESS] resolve files> Scanning /Users/zhuangpenghai/Downloads/micro_service_seclab-main/micro/trap/java/classes/javax/net/ssl...
[2022-04-17 00:09:14] [PROGRESS] resolve files> Scanning /Users/zhuangpenghai/Downloads/micro_service_seclab-main/micro/trap/java/classes/javax/security...
[2022-04-17 00:09:14] [PROGRESS] resolve files> Scanning /Users/zhuangpenghai/Downloads/micro_service_seclab-main/micro/trap/java/classes/javax/security/auth...
[2022-04-17 00:09:14] [PROGRESS] resolve files> Scanning /Users/zhuangpenghai/Downloads/micro_service_seclab-main/micro/trap/java/classes/javax/security/cert...
[2022-04-17 00:09:14] [PROGRESS] resolve files> Scanning /Users/zhuangpenghai/Downloads/micro_service_seclab-main/micro/trap/java/classes/javax/swing...
[2022-04-17 00:09:14] [PROGRESS] resolve files> Scanning /Users/zhuangpenghai/Downloads/micro_service_seclab-main/micro/trap/java/classes/javax/swing/text...
[2022-04-17 00:09:14] [PROGRESS] resolve files> Scanning /Users/zhuangpenghai/Downloads/micro_service_seclab-main/micro/trap/java/classes/javax/annotation...
[2022-04-17 00:09:14] [PROGRESS] resolve files> Scanning /Users/zhuangpenghai/Downloads/micro_service_seclab-main/micro/trap/java/classes/javax/annotation/meta...
[2022-04-17 00:09:14] [PROGRESS] resolve files> Scanning /Users/zhuangpenghai/Downloads/micro_service_seclab-main/micro/trap/java/classes/javax/xml...
[2022-04-17 00:09:14] [PROGRESS] resolve files> Scanning /Users/zhuangpenghai/Downloads/micro_service_seclab-main/micro/trap/java/classes/javax/xml/parsers...
[2022-04-17 00:09:14] [PROGRESS] resolve files> Scanning /Users/zhuangpenghai/Downloads/micro_service_seclab-main/micro/trap/java/classes/javax/xml/transform...
[2022-04-17 00:09:14] [PROGRESS] resolve files> Scanning /Users/zhuangpenghai/Downloads/micro_service_seclab-main/micro/trap/java/classes/javax/xml/validation...
[2022-04-17 00:09:14] [PROGRESS] resolve files> Scanning /Users/zhuangpenghai/Downloads/micro_service_seclab-main/micro/trap/java/classes/javax/persistence...
[2022-04-17 00:09:14] [PROGRESS] resolve files> Scanning /Users/zhuangpenghai/Downloads/micro_service_seclab-main/micro/trap/java/classes/javax/accessibility...
[2022-04-17 00:09:14] [PROGRESS] resolve files> Scanning /Users/zhuangpenghai/Downloads/micro_service_seclab-main/micro/trap/java/classes/javax/sql...
[2022-04-17 00:09:14] [PROGRESS] resolve files> Scanning /Users/zhuangpenghai/Downloads/micro_service_seclab-main/micro/trap/java/classes/com...
[2022-04-17 00:09:14] [PROGRESS] resolve files> Scanning /Users/zhuangpenghai/Downloads/micro_service_seclab-main/micro/trap/java/classes/com/squareup...
[2022-04-17 00:09:14] [PROGRESS] resolve files> Scanning /Users/zhuangpenghai/Downloads/micro_service_seclab-main/micro/trap/java/classes/com/squareup/okhttp...
[2022-04-17 00:09:14] [PROGRESS] resolve files> Scanning /Users/zhuangpenghai/Downloads/micro_service_seclab-main/micro/trap/java/classes/com/squareup/okhttp/internal...
[2022-04-17 00:09:14] [PROGRESS] resolve files> Scanning /Users/zhuangpenghai/Downloads/micro_service_seclab-main/micro/trap/java/classes/com/squareup/okhttp/internal/io...
[2022-04-17 00:09:14] [PROGRESS] resolve files> Scanning /Users/zhuangpenghai/Downloads/micro_service_seclab-main/micro/trap/java/classes/com/squareup/okhttp/internal/http...
[2022-04-17 00:09:14] [PROGRESS] resolve files> Scanning /Users/zhuangpenghai/Downloads/micro_service_seclab-main/micro/trap/java/classes/com/squareup/okhttp/internal/framed...
[2022-04-17 00:09:14] [PROGRESS] resolve files> Scanning /Users/zhuangpenghai/Downloads/micro_service_seclab-main/micro/trap/java/classes/com/l4yn3...
[2022-04-17 00:09:14] [PROGRESS] resolve files> Scanning /Users/zhuangpenghai/Downloads/micro_service_seclab-main/micro/trap/java/classes/com/l4yn3/microserviceseclab...
[2022-04-17 00:09:14] [PROGRESS] resolve files> Scanning /Users/zhuangpenghai/Downloads/micro_service_seclab-main/micro/trap/java/classes/com/l4yn3/microserviceseclab/dao...
[2022-04-17 00:09:14] [PROGRESS] resolve files> Scanning /Users/zhuangpenghai/Downloads/micro_service_seclab-main/micro/trap/java/classes/com/l4yn3/microserviceseclab/logic...
[2022-04-17 00:09:14] [PROGRESS] resolve files> Scanning /Users/zhuangpenghai/Downloads/micro_service_seclab-main/micro/trap/java/classes/com/l4yn3/microserviceseclab/mapper...
[2022-04-17 00:09:14] [PROGRESS] resolve files> Scanning /Users/zhuangpenghai/Downloads/micro_service_seclab-main/micro/trap/java/classes/com/l4yn3/microserviceseclab/controller...
[2022-04-17 00:09:14] [PROGRESS] resolve files> Scanning /Users/zhuangpenghai/Downloads/micro_service_seclab-main/micro/trap/java/classes/com/l4yn3/microserviceseclab/db...
[2022-04-17 00:09:14] [PROGRESS] resolve files> Scanning /Users/zhuangpenghai/Downloads/micro_service_seclab-main/micro/trap/java/classes/com/l4yn3/microserviceseclab/data...
[2022-04-17 00:09:14] [PROGRESS] resolve files> Scanning /Users/zhuangpenghai/Downloads/micro_service_seclab-main/micro/trap/java/classes/com/google...
[2022-04-17 00:09:14] [PROGRESS] resolve files> Scanning /Users/zhuangpenghai/Downloads/micro_service_seclab-main/micro/trap/java/classes/com/google/common...
[2022-04-17 00:09:14] [PROGRESS] resolve files> Scanning /Users/zhuangpenghai/Downloads/micro_service_seclab-main/micro/trap/java/classes/com/google/common/annotations...
[2022-04-17 00:09:14] [PROGRESS] resolve files> Scanning /Users/zhuangpenghai/Downloads/micro_service_seclab-main/micro/trap/java/classes/com/google/common/base...
[2022-04-17 00:09:14] [PROGRESS] resolve files> Scanning /Users/zhuangpenghai/Downloads/micro_service_seclab-main/micro/trap/java/classes/com/alibaba...
[2022-04-17 00:09:14] [PROGRESS] resolve files> Scanning /Users/zhuangpenghai/Downloads/micro_service_seclab-main/micro/trap/java/classes/com/alibaba/fastjson...
[2022-04-17 00:09:14] [PROGRESS] resolve files> Scanning /Users/zhuangpenghai/Downloads/micro_service_seclab-main/micro/trap/java/classes/com/alibaba/fastjson/serializer...
[2022-04-17 00:09:14] [PROGRESS] resolve files> Scanning /Users/zhuangpenghai/Downloads/micro_service_seclab-main/micro/trap/java/classes/com/alibaba/fastjson/asm...
[2022-04-17 00:09:14] [PROGRESS] resolve files> Scanning /Users/zhuangpenghai/Downloads/micro_service_seclab-main/micro/trap/java/classes/com/alibaba/fastjson/util...
[2022-04-17 00:09:14] [PROGRESS] resolve files> Scanning /Users/zhuangpenghai/Downloads/micro_service_seclab-main/micro/trap/java/classes/com/alibaba/fastjson/annotation...
[2022-04-17 00:09:14] [PROGRESS] resolve files> Scanning /Users/zhuangpenghai/Downloads/micro_service_seclab-main/micro/trap/java/classes/com/alibaba/fastjson/parser...
[2022-04-17 00:09:14] [PROGRESS] resolve files> Scanning /Users/zhuangpenghai/Downloads/micro_service_seclab-main/micro/trap/java/classes/com/alibaba/fastjson/parser/deserializer...
[2022-04-17 00:09:14] [PROGRESS] resolve files> Scanning /Users/zhuangpenghai/Downloads/micro_service_seclab-main/micro/trap/java/Users...
[2022-04-17 00:09:14] [PROGRESS] resolve files> Scanning /Users/zhuangpenghai/Downloads/micro_service_seclab-main/micro/trap/java/Users/zhuangpenghai...
[2022-04-17 00:09:14] [PROGRESS] resolve files> Scanning /Users/zhuangpenghai/Downloads/micro_service_seclab-main/micro/trap/java/Users/zhuangpenghai/Downloads...
[2022-04-17 00:09:14] [PROGRESS] resolve files> Scanning /Users/zhuangpenghai/Downloads/micro_service_seclab-main/micro/trap/java/Users/zhuangpenghai/Downloads/micro_service_seclab-main...
[2022-04-17 00:09:14] [PROGRESS] resolve files> Scanning /Users/zhuangpenghai/Downloads/micro_service_seclab-main/micro/trap/java/Users/zhuangpenghai/Downloads/micro_service_seclab-main/src...
[2022-04-17 00:09:14] [PROGRESS] resolve files> Scanning /Users/zhuangpenghai/Downloads/micro_service_seclab-main/micro/trap/java/Users/zhuangpenghai/Downloads/micro_service_seclab-main/src/test...
[2022-04-17 00:09:14] [PROGRESS] resolve files> Scanning /Users/zhuangpenghai/Downloads/micro_service_seclab-main/micro/trap/java/Users/zhuangpenghai/Downloads/micro_service_seclab-main/src/test/java...
[2022-04-17 00:09:14] [PROGRESS] resolve files> Scanning /Users/zhuangpenghai/Downloads/micro_service_seclab-main/micro/trap/java/Users/zhuangpenghai/Downloads/micro_service_seclab-main/src/test/java/com...
[2022-04-17 00:09:14] [PROGRESS] resolve files> Scanning /Users/zhuangpenghai/Downloads/micro_service_seclab-main/micro/trap/java/Users/zhuangpenghai/Downloads/micro_service_seclab-main/src/test/java/com/l4yn3...
[2022-04-17 00:09:14] [PROGRESS] resolve files> Scanning /Users/zhuangpenghai/Downloads/micro_service_seclab-main/micro/trap/java/Users/zhuangpenghai/Downloads/micro_service_seclab-main/src/test/java/com/l4yn3/microserviceseclab...
[2022-04-17 00:09:14] [PROGRESS] resolve files> Scanning /Users/zhuangpenghai/Downloads/micro_service_seclab-main/micro/trap/java/Users/zhuangpenghai/Downloads/micro_service_seclab-main/src/main...
[2022-04-17 00:09:14] [PROGRESS] resolve files> Scanning /Users/zhuangpenghai/Downloads/micro_service_seclab-main/micro/trap/java/Users/zhuangpenghai/Downloads/micro_service_seclab-main/src/main/java...
[2022-04-17 00:09:14] [PROGRESS] resolve files> Scanning /Users/zhuangpenghai/Downloads/micro_service_seclab-main/micro/trap/java/Users/zhuangpenghai/Downloads/micro_service_seclab-main/src/main/java/com...
[2022-04-17 00:09:14] [PROGRESS] resolve files> Scanning /Users/zhuangpenghai/Downloads/micro_service_seclab-main/micro/trap/java/Users/zhuangpenghai/Downloads/micro_service_seclab-main/src/main/java/com/l4yn3...
[2022-04-17 00:09:14] [PROGRESS] resolve files> Scanning /Users/zhuangpenghai/Downloads/micro_service_seclab-main/micro/trap/java/Users/zhuangpenghai/Downloads/micro_service_seclab-main/src/main/java/com/l4yn3/microserviceseclab...
[2022-04-17 00:09:14] [PROGRESS] resolve files> Scanning /Users/zhuangpenghai/Downloads/micro_service_seclab-main/micro/trap/java/Users/zhuangpenghai/Downloads/micro_service_seclab-main/src/main/java/com/l4yn3/microserviceseclab/dao...
[2022-04-17 00:09:14] [PROGRESS] resolve files> Scanning /Users/zhuangpenghai/Downloads/micro_service_seclab-main/micro/trap/java/Users/zhuangpenghai/Downloads/micro_service_seclab-main/src/main/java/com/l4yn3/microserviceseclab/logic...
[2022-04-17 00:09:14] [PROGRESS] resolve files> Scanning /Users/zhuangpenghai/Downloads/micro_service_seclab-main/micro/trap/java/Users/zhuangpenghai/Downloads/micro_service_seclab-main/src/main/java/com/l4yn3/microserviceseclab/mapper...
[2022-04-17 00:09:14] [PROGRESS] resolve files> Scanning /Users/zhuangpenghai/Downloads/micro_service_seclab-main/micro/trap/java/Users/zhuangpenghai/Downloads/micro_service_seclab-main/src/main/java/com/l4yn3/microserviceseclab/controller...
[2022-04-17 00:09:14] [PROGRESS] resolve files> Scanning /Users/zhuangpenghai/Downloads/micro_service_seclab-main/micro/trap/java/Users/zhuangpenghai/Downloads/micro_service_seclab-main/src/main/java/com/l4yn3/microserviceseclab/db...
[2022-04-17 00:09:14] [PROGRESS] resolve files> Scanning /Users/zhuangpenghai/Downloads/micro_service_seclab-main/micro/trap/java/Users/zhuangpenghai/Downloads/micro_service_seclab-main/src/main/java/com/l4yn3/microserviceseclab/data...
[2022-04-17 00:09:14] [PROGRESS] resolve files> Scanning /Users/zhuangpenghai/Downloads/micro_service_seclab-main/micro/trap/java/diagnostics...
[2022-04-17 00:09:14] [PROGRESS] resolve files> Scanning /Users/zhuangpenghai/Downloads/micro_service_seclab-main/micro/log...
[2022-04-17 00:09:14] [PROGRESS] resolve files> Scanning /Users/zhuangpenghai/Downloads/micro_service_seclab-main/micro/log/ext...
[2022-04-17 00:09:14] [PROGRESS] resolve files> Scanning /Users/zhuangpenghai/Downloads/micro_service_seclab-main/micro/src...
[2022-04-17 00:09:14] [PROGRESS] resolve files> Scanning /Users/zhuangpenghai/Downloads/micro_service_seclab-main/micro/src/Users...
[2022-04-17 00:09:14] [PROGRESS] resolve files> Scanning /Users/zhuangpenghai/Downloads/micro_service_seclab-main/micro/src/Users/zhuangpenghai...
[2022-04-17 00:09:14] [PROGRESS] resolve files> Scanning /Users/zhuangpenghai/Downloads/micro_service_seclab-main/micro/src/Users/zhuangpenghai/Downloads...
[2022-04-17 00:09:14] [PROGRESS] resolve files> Scanning /Users/zhuangpenghai/Downloads/micro_service_seclab-main/micro/src/Users/zhuangpenghai/Downloads/micro_service_seclab-main...
[2022-04-17 00:09:14] [PROGRESS] resolve files> Scanning /Users/zhuangpenghai/Downloads/micro_service_seclab-main/micro/src/Users/zhuangpenghai/Downloads/micro_service_seclab-main/src...
[2022-04-17 00:09:14] [PROGRESS] resolve files> Scanning /Users/zhuangpenghai/Downloads/micro_service_seclab-main/micro/src/Users/zhuangpenghai/Downloads/micro_service_seclab-main/src/test...
[2022-04-17 00:09:14] [PROGRESS] resolve files> Scanning /Users/zhuangpenghai/Downloads/micro_service_seclab-main/micro/src/Users/zhuangpenghai/Downloads/micro_service_seclab-main/src/test/java...
[2022-04-17 00:09:14] [PROGRESS] resolve files> Scanning /Users/zhuangpenghai/Downloads/micro_service_seclab-main/micro/src/Users/zhuangpenghai/Downloads/micro_service_seclab-main/src/test/java/com...
[2022-04-17 00:09:14] [PROGRESS] resolve files> Scanning /Users/zhuangpenghai/Downloads/micro_service_seclab-main/micro/src/Users/zhuangpenghai/Downloads/micro_service_seclab-main/src/test/java/com/l4yn3...
[2022-04-17 00:09:14] [PROGRESS] resolve files> Scanning /Users/zhuangpenghai/Downloads/micro_service_seclab-main/micro/src/Users/zhuangpenghai/Downloads/micro_service_seclab-main/src/test/java/com/l4yn3/microserviceseclab...
[2022-04-17 00:09:14] [PROGRESS] resolve files> Scanning /Users/zhuangpenghai/Downloads/micro_service_seclab-main/micro/src/Users/zhuangpenghai/Downloads/micro_service_seclab-main/src/main...
[2022-04-17 00:09:14] [PROGRESS] resolve files> Scanning /Users/zhuangpenghai/Downloads/micro_service_seclab-main/micro/src/Users/zhuangpenghai/Downloads/micro_service_seclab-main/src/main/java...
[2022-04-17 00:09:14] [PROGRESS] resolve files> Scanning /Users/zhuangpenghai/Downloads/micro_service_seclab-main/micro/src/Users/zhuangpenghai/Downloads/micro_service_seclab-main/src/main/java/com...
[2022-04-17 00:09:14] [PROGRESS] resolve files> Scanning /Users/zhuangpenghai/Downloads/micro_service_seclab-main/micro/src/Users/zhuangpenghai/Downloads/micro_service_seclab-main/src/main/java/com/l4yn3...
[2022-04-17 00:09:14] [PROGRESS] resolve files> Scanning /Users/zhuangpenghai/Downloads/micro_service_seclab-main/micro/src/Users/zhuangpenghai/Downloads/micro_service_seclab-main/src/main/java/com/l4yn3/microserviceseclab...
[2022-04-17 00:09:14] [PROGRESS] resolve files> Scanning /Users/zhuangpenghai/Downloads/micro_service_seclab-main/micro/src/Users/zhuangpenghai/Downloads/micro_service_seclab-main/src/main/java/com/l4yn3/microserviceseclab/dao...
[2022-04-17 00:09:14] [PROGRESS] resolve files> Scanning /Users/zhuangpenghai/Downloads/micro_service_seclab-main/micro/src/Users/zhuangpenghai/Downloads/micro_service_seclab-main/src/main/java/com/l4yn3/microserviceseclab/logic...
[2022-04-17 00:09:14] [PROGRESS] resolve files> Scanning /Users/zhuangpenghai/Downloads/micro_service_seclab-main/micro/src/Users/zhuangpenghai/Downloads/micro_service_seclab-main/src/main/java/com/l4yn3/microserviceseclab/mapper...
[2022-04-17 00:09:14] [PROGRESS] resolve files> Scanning /Users/zhuangpenghai/Downloads/micro_service_seclab-main/micro/src/Users/zhuangpenghai/Downloads/micro_service_seclab-main/src/main/java/com/l4yn3/microserviceseclab/controller...
[2022-04-17 00:09:14] [PROGRESS] resolve files> Scanning /Users/zhuangpenghai/Downloads/micro_service_seclab-main/micro/src/Users/zhuangpenghai/Downloads/micro_service_seclab-main/src/main/java/com/l4yn3/microserviceseclab/db...
[2022-04-17 00:09:14] [PROGRESS] resolve files> Scanning /Users/zhuangpenghai/Downloads/micro_service_seclab-main/micro/src/Users/zhuangpenghai/Downloads/micro_service_seclab-main/src/main/java/com/l4yn3/microserviceseclab/data...
[2022-04-17 00:09:14] [PROGRESS] resolve files> Scanning /Users/zhuangpenghai/Downloads/micro_service_seclab-main/target...
[2022-04-17 00:09:14] [PROGRESS] resolve files> Scanning /Users/zhuangpenghai/Downloads/micro_service_seclab-main/target/test-classes...
[2022-04-17 00:09:14] [PROGRESS] resolve files> Scanning /Users/zhuangpenghai/Downloads/micro_service_seclab-main/target/test-classes/com...
[2022-04-17 00:09:14] [PROGRESS] resolve files> Scanning /Users/zhuangpenghai/Downloads/micro_service_seclab-main/target/test-classes/com/l4yn3...
[2022-04-17 00:09:14] [PROGRESS] resolve files> Scanning /Users/zhuangpenghai/Downloads/micro_service_seclab-main/target/test-classes/com/l4yn3/microserviceseclab...
[2022-04-17 00:09:14] [PROGRESS] resolve files> Scanning /Users/zhuangpenghai/Downloads/micro_service_seclab-main/target/generated-sources...
[2022-04-17 00:09:14] [PROGRESS] resolve files> Scanning /Users/zhuangpenghai/Downloads/micro_service_seclab-main/target/generated-sources/annotations...
[2022-04-17 00:09:14] [PROGRESS] resolve files> Scanning /Users/zhuangpenghai/Downloads/micro_service_seclab-main/target/classes...
[2022-04-17 00:09:14] [PROGRESS] resolve files> Scanning /Users/zhuangpenghai/Downloads/micro_service_seclab-main/target/classes/mappers...
[2022-04-17 00:09:14] [PROGRESS] resolve files> Scanning /Users/zhuangpenghai/Downloads/micro_service_seclab-main/target/classes/com...
[2022-04-17 00:09:14] [PROGRESS] resolve files> Scanning /Users/zhuangpenghai/Downloads/micro_service_seclab-main/target/classes/com/l4yn3...
[2022-04-17 00:09:14] [PROGRESS] resolve files> Scanning /Users/zhuangpenghai/Downloads/micro_service_seclab-main/target/classes/com/l4yn3/microserviceseclab...
[2022-04-17 00:09:14] [PROGRESS] resolve files> Scanning /Users/zhuangpenghai/Downloads/micro_service_seclab-main/target/classes/com/l4yn3/microserviceseclab/dao...
[2022-04-17 00:09:14] [PROGRESS] resolve files> Scanning /Users/zhuangpenghai/Downloads/micro_service_seclab-main/target/classes/com/l4yn3/microserviceseclab/logic...
[2022-04-17 00:09:14] [PROGRESS] resolve files> Scanning /Users/zhuangpenghai/Downloads/micro_service_seclab-main/target/classes/com/l4yn3/microserviceseclab/mapper...
[2022-04-17 00:09:14] [PROGRESS] resolve files> Scanning /Users/zhuangpenghai/Downloads/micro_service_seclab-main/target/classes/com/l4yn3/microserviceseclab/controller...
[2022-04-17 00:09:14] [PROGRESS] resolve files> Scanning /Users/zhuangpenghai/Downloads/micro_service_seclab-main/target/classes/com/l4yn3/microserviceseclab/db...
[2022-04-17 00:09:14] [PROGRESS] resolve files> Scanning /Users/zhuangpenghai/Downloads/micro_service_seclab-main/target/classes/com/l4yn3/microserviceseclab/data...
[2022-04-17 00:09:14] [PROGRESS] resolve files> Scanning /Users/zhuangpenghai/Downloads/micro_service_seclab-main/target/maven-status...
[2022-04-17 00:09:14] [PROGRESS] resolve files> Scanning /Users/zhuangpenghai/Downloads/micro_service_seclab-main/target/maven-status/maven-compiler-plugin...
[2022-04-17 00:09:14] [PROGRESS] resolve files> Scanning /Users/zhuangpenghai/Downloads/micro_service_seclab-main/target/maven-status/maven-compiler-plugin/testCompile...
[2022-04-17 00:09:14] [PROGRESS] resolve files> Scanning /Users/zhuangpenghai/Downloads/micro_service_seclab-main/target/maven-status/maven-compiler-plugin/testCompile/default-testCompile...
[2022-04-17 00:09:14] [PROGRESS] resolve files> Scanning /Users/zhuangpenghai/Downloads/micro_service_seclab-main/target/maven-status/maven-compiler-plugin/compile...
[2022-04-17 00:09:14] [PROGRESS] resolve files> Scanning /Users/zhuangpenghai/Downloads/micro_service_seclab-main/target/maven-status/maven-compiler-plugin/compile/default-compile...
[2022-04-17 00:09:14] [PROGRESS] resolve files> Scanning /Users/zhuangpenghai/Downloads/micro_service_seclab-main/target/maven-archiver...
[2022-04-17 00:09:14] [PROGRESS] resolve files> Scanning /Users/zhuangpenghai/Downloads/micro_service_seclab-main/target/generated-test-sources...
[2022-04-17 00:09:14] [PROGRESS] resolve files> Scanning /Users/zhuangpenghai/Downloads/micro_service_seclab-main/target/generated-test-sources/test-annotations...
[2022-04-17 00:09:14] [PROGRESS] resolve files> Scanning /Users/zhuangpenghai/Downloads/micro_service_seclab-main/target/surefire-reports...
[2022-04-17 00:09:14] [PROGRESS] resolve files> Scanning /Users/zhuangpenghai/Downloads/micro_service_seclab-main/.idea...
[2022-04-17 00:09:14] [PROGRESS] resolve files> Scanning /Users/zhuangpenghai/Downloads/micro_service_seclab-main/.idea/libraries...
[2022-04-17 00:09:14] [PROGRESS] resolve files> Scanning /Users/zhuangpenghai/Downloads/micro_service_seclab-main/src...
[2022-04-17 00:09:14] [PROGRESS] resolve files> Scanning /Users/zhuangpenghai/Downloads/micro_service_seclab-main/src/test...
[2022-04-17 00:09:14] [PROGRESS] resolve files> Scanning /Users/zhuangpenghai/Downloads/micro_service_seclab-main/src/test/java...
[2022-04-17 00:09:14] [PROGRESS] resolve files> Scanning /Users/zhuangpenghai/Downloads/micro_service_seclab-main/src/test/java/com...
[2022-04-17 00:09:14] [PROGRESS] resolve files> Scanning /Users/zhuangpenghai/Downloads/micro_service_seclab-main/src/test/java/com/l4yn3...
[2022-04-17 00:09:14] [PROGRESS] resolve files> Scanning /Users/zhuangpenghai/Downloads/micro_service_seclab-main/src/test/java/com/l4yn3/microserviceseclab...
[2022-04-17 00:09:14] [PROGRESS] resolve files> Scanning /Users/zhuangpenghai/Downloads/micro_service_seclab-main/src/main...
[2022-04-17 00:09:14] [PROGRESS] resolve files> Scanning /Users/zhuangpenghai/Downloads/micro_service_seclab-main/src/main/resources...
[2022-04-17 00:09:14] [PROGRESS] resolve files> Scanning /Users/zhuangpenghai/Downloads/micro_service_seclab-main/src/main/resources/mappers...
[2022-04-17 00:09:14] [PROGRESS] resolve files> Scanning /Users/zhuangpenghai/Downloads/micro_service_seclab-main/src/main/java...
[2022-04-17 00:09:14] [PROGRESS] resolve files> Scanning /Users/zhuangpenghai/Downloads/micro_service_seclab-main/src/main/java/com...
[2022-04-17 00:09:14] [PROGRESS] resolve files> Scanning /Users/zhuangpenghai/Downloads/micro_service_seclab-main/src/main/java/com/l4yn3...
[2022-04-17 00:09:14] [PROGRESS] resolve files> Scanning /Users/zhuangpenghai/Downloads/micro_service_seclab-main/src/main/java/com/l4yn3/microserviceseclab...
[2022-04-17 00:09:14] [PROGRESS] resolve files> Scanning /Users/zhuangpenghai/Downloads/micro_service_seclab-main/src/main/java/com/l4yn3/microserviceseclab/dao...
[2022-04-17 00:09:14] [PROGRESS] resolve files> Scanning /Users/zhuangpenghai/Downloads/micro_service_seclab-main/src/main/java/com/l4yn3/microserviceseclab/logic...
[2022-04-17 00:09:14] [PROGRESS] resolve files> Scanning /Users/zhuangpenghai/Downloads/micro_service_seclab-main/src/main/java/com/l4yn3/microserviceseclab/mapper...
[2022-04-17 00:09:14] [PROGRESS] resolve files> Scanning /Users/zhuangpenghai/Downloads/micro_service_seclab-main/src/main/java/com/l4yn3/microserviceseclab/controller...
[2022-04-17 00:09:14] [PROGRESS] resolve files> Scanning /Users/zhuangpenghai/Downloads/micro_service_seclab-main/src/main/java/com/l4yn3/microserviceseclab/db...
[2022-04-17 00:09:14] [PROGRESS] resolve files> Scanning /Users/zhuangpenghai/Downloads/micro_service_seclab-main/src/main/java/com/l4yn3/microserviceseclab/data...
[2022-04-17 00:09:14] Plumbing command codeql resolve files completed:
                      [
                        "/Users/zhuangpenghai/Downloads/micro_service_seclab-main/target/classes/mybatis-config.xml",
                        "/Users/zhuangpenghai/Downloads/micro_service_seclab-main/target/classes/mappers/IStudentMapper.xml",
                        "/Users/zhuangpenghai/Downloads/micro_service_seclab-main/target/classes/mappers/MyMapper.xml",
                        "/Users/zhuangpenghai/Downloads/micro_service_seclab-main/target/surefire-reports/TEST-com.l4yn3.microserviceseclab.MicroServiceSeclabApplicationTests.xml",
                        "/Users/zhuangpenghai/Downloads/micro_service_seclab-main/pom.xml",
                        "/Users/zhuangpenghai/Downloads/micro_service_seclab-main/.idea/encodings.xml",
                        "/Users/zhuangpenghai/Downloads/micro_service_seclab-main/.idea/jarRepositories.xml",
                        "/Users/zhuangpenghai/Downloads/micro_service_seclab-main/.idea/libraries/Maven__org_springframework_data_spring_data_commons_2_5_3.xml",
                        "/Users/zhuangpenghai/Downloads/micro_service_seclab-main/.idea/libraries/Maven__org_junit_jupiter_junit_jupiter_5_7_2.xml",
                        "/Users/zhuangpenghai/Downloads/micro_service_seclab-main/.idea/libraries/Maven__mysql_mysql_connector_java_8_0_26.xml",
                        "/Users/zhuangpenghai/Downloads/micro_service_seclab-main/.idea/libraries/Maven__org_apache_tomcat_embed_tomcat_embed_el_9_0_50.xml",
                        "/Users/zhuangpenghai/Downloads/micro_service_seclab-main/.idea/libraries/Maven__org_springframework_spring_jcl_5_3_9.xml",
                        "/Users/zhuangpenghai/Downloads/micro_service_seclab-main/.idea/libraries/Maven__net_bytebuddy_byte_buddy_agent_1_10_22.xml",
                        "/Users/zhuangpenghai/Downloads/micro_service_seclab-main/.idea/libraries/Maven__org_springframework_boot_spring_boot_2_5_3.xml",
                        "/Users/zhuangpenghai/Downloads/micro_service_seclab-main/.idea/libraries/Maven__jakarta_activation_jakarta_activation_api_1_2_2.xml",
                        "/Users/zhuangpenghai/Downloads/micro_service_seclab-main/.idea/libraries/Maven__org_mybatis_mybatis_3_4_6.xml",
                        "/Users/zhuangpenghai/Downloads/micro_service_seclab-main/.idea/libraries/Maven__org_apache_httpcomponents_httpcore_4_4_14.xml",
                        "/Users/zhuangpenghai/Downloads/micro_service_seclab-main/.idea/libraries/Maven__org_javassist_javassist_3_27_0_GA.xml",
                        "/Users/zhuangpenghai/Downloads/micro_service_seclab-main/.idea/libraries/Maven__org_junit_jupiter_junit_jupiter_api_5_7_2.xml",
                        "/Users/zhuangpenghai/Downloads/micro_service_seclab-main/.idea/libraries/Maven__org_springframework_boot_spring_boot_starter_tomcat_2_5_3.xml",
                        "/Users/zhuangpenghai/Downloads/micro_service_seclab-main/.idea/libraries/Maven__org_yaml_snakeyaml_1_28.xml",
                        "/Users/zhuangpenghai/Downloads/micro_service_seclab-main/.idea/libraries/Maven__org_glassfish_jaxb_txw2_2_3_4.xml",
                        "/Users/zhuangpenghai/Downloads/micro_service_seclab-main/.idea/libraries/Maven__org_springframework_boot_spring_boot_starter_test_2_5_3.xml",
                        "/Users/zhuangpenghai/Downloads/micro_service_seclab-main/.idea/libraries/Maven__org_junit_jupiter_junit_jupiter_engine_5_7_2.xml",
                        "/Users/zhuangpenghai/Downloads/micro_service_seclab-main/.idea/libraries/Maven__org_apache_httpcomponents_fluent_hc_4_5_13.xml",
                        "/Users/zhuangpenghai/Downloads/micro_service_seclab-main/.idea/libraries/Maven__org_springframework_boot_spring_boot_autoconfigure_2_5_3.xml",
                        "/Users/zhuangpenghai/Downloads/micro_service_seclab-main/.idea/libraries/Maven__com_sun_activation_jakarta_activation_1_2_2.xml",
                        "/Users/zhuangpenghai/Downloads/micro_service_seclab-main/.idea/libraries/Maven__com_jayway_jsonpath_json_path_2_5_0.xml",
                        "/Users/zhuangpenghai/Downloads/micro_service_seclab-main/.idea/libraries/Maven__org_assertj_assertj_core_3_19_0.xml",
                        "/Users/zhuangpenghai/Downloads/micro_service_seclab-main/.idea/libraries/Maven__org_opentest4j_opentest4j_1_2_0.xml",
                        "/Users/zhuangpenghai/Downloads/micro_service_seclab-main/.idea/libraries/Maven__org_springframework_spring_orm_5_3_9.xml",
                        "/Users/zhuangpenghai/Downloads/micro_service_seclab-main/.idea/libraries/Maven__org_apache_httpcomponents_httpclient_4_5_13.xml",
                        "/Users/zhuangpenghai/Downloads/micro_service_seclab-main/.idea/libraries/Maven__jakarta_xml_bind_jakarta_xml_bind_api_2_3_3.xml",
                        "/Users/zhuangpenghai/Downloads/micro_service_seclab-main/.idea/libraries/Maven__com_alibaba_fastjson_1_2_31.xml",
                        "/Users/zhuangpenghai/Downloads/micro_service_seclab-main/.idea/libraries/Maven__org_dom4j_dom4j_2_1_3.xml",
                        "/Users/zhuangpenghai/Downloads/micro_service_seclab-main/.idea/libraries/Maven__commons_codec_commons_codec_1_15.xml",
                        "/Users/zhuangpenghai/Downloads/micro_service_seclab-main/.idea/libraries/Maven__com_squareup_okio_okio_1_6_0.xml",
                        "/Users/zhuangpenghai/Downloads/micro_service_seclab-main/.idea/libraries/Maven__org_springframework_spring_expression_5_3_9.xml",
                        "/Users/zhuangpenghai/Downloads/micro_service_seclab-main/.idea/libraries/Maven__org_springframework_boot_spring_boot_starter_web_2_5_3.xml",
                        "/Users/zhuangpenghai/Downloads/micro_service_seclab-main/.idea/libraries/Maven__net_minidev_json_smart_2_4_7.xml",
                        "/Users/zhuangpenghai/Downloads/micro_service_seclab-main/.idea/libraries/Maven__org_springframework_boot_spring_boot_starter_jdbc_2_5_3.xml",
                        "/Users/zhuangpenghai/Downloads/micro_service_seclab-main/.idea/libraries/Maven__org_springframework_boot_spring_boot_starter_aop_2_5_3.xml",
                        "/Users/zhuangpenghai/Downloads/micro_service_seclab-main/.idea/libraries/Maven__com_google_guava_guava_18_0.xml",
                        "/Users/zhuangpenghai/Downloads/micro_service_seclab-main/.idea/libraries/Maven__com_fasterxml_classmate_1_5_1.xml",
                        "/Users/zhuangpenghai/Downloads/micro_service_seclab-main/.idea/libraries/Maven__org_springframework_data_spring_data_jpa_2_5_3.xml",
                        "/Users/zhuangpenghai/Downloads/micro_service_seclab-main/.idea/libraries/Maven__ch_qos_logback_logback_classic_1_2_4.xml",
                        "/Users/zhuangpenghai/Downloads/micro_service_seclab-main/.idea/libraries/Maven__org_springframework_spring_core_5_3_9.xml",
                        "/Users/zhuangpenghai/Downloads/micro_service_seclab-main/.idea/libraries/Maven__com_fasterxml_jackson_core_jackson_annotations_2_12_4.xml",
                        "/Users/zhuangpenghai/Downloads/micro_service_seclab-main/.idea/libraries/Maven__org_springframework_spring_context_5_3_9.xml",
                        "/Users/zhuangpenghai/Downloads/micro_service_seclab-main/.idea/libraries/Maven__org_mybatis_spring_boot_mybatis_spring_boot_starter_1_3_2.xml",
                        "/Users/zhuangpenghai/Downloads/micro_service_seclab-main/.idea/libraries/Maven__org_apache_logging_log4j_log4j_api_2_14_1.xml",
                        "/Users/zhuangpenghai/Downloads/micro_service_seclab-main/.idea/libraries/Maven__com_fasterxml_jackson_datatype_jackson_datatype_jdk8_2_12_4.xml",
                        "/Users/zhuangpenghai/Downloads/micro_service_seclab-main/.idea/libraries/Maven__net_minidev_accessors_smart_2_4_7.xml",
                        "/Users/zhuangpenghai/Downloads/micro_service_seclab-main/.idea/libraries/Maven__com_vaadin_external_google_android_json_0_0_20131108_vaadin1.xml",
                        "/Users/zhuangpenghai/Downloads/micro_service_seclab-main/.idea/libraries/Maven__jakarta_persistence_jakarta_persistence_api_2_2_3.xml",
                        "/Users/zhuangpenghai/Downloads/micro_service_seclab-main/.idea/libraries/Maven__org_springframework_spring_test_5_3_9.xml",
                        "/Users/zhuangpenghai/Downloads/micro_service_seclab-main/.idea/libraries/Maven__org_hamcrest_hamcrest_2_2.xml",
                        "/Users/zhuangpenghai/Downloads/micro_service_seclab-main/.idea/libraries/Maven__org_apache_logging_log4j_log4j_to_slf4j_2_14_1.xml",
                        "/Users/zhuangpenghai/Downloads/micro_service_seclab-main/.idea/libraries/Maven__org_apache_commons_commons_lang3_3_8_1.xml",
                        "/Users/zhuangpenghai/Downloads/micro_service_seclab-main/.idea/libraries/Maven__com_fasterxml_jackson_datatype_jackson_datatype_jsr310_2_12_4.xml",
                        "/Users/zhuangpenghai/Downloads/micro_service_seclab-main/.idea/libraries/Maven__org_apache_tomcat_embed_tomcat_embed_core_9_0_50.xml",
                        "/Users/zhuangpenghai/Downloads/micro_service_seclab-main/.idea/libraries/Maven__org_springframework_boot_spring_boot_starter_data_jpa_2_5_3.xml",
                        "/Users/zhuangpenghai/Downloads/micro_service_seclab-main/.idea/libraries/Maven__org_slf4j_jul_to_slf4j_1_7_32.xml",
                        "/Users/zhuangpenghai/Downloads/micro_service_seclab-main/.idea/libraries/Maven__org_projectlombok_lombok_1_18_12.xml",
                        "/Users/zhuangpenghai/Downloads/micro_service_seclab-main/.idea/libraries/Maven__net_bytebuddy_byte_buddy_1_10_22.xml",
                        "/Users/zhuangpenghai/Downloads/micro_service_seclab-main/.idea/libraries/Maven__org_springframework_spring_webmvc_5_3_9.xml",
                        "/Users/zhuangpenghai/Downloads/micro_service_seclab-main/.idea/libraries/Maven__com_squareup_okhttp_okhttp_2_7_5.xml",
                        "/Users/zhuangpenghai/Downloads/micro_service_seclab-main/.idea/libraries/Maven__org_jboss_jandex_2_2_3_Final.xml",
                        "/Users/zhuangpenghai/Downloads/micro_service_seclab-main/.idea/libraries/Maven__org_hibernate_hibernate_core_5_4_32_Final.xml",
                        "/Users/zhuangpenghai/Downloads/micro_service_seclab-main/.idea/libraries/Maven__org_mockito_mockito_junit_jupiter_3_9_0.xml",
                        "/Users/zhuangpenghai/Downloads/micro_service_seclab-main/.idea/libraries/Maven__jakarta_transaction_jakarta_transaction_api_1_3_3.xml",
                        "/Users/zhuangpenghai/Downloads/micro_service_seclab-main/.idea/libraries/Maven__org_junit_jupiter_junit_jupiter_params_5_7_2.xml",
                        "/Users/zhuangpenghai/Downloads/micro_service_seclab-main/.idea/libraries/Maven__org_springframework_boot_spring_boot_starter_logging_2_5_3.xml",
                        "/Users/zhuangpenghai/Downloads/micro_service_seclab-main/.idea/libraries/Maven__org_junit_platform_junit_platform_engine_1_7_2.xml",
                        "/Users/zhuangpenghai/Downloads/micro_service_seclab-main/.idea/libraries/Maven__org_springframework_spring_beans_5_3_9.xml",
                        "/Users/zhuangpenghai/Downloads/micro_service_seclab-main/.idea/libraries/Maven__commons_logging_commons_logging_1_2.xml",
                        "/Users/zhuangpenghai/Downloads/micro_service_seclab-main/.idea/libraries/Maven__org_glassfish_jaxb_jaxb_runtime_2_3_4.xml",
                        "/Users/zhuangpenghai/Downloads/micro_service_seclab-main/.idea/libraries/Maven__com_fasterxml_jackson_core_jackson_databind_2_12_4.xml",
                        "/Users/zhuangpenghai/Downloads/micro_service_seclab-main/.idea/libraries/Maven__org_springframework_spring_web_5_3_9.xml",
                        "/Users/zhuangpenghai/Downloads/micro_service_seclab-main/.idea/libraries/Maven__org_mybatis_spring_boot_mybatis_spring_boot_autoconfigure_1_3_2.xml",
                        "/Users/zhuangpenghai/Downloads/micro_service_seclab-main/.idea/libraries/Maven__jakarta_annotation_jakarta_annotation_api_1_3_5.xml",
                        "/Users/zhuangpenghai/Downloads/micro_service_seclab-main/.idea/libraries/Maven__org_junit_platform_junit_platform_commons_1_7_2.xml",
                        "/Users/zhuangpenghai/Downloads/micro_service_seclab-main/.idea/libraries/Maven__org_objenesis_objenesis_3_2.xml",
                        "/Users/zhuangpenghai/Downloads/micro_service_seclab-main/.idea/libraries/Maven__org_mybatis_mybatis_spring_1_3_2.xml",
                        "/Users/zhuangpenghai/Downloads/micro_service_seclab-main/.idea/libraries/Maven__com_sun_istack_istack_commons_runtime_3_0_12.xml",
                        "/Users/zhuangpenghai/Downloads/micro_service_seclab-main/.idea/libraries/Maven__ch_qos_logback_logback_core_1_2_4.xml",
                        "/Users/zhuangpenghai/Downloads/micro_service_seclab-main/.idea/libraries/Maven__org_springframework_spring_jdbc_5_3_9.xml",
                        "/Users/zhuangpenghai/Downloads/micro_service_seclab-main/.idea/libraries/Maven__org_aspectj_aspectjweaver_1_9_7.xml",
                        "/Users/zhuangpenghai/Downloads/micro_service_seclab-main/.idea/libraries/Maven__org_springframework_spring_aop_5_3_9.xml",
                        "/Users/zhuangpenghai/Downloads/micro_service_seclab-main/.idea/libraries/Maven__org_springframework_boot_spring_boot_test_autoconfigure_2_5_3.xml",
                        "/Users/zhuangpenghai/Downloads/micro_service_seclab-main/.idea/libraries/Maven__org_mockito_mockito_core_3_9_0.xml",
                        "/Users/zhuangpenghai/Downloads/micro_service_seclab-main/.idea/libraries/Maven__org_slf4j_slf4j_api_1_7_32.xml",
                        "/Users/zhuangpenghai/Downloads/micro_service_seclab-main/.idea/libraries/Maven__org_apache_tomcat_embed_tomcat_embed_websocket_9_0_50.xml",
                        "/Users/zhuangpenghai/Downloads/micro_service_seclab-main/.idea/libraries/Maven__com_fasterxml_jackson_core_jackson_core_2_12_4.xml",
                        "/Users/zhuangpenghai/Downloads/micro_service_seclab-main/.idea/libraries/Maven__org_springframework_boot_spring_boot_starter_json_2_5_3.xml",
                        "/Users/zhuangpenghai/Downloads/micro_service_seclab-main/.idea/libraries/Maven__org_skyscreamer_jsonassert_1_5_0.xml",
                        "/Users/zhuangpenghai/Downloads/micro_service_seclab-main/.idea/libraries/Maven__org_springframework_spring_tx_5_3_9.xml",
                        "/Users/zhuangpenghai/Downloads/micro_service_seclab-main/.idea/libraries/Maven__org_jboss_logging_jboss_logging_3_4_2_Final.xml",
                        "/Users/zhuangpenghai/Downloads/micro_service_seclab-main/.idea/libraries/Maven__com_zaxxer_HikariCP_4_0_3.xml",
                        "/Users/zhuangpenghai/Downloads/micro_service_seclab-main/.idea/libraries/Maven__antlr_antlr_2_7_7.xml",
                        "/Users/zhuangpenghai/Downloads/micro_service_seclab-main/.idea/libraries/Maven__org_ow2_asm_asm_9_1.xml",
                        "/Users/zhuangpenghai/Downloads/micro_service_seclab-main/.idea/libraries/Maven__org_xmlunit_xmlunit_core_2_8_2.xml",
                        "/Users/zhuangpenghai/Downloads/micro_service_seclab-main/.idea/libraries/Maven__org_springframework_boot_spring_boot_starter_2_5_3.xml",
                        "/Users/zhuangpenghai/Downloads/micro_service_seclab-main/.idea/libraries/Maven__org_springframework_boot_spring_boot_test_2_5_3.xml",
                        "/Users/zhuangpenghai/Downloads/micro_service_seclab-main/.idea/libraries/Maven__org_hibernate_common_hibernate_commons_annotations_5_1_2_Final.xml",
                        "/Users/zhuangpenghai/Downloads/micro_service_seclab-main/.idea/libraries/Maven__com_fasterxml_jackson_module_jackson_module_parameter_names_2_12_4.xml",
                        "/Users/zhuangpenghai/Downloads/micro_service_seclab-main/.idea/libraries/Maven__org_springframework_spring_aspects_5_3_9.xml",
                        "/Users/zhuangpenghai/Downloads/micro_service_seclab-main/.idea/libraries/Maven__org_apiguardian_apiguardian_api_1_1_0.xml",
                        "/Users/zhuangpenghai/Downloads/micro_service_seclab-main/.idea/workspace.xml",
                        "/Users/zhuangpenghai/Downloads/micro_service_seclab-main/.idea/modules.xml",
                        "/Users/zhuangpenghai/Downloads/micro_service_seclab-main/.idea/misc.xml",
                        "/Users/zhuangpenghai/Downloads/micro_service_seclab-main/.idea/compiler.xml",
                        "/Users/zhuangpenghai/Downloads/micro_service_seclab-main/src/main/resources/mybatis-config.xml",
                        "/Users/zhuangpenghai/Downloads/micro_service_seclab-main/src/main/resources/mappers/IStudentMapper.xml",
                        "/Users/zhuangpenghai/Downloads/micro_service_seclab-main/src/main/resources/mappers/MyMapper.xml"
                      ]
[2022-04-17 00:09:14] [DETAILS] database index-files> Found 115 files.
[2022-04-17 00:09:14] [PROGRESS] database index-files> /Users/zhuangpenghai/Downloads/micro_service_seclab-main/micro: Indexing files in in /Users/zhuangpenghai/Downloads/micro_service_seclab-main...
[2022-04-17 00:09:14] Using index-files script /Users/zhuangpenghai/codeql-home/codeql/xml/tools/index-files.sh.
[2022-04-17 00:09:14] [PROGRESS] database index-files> Running command in /Users/zhuangpenghai/Downloads/micro_service_seclab-main: [/Users/zhuangpenghai/codeql-home/codeql/xml/tools/index-files.sh, /Users/zhuangpenghai/Downloads/micro_service_seclab-main/micro/working/files-to-index5856917800981845873.list]
[2022-04-17 00:09:15] Terminating normally.
