[2022-04-17 13:27:43] This is codeql execute queries -J-Xmx2048M --off-heap-ram=2048 --verbosity=progress --logdir=/Users/zhuangpenghai/Downloads/CodeQL/Vuln/micro/log --evaluator-log-level=1 --insecurely-execute-ml-model-checksums= --warnings=show --qlconfig-file=/Users/zhuangpenghai/Downloads/CodeQL/qlconfig.yml -- /Users/zhuangpenghai/Downloads/CodeQL/Vuln/micro/db-java /Users/zhuangpenghai/Downloads/CodeQL/Security/CWE/CWE-113/NettyResponseSplitting.ql
[2022-04-17 13:27:43] Calling plumbing command: codeql resolve queries --format=json -- /Users/zhuangpenghai/Downloads/CodeQL/Security/CWE/CWE-113/NettyResponseSplitting.ql
[2022-04-17 13:27:43] Plumbing command codeql resolve queries completed:
                      [
                        "/Users/zhuangpenghai/Downloads/CodeQL/Security/CWE/CWE-113/NettyResponseSplitting.ql"
                      ]
[2022-04-17 13:27:43] Refusing fancy output: $CODEQL_ISATTY terminal indication is missing
[2022-04-17 13:27:43] Creating executor with 1 threads.
[2022-04-17 13:27:44] Calling plumbing command: codeql resolve library-path --qlconfig-file=/Users/zhuangpenghai/Downloads/CodeQL/qlconfig.yml --query=/Users/zhuangpenghai/Downloads/CodeQL/Security/CWE/CWE-113/NettyResponseSplitting.ql --format=json
[2022-04-17 13:27:44] [DETAILS] resolve library-path> Resolving query at normalized path /Users/zhuangpenghai/Downloads/CodeQL/Security/CWE/CWE-113/NettyResponseSplitting.ql.
[2022-04-17 13:27:44] [DETAILS] resolve library-path> Found enclosing pack 'micro' at /Users/zhuangpenghai/Downloads/CodeQL.
[2022-04-17 13:27:44] [DETAILS] resolve library-path> Adding compilation cache at /Users/zhuangpenghai/Downloads/CodeQL/.cache.
[2022-04-17 13:27:44] [DETAILS] resolve library-path> Resolving library dependencies from /Users/zhuangpenghai/Downloads/CodeQL/qlpack.yml.
[2022-04-17 13:27:45] [DETAILS] resolve library-path> QL pack dependencies for /Users/zhuangpenghai/Downloads/CodeQL resolved OK.
[2022-04-17 13:27:45] [DETAILS] resolve library-path> Found dbscheme through QL packs: /Users/zhuangpenghai/codeql-home/codeql-repo/java/ql/lib/config/semmlecode.dbscheme.
[2022-04-17 13:27:45] Plumbing command codeql resolve library-path completed:
                      {
                        "libraryPath" : [
                          "/Users/zhuangpenghai/Downloads/CodeQL",
                          "/Users/zhuangpenghai/codeql-home/codeql-repo/java/ql/lib",
                          "/Users/zhuangpenghai/codeql-home/codeql-repo/java/upgrades"
                        ],
                        "dbscheme" : "/Users/zhuangpenghai/codeql-home/codeql-repo/java/ql/lib/config/semmlecode.dbscheme",
                        "compilationCache" : [
                          "/Users/zhuangpenghai/Downloads/CodeQL/.cache"
                        ],
                        "relativeName" : "micro/Security/CWE/CWE-113/NettyResponseSplitting.ql",
                        "qlPackName" : "micro"
                      }
[2022-04-17 13:27:45] [PROGRESS] execute queries> Compiling query plan for /Users/zhuangpenghai/Downloads/CodeQL/Security/CWE/CWE-113/NettyResponseSplitting.ql.
[2022-04-17 13:27:45] [DETAILS] execute queries> Resolving imports for /Users/zhuangpenghai/Downloads/CodeQL/Security/CWE/CWE-113/NettyResponseSplitting.ql.
[2022-04-17 13:27:45] Resolved file set for /Users/zhuangpenghai/Downloads/CodeQL/Security/CWE/CWE-113/NettyResponseSplitting.ql hashes to fb2fdee3f77794b8c480649bb7e839354d7b4e97.
[2022-04-17 13:27:45] [DETAILS] execute queries> Checking QL for /Users/zhuangpenghai/Downloads/CodeQL/Security/CWE/CWE-113/NettyResponseSplitting.ql.
[2022-04-17 13:27:46] ExternalModuleBindingPass ...
[2022-04-17 13:27:47] ExternalModuleBindingPass time: 00:01.159
[2022-04-17 13:27:47] QLPredicateSynthesiser ...
[2022-04-17 13:27:47] QLPredicateSynthesiser time: 00:00.021
[2022-04-17 13:27:47] DeclarationBindingPass ...
[2022-04-17 13:27:47] DeclarationBindingPass time: 00:00.114
[2022-04-17 13:27:47] Fixed point time ...
[2022-04-17 13:27:47] Fixed point time time: 00:00.366
[2022-04-17 13:27:47] ReferenceBindingPass ...
[2022-04-17 13:27:47] ReferenceBindingPass time: 00:00.047
[2022-04-17 13:27:47] EntityTypeUpdateBindingPass ...
[2022-04-17 13:27:47] EntityTypeUpdateBindingPass time: 00:00.050
[2022-04-17 13:27:47] DeclarationBindingPass ...
[2022-04-17 13:27:47] DeclarationBindingPass time: 00:00.031
[2022-04-17 13:27:47] PredicateBodyBindingPass ...
[2022-04-17 13:27:48] PredicateBodyBindingPass time: 00:00.469
[2022-04-17 13:27:48] LanguagePragmaPropagationPass ...
[2022-04-17 13:27:48] LanguagePragmaPropagationPass time: 00:00.028
[2022-04-17 13:27:48] Ambiguity checks ...
[2022-04-17 13:27:48] Ambiguity checks time: 00:00.065
[2022-04-17 13:27:48] Ql checks ...
[2022-04-17 13:27:49] Ql checks time: 00:00.576
[2022-04-17 13:27:50] Compilation pipeline
[2022-04-17 13:27:51] Type Inference ...
[2022-04-17 13:27:51] CSV_TYPE_HIERARCHY: Best number of iterations,Maximum number of runs,Number of BDD variables,Size of BDD for typefacts
[2022-04-17 13:27:51] CSV_TYPE_HIERARCHY: 0,0,2,2
[2022-04-17 13:27:51] CSV_TYPE_HIERARCHY: 0,0,0,0
[2022-04-17 13:27:51] CSV_TYPE_HIERARCHY: 0,0,18,21
[2022-04-17 13:27:51] CSV_TYPE_HIERARCHY: 0,0,9,9
[2022-04-17 13:27:51] CSV_TYPE_HIERARCHY: 0,0,0,0
[2022-04-17 13:27:51] CSV_TYPE_HIERARCHY: 0,0,765,1192
[2022-04-17 13:27:51] CSV_TYPE_HIERARCHY: 0,0,2,2
[2022-04-17 13:27:51] CSV_TYPE_HIERARCHY: 0,0,2,2
[2022-04-17 13:27:51] CSV_TYPE_HIERARCHY: 0,0,4,4
[2022-04-17 13:27:51] CSV_TYPE_HIERARCHY: 0,0,1,1
[2022-04-17 13:27:51] CSV_TYPE_HIERARCHY: 0,0,8,8
[2022-04-17 13:27:51] CSV_TYPE_HIERARCHY: 0,0,2,2
[2022-04-17 13:27:51] CSV_TYPE_HIERARCHY: 0,0,1,1
[2022-04-17 13:27:51] CSV_TYPE_HIERARCHY: 0,0,4,4
[2022-04-17 13:27:51] CSV_TYPE_HIERARCHY: 0,0,76,135
[2022-04-17 13:27:51] CSV_TYPE_HIERARCHY: 0,0,5,5
[2022-04-17 13:27:51] CSV_TYPE_HIERARCHY: 0,0,1,1
[2022-04-17 13:27:51] CSV_TYPE_HIERARCHY: 0,0,8,8
[2022-04-17 13:27:51] CSV_TYPE_HIERARCHY: 0,0,3,3
[2022-04-17 13:27:51] CSV_TYPE_HIERARCHY: 0,0,3,3
[2022-04-17 13:27:51] CSV_TYPE_HIERARCHY: 0,0,4,4
[2022-04-17 13:27:51] CSV_TYPE_HIERARCHY: 0,0,10,10
[2022-04-17 13:27:51] CSV_TYPE_HIERARCHY: 0,0,1,1
[2022-04-17 13:27:51] CSV_TYPE_HIERARCHY: 0,0,4,4
[2022-04-17 13:27:51] CSV_TYPE_HIERARCHY: 0,0,9,11
[2022-04-17 13:27:51] CSV_TYPE_HIERARCHY: 0,0,6,6
[2022-04-17 13:27:51] CSV_TYPE_HIERARCHY: 0,0,1,1
[2022-04-17 13:27:51] CSV_TYPE_HIERARCHY: 0,0,9,12
[2022-04-17 13:27:51] CSV_TYPE_HIERARCHY: 0,0,2,2
[2022-04-17 13:27:51] CSV_TYPE_HIERARCHY: 0,0,3,3
[2022-04-17 13:27:51] CSV_TYPE_HIERARCHY: 0,0,2,2
[2022-04-17 13:27:51] CSV_TYPE_HIERARCHY: 0,0,3,3
[2022-04-17 13:27:51] CSV_TYPE_HIERARCHY: 0,0,4,4
[2022-04-17 13:27:51] CSV_TYPE_HIERARCHY: 0,0,11,11
[2022-04-17 13:27:51] CSV_TYPE_HIERARCHY: 0,0,2,2
[2022-04-17 13:27:51] CSV_TYPE_HIERARCHY: 0,0,4,4
[2022-04-17 13:27:51] CSV_TYPE_HIERARCHY: 0,0,2,2
[2022-04-17 13:27:51] CSV_TYPE_HIERARCHY: 0,0,2,2
[2022-04-17 13:27:51] CSV_TYPE_HIERARCHY: 0,0,2,2
[2022-04-17 13:27:51] CSV_TYPE_HIERARCHY: 0,0,1,1
[2022-04-17 13:27:51] CSV_TYPE_HIERARCHY: 0,0,4,4
[2022-04-17 13:27:51] CSV_TYPE_HIERARCHY: 0,0,2,2
[2022-04-17 13:27:51] CSV_TYPE_HIERARCHY: 0,0,3,3
[2022-04-17 13:27:51] CSV_TYPE_HIERARCHY: 0,0,2,2
[2022-04-17 13:27:51] CSV_TYPE_HIERARCHY: 0,0,4,4
[2022-04-17 13:27:51] CSV_TYPE_HIERARCHY: 0,0,2,2
[2022-04-17 13:27:51] CSV_TYPE_HIERARCHY: 0,0,4,4
[2022-04-17 13:27:51] CSV_TYPE_HIERARCHY: 0,0,6,6
[2022-04-17 13:27:51] CSV_TYPE_HIERARCHY: 0,0,3,3
[2022-04-17 13:27:51] CSV_TYPE_HIERARCHY: 0,0,8,10
[2022-04-17 13:27:51] CSV_TYPE_HIERARCHY: 0,0,2,2
[2022-04-17 13:27:51] CSV_TYPE_HIERARCHY: 0,0,8,10
[2022-04-17 13:27:51] CSV_TYPE_HIERARCHY: 0,0,3,3
[2022-04-17 13:27:51] CSV_TYPE_HIERARCHY: 0,0,4,4
[2022-04-17 13:27:51] CSV_TYPE_HIERARCHY: 0,0,4,4
[2022-04-17 13:27:51] CSV_TYPE_HIERARCHY: 0,0,4,4
[2022-04-17 13:27:51] CSV_TYPE_HIERARCHY: 0,0,4,4
[2022-04-17 13:27:51] CSV_TYPE_HIERARCHY: 0,0,4,4
[2022-04-17 13:27:51] CSV_TYPE_HIERARCHY: 0,0,1,1
[2022-04-17 13:27:51] CSV_TYPE_HIERARCHY: 0,0,8,10
[2022-04-17 13:27:51] CSV_TYPE_HIERARCHY: 0,0,2,2
[2022-04-17 13:27:51] CSV_TYPE_HIERARCHY: 0,0,8,10
[2022-04-17 13:27:51] CSV_TYPE_HIERARCHY: 0,0,2,2
[2022-04-17 13:27:51] CSV_TYPE_HIERARCHY: 0,0,6,6
[2022-04-17 13:27:51] CSV_TYPE_HIERARCHY: 0,0,3,3
[2022-04-17 13:27:51] CSV_TYPE_HIERARCHY: 0,0,8,10
[2022-04-17 13:27:51] CSV_TYPE_HIERARCHY: 0,0,6,6
[2022-04-17 13:27:51] CSV_TYPE_HIERARCHY: 0,0,3,3
[2022-04-17 13:27:51] CSV_TYPE_HIERARCHY: 0,0,8,10
[2022-04-17 13:27:51] CSV_TYPE_HIERARCHY: 0,0,2,2
[2022-04-17 13:27:51] CSV_TYPE_HIERARCHY: 0,0,2,2
[2022-04-17 13:27:51] CSV_TYPE_HIERARCHY: 0,0,3,3
[2022-04-17 13:27:51] CSV_TYPE_HIERARCHY: 0,0,2,2
[2022-04-17 13:27:51] CSV_TYPE_HIERARCHY: 0,0,2,2
[2022-04-17 13:27:51] CSV_TYPE_HIERARCHY: 0,0,2,2
[2022-04-17 13:27:51] CSV_TYPE_HIERARCHY: 0,0,2,2
[2022-04-17 13:27:51] CSV_TYPE_HIERARCHY: 0,0,2,2
[2022-04-17 13:27:51] CSV_TYPE_HIERARCHY: 0,0,2,2
[2022-04-17 13:27:51] CSV_TYPE_HIERARCHY: 0,0,3,3
[2022-04-17 13:27:51] CSV_TYPE_HIERARCHY: 0,0,2,2
[2022-04-17 13:27:51] CSV_TYPE_HIERARCHY: 0,0,2,2
[2022-04-17 13:27:51] CSV_TYPE_HIERARCHY: 0,0,2,2
[2022-04-17 13:27:51] CSV_TYPE_HIERARCHY: 0,0,2,2
[2022-04-17 13:27:51] CSV_TYPE_HIERARCHY: 0,0,2,2
[2022-04-17 13:27:51] CSV_TYPE_HIERARCHY: 0,0,2,2
[2022-04-17 13:27:51] CSV_TYPE_HIERARCHY: 0,0,3,3
[2022-04-17 13:27:51] CSV_TYPE_HIERARCHY: 0,0,2,2
[2022-04-17 13:27:51] CSV_TYPE_HIERARCHY: 0,0,2,2
[2022-04-17 13:27:51] CSV_TYPE_HIERARCHY: 0,0,2,2
[2022-04-17 13:27:51] CSV_TYPE_HIERARCHY: 0,0,2,2
[2022-04-17 13:27:51] CSV_TYPE_HIERARCHY: 0,0,2,2
[2022-04-17 13:27:52] Type Inference time: 00:01.453
[2022-04-17 13:27:52] Binding Checks ...
[2022-04-17 13:27:52] Binding Checks time: 00:00.249
[2022-04-17 13:27:53] [DETAILS] execute queries> Optimizing /Users/zhuangpenghai/Downloads/CodeQL/Security/CWE/CWE-113/NettyResponseSplitting.ql.
[2022-04-17 13:27:53] Processing compilation pipeline
[2022-04-17 13:27:53] Started compiling a query
[2022-04-17 13:27:53] Initialising compiler...
[2022-04-17 13:27:53] 	 ... compiler initialised
[2022-04-17 13:27:53] About to start query optimisation
[2022-04-17 13:27:53] Compilation cache hit - skipping compilation.
[2022-04-17 13:27:53] Compilation cache hit - skipping compilation.
[2022-04-17 13:27:54] Compilation cache hit - skipping compilation.
[2022-04-17 13:27:54] Compilation cache miss for f129f674466bc3cce2b6d85f1b234372135d36b7.
[2022-04-17 13:27:57] Stored compiled program for f129f674466bc3cce2b6d85f1b234372135d36b7.
[2022-04-17 13:27:57] CSV_COMPILATION: NONE,MISC,RA_TRANSLATION,OPTIMISATIONS
[2022-04-17 13:27:57] CSV_COMPILATION: 364,467,436,2473
[2022-04-17 13:27:57] [PROGRESS] execute queries> [1/1 comp 12.2s] Compiled /Users/zhuangpenghai/Downloads/CodeQL/Security/CWE/CWE-113/NettyResponseSplitting.ql.
[2022-04-17 13:27:57] Of 394 predicates, 0 are used in more than one query.
[2022-04-17 13:27:57] [PROGRESS] execute queries> Starting evaluation of micro/Security/CWE/CWE-113/NettyResponseSplitting.ql.
[2022-04-17 13:27:57] Starting evaluation of /Users/zhuangpenghai/Downloads/CodeQL/Security/CWE/CWE-113/NettyResponseSplitting.ql
[2022-04-17 13:27:57] (0s) Start query execution
[2022-04-17 13:27:57] (0s) Beginning execution of Location::fixedHasLocation#fff
[2022-04-17 13:27:57] CSV_CACHE_DIFF: Operation,Overall time,NONE,LOAD_EXTENSIONAL,PAGE_RELATION,SORT_RELATION,NODUPS_RELATION,GLOBAL_DISK_SYNC,GLOBAL_TRIM_DISK,GLOBAL_TRIM_STRINGS,GLOBAL_EVICTOR,SCAN_DISK,IO_TRIMMING,IO_WRITING
[2022-04-17 13:27:57] CSV_CACHE_DIFF: Location::fixedHasLocation#fff (NettyResponseSplitting.ql),0.031,0,0,0,0,0,0,0,0,0,0,0,0
[2022-04-17 13:27:57] CSV_IMB_QUERIES: Query type,Query predicate,Query name,Stage,Success,Time,Number of results,Cumulative time in query
[2022-04-17 13:27:57] CSV_IMB_QUERIES: Stage,Location::fixedHasLocation#fff,NettyResponseSplitting.ql,1,Success,0.031,38891,35
[2022-04-17 13:27:57] (0s) Beginning execution of Location::Top::toString_dispred#ff
[2022-04-17 13:27:57] CSV_CACHE_DIFF: Location::Top::toString_dispred#ff (NettyResponseSplitting.ql),0.002,0,0,0,0,0,0,0,0,0,0,0,0
[2022-04-17 13:27:57] CSV_IMB_QUERIES: Stage,Location::Top::toString_dispred#ff,NettyResponseSplitting.ql,2,Success,0.002,64877,38
[2022-04-17 13:27:57] (0s) Beginning execution of Expr::CompileTimeConstantExpr::getIntValue_dispred#ff
[2022-04-17 13:27:57] CSV_CACHE_DIFF: Expr::CompileTimeConstantExpr::getIntValue_dispred#ff (NettyResponseSplitting.ql),0.003,0,0,0,0,0,0,0,0,0,0,0,0
[2022-04-17 13:27:57] CSV_IMB_QUERIES: Stage,Expr::CompileTimeConstantExpr::getIntValue_dispred#ff,NettyResponseSplitting.ql,3,Success,0.003,2,42
[2022-04-17 13:27:57] (0s) Beginning execution of NettyResponseSplitting.ql
[2022-04-17 13:27:57] (0s)  >>> Created relation packages/2@29d2d1tb with 205 rows.
[2022-04-17 13:27:57] (0s)  >>> Created relation primitives/2@ddc678hq with 10 rows.
[2022-04-17 13:27:57] (0s)  >>> Created relation classes/4@821293v7 with 1748 rows.
[2022-04-17 13:27:57] (0s)  >>> Created relation arrays/5@3a5ff15c with 310 rows.
[2022-04-17 13:27:57] (0s)  >>> Created relation wildcards/3@962bcerh with 331 rows.
[2022-04-17 13:27:57] (0s)  >>> Created relation typeVars/5@f6f131jt with 844 rows.
[2022-04-17 13:27:57] (0s)  >>> Created relation methods/6@d93893sl with 20736 rows.
[2022-04-17 13:27:57] (0s)  >>> Created relation interfaces/4@64928d95 with 3196 rows.
[2022-04-17 13:27:57] (0s) Starting to evaluate predicate Element::Element::hasName_dispred#ff/2@79521dv3
[2022-04-17 13:27:57] (0s)  >>> Created relation Element::Element::hasName_dispred#ff/2@79521dv3 with 27380 rows.
[2022-04-17 13:27:57] (0s) Starting to evaluate predicate m#Type::RefType::hasQualifiedName_dispred#fbf/1@1f9b7cua
[2022-04-17 13:27:57] (0s)  >>> Created relation m#Type::RefType::hasQualifiedName_dispred#fbf/1@1f9b7cua with 2 rows.
[2022-04-17 13:27:57] (0s) Starting to evaluate predicate m#Type::RefType::getPackage_dispred#fb/1@790d145g
[2022-04-17 13:27:57] (0s)  >>> Created relation m#Type::RefType::getPackage_dispred#fb/1@790d145g with 1 rows.
[2022-04-17 13:27:57] (0s) Starting to evaluate predicate typeVars_40#join_rhs/2@01b02c1e
[2022-04-17 13:27:57] (0s)  >>> Created relation typeVars_40#join_rhs/2@01b02c1e with 844 rows.
[2022-04-17 13:27:57] (0s) Starting to evaluate predicate @classorinterface#f/1@57b53ang
[2022-04-17 13:27:57] (0s)  >>> Created relation @classorinterface#f/1@57b53ang with 4944 rows.
[2022-04-17 13:27:57] (0s) Starting to evaluate predicate Generics::TypeVariable::getGenericType_dispred#ff/2@7959bb8g
[2022-04-17 13:27:57] (0s)  >>> Created relation Generics::TypeVariable::getGenericType_dispred#ff/2@7959bb8g with 197 rows.
[2022-04-17 13:27:57] (0s) Starting to evaluate predicate Generics::TypeVariable::getGenericType_dispred#ff_10#join_rhs/2@4e900d2g
[2022-04-17 13:27:57] (0s)  >>> Created relation Generics::TypeVariable::getGenericType_dispred#ff_10#join_rhs/2@4e900d2g with 197 rows.
[2022-04-17 13:27:57] (0s)  >>> Created relation fields/5@1c902dh2 with 4594 rows.
[2022-04-17 13:27:57] (0s) Starting to evaluate predicate fields_30#join_rhs/2@51f6014u
[2022-04-17 13:27:57] (0s)  >>> Created relation fields_30#join_rhs/2@51f6014u with 4594 rows.
[2022-04-17 13:27:57] (0s)  >>> Created relation constrs/6@9f73ec4d with 1726 rows.
[2022-04-17 13:27:57] (0s) Starting to evaluate predicate Type::declaresMember#fb/2@7ece08ru
[2022-04-17 13:27:58] (0s)  >>> Created relation Type::declaresMember#fb/2@7ece08ru with 27056 rows.
[2022-04-17 13:27:58] (0s) Starting to evaluate predicate Type::declaresMember#fb_1#join_rhs/1@bf141d81
[2022-04-17 13:27:58] (0s)  >>> Created relation Type::declaresMember#fb_1#join_rhs/1@bf141d81 with 27056 rows.
[2022-04-17 13:27:58] (0s) Starting to evaluate predicate Member::InitializerMethod#class#f/1@3cb39154
[2022-04-17 13:27:58] (0s)  >>> Created relation Member::InitializerMethod#class#f/1@3cb39154 with 427 rows.
[2022-04-17 13:27:58] (0s) Starting to evaluate predicate m#Member::Callable#class#b/1@673324j1
[2022-04-17 13:27:58] (0s)  >>> Created relation m#Member::Callable#class#b/1@673324j1 with 1175 rows.
[2022-04-17 13:27:58] (0s) Starting to evaluate predicate Member::Callable#class#b/1@00357c12
[2022-04-17 13:27:58] (0s)  >>> Created relation Member::Callable#class#b/1@00357c12 with 1026 rows.
[2022-04-17 13:27:58] (0s) Starting to evaluate predicate constrs_50#join_rhs/2@2fcc1eqj
[2022-04-17 13:27:58] (0s)  >>> Created relation constrs_50#join_rhs/2@2fcc1eqj with 1726 rows.
[2022-04-17 13:27:58] (0s) Starting to evaluate predicate methods_50#join_rhs/2@2b64aeij
[2022-04-17 13:27:58] (0s)  >>> Created relation methods_50#join_rhs/2@2b64aeij with 20736 rows.
[2022-04-17 13:27:58] (0s) Starting to evaluate predicate Generics::GenericCallable#class#f/1@ce10545s
[2022-04-17 13:27:58] (0s)  >>> Created relation Generics::GenericCallable#class#f/1@ce10545s with 684 rows.
[2022-04-17 13:27:58] (0s)  >>> Created relation callableBinding/2@5704453i with 134 rows.
[2022-04-17 13:27:58] (0s)  >>> Created relation exprs/5@14e06el4 with 3830 rows.
[2022-04-17 13:27:58] (0s) Starting to evaluate predicate exprs_10#join_rhs/2@348c8e6n
[2022-04-17 13:27:58] (0s)  >>> Created relation exprs_10#join_rhs/2@348c8e6n with 3830 rows.
[2022-04-17 13:27:58] (0s) Starting to evaluate predicate Expr::ClassInstanceExpr#class#f/1@48a9c731
[2022-04-17 13:27:58] (0s)  >>> Created relation Expr::ClassInstanceExpr#class#f/1@48a9c731 with 22 rows.
[2022-04-17 13:27:58] (0s) Starting to evaluate predicate Expr::ConstructorCall::getConstructor_dispred#ff/2@329ba3q0
[2022-04-17 13:27:58] (0s)  >>> Created relation Expr::ConstructorCall::getConstructor_dispred#ff/2@329ba3q0 with 22 rows.
[2022-04-17 13:27:58] (0s) Starting to evaluate predicate m#Member::Member::getDeclaringType_dispred#bf/1@8f3ed8en
[2022-04-17 13:27:58] (0s)  >>> Created relation m#Member::Member::getDeclaringType_dispred#bf/1@8f3ed8en with 764 rows.
[2022-04-17 13:27:58] (0s) Starting to evaluate predicate Member::Member::getDeclaringType_dispred#bf/2@a1fa362s
[2022-04-17 13:27:58] (0s)  >>> Created relation Member::Member::getDeclaringType_dispred#bf/2@a1fa362s with 615 rows.
[2022-04-17 13:27:58] (0s) Starting to evaluate predicate Member::Member::getDeclaringType_dispred#bf_10#join_rhs/2@0f8310le
[2022-04-17 13:27:58] (0s)  >>> Created relation Member::Member::getDeclaringType_dispred#bf_10#join_rhs/2@0f8310le with 615 rows.
[2022-04-17 13:27:58] (0s) Starting to evaluate predicate Type::RefType::getPackage_dispred#fb#join_rhs/2@933751oi
[2022-04-17 13:27:58] (0s)  >>> Created relation Type::RefType::getPackage_dispred#fb#join_rhs/2@933751oi with 647 rows.
[2022-04-17 13:27:58] (0s) Starting to evaluate predicate Type::RefType::getPackage_dispred#fb/2@i1#cba16w7v (iteration 1)
[2022-04-17 13:27:58] (0s) 			 - Type::RefType::getPackage_dispred#fb_delta has 1101 rows (order for disjuncts: delta=<standard>).
[2022-04-17 13:27:58] (0s) Starting to evaluate predicate Type::RefType::getPackage_dispred#fb/2@i2#cba16w7v (iteration 2)
[2022-04-17 13:27:58] (0s) 			 - Type::RefType::getPackage_dispred#fb_delta has 25 rows (order for disjuncts: delta=3163).
[2022-04-17 13:27:58] (0s) Starting to evaluate predicate Type::RefType::getPackage_dispred#fb/2@i3#cba16w7v (iteration 3)
[2022-04-17 13:27:58] (0s) Empty delta for Type::RefType::getPackage_dispred#fb_delta (order for disjuncts: delta=3163).
[2022-04-17 13:27:58] (0s) Accumulating deltas
[2022-04-17 13:27:58] (0s)  >>> Created relation Type::RefType::getPackage_dispred#fb/2@cba16w7v with 1126 rows.
[2022-04-17 13:27:58] (0s) Starting to evaluate predicate Type::RefType::getPackage_dispred#fb_10#join_rhs/2@0d3ddf4c
[2022-04-17 13:27:58] (0s)  >>> Created relation Type::RefType::getPackage_dispred#fb_10#join_rhs/2@0d3ddf4c with 1126 rows.
[2022-04-17 13:27:58] (0s)  >>> Created relation enclInReftype/2@07dda0q5 with 329 rows.
[2022-04-17 13:27:58] (0s) Starting to evaluate predicate m#Type::RefType::nestedName#bf/1@i1#40539wro (iteration 1)
[2022-04-17 13:27:58] (0s) 			 - m#Type::RefType::nestedName#bf_delta has 1126 rows (order for disjuncts: delta=<standard>).
[2022-04-17 13:27:58] (0s) Starting to evaluate predicate m#Type::RefType::nestedName#bf/1@i2#40539wro (iteration 2)
[2022-04-17 13:27:58] (0s) Empty delta for m#Type::RefType::nestedName#bf_delta (order for disjuncts: delta=<standard>).
[2022-04-17 13:27:58] (0s) Accumulating deltas
[2022-04-17 13:27:58] (0s)  >>> Created relation m#Type::RefType::nestedName#bf/1@40539wro with 1126 rows.
[2022-04-17 13:27:58] (0s) Starting to evaluate predicate enclInReftype_0#antijoin_rhs/1@952090tq
[2022-04-17 13:27:58] (0s)  >>> Created relation enclInReftype_0#antijoin_rhs/1@952090tq with 329 rows.
[2022-04-17 13:27:58] (0s) Starting to evaluate predicate enclInReftype_10#join_rhs/2@d10431cv
[2022-04-17 13:27:58] (0s)  >>> Created relation enclInReftype_10#join_rhs/2@d10431cv with 329 rows.
[2022-04-17 13:27:58] (0s) Starting to evaluate predicate Type::RefType::nestedName#bf#join_rhs#1/2@940293o5
[2022-04-17 13:27:58] (0s)  >>> Created relation Type::RefType::nestedName#bf#join_rhs#1/2@940293o5 with 28 rows.
[2022-04-17 13:27:58] (0s) Starting to evaluate predicate Type::RefType::nestedName#bf#join_rhs/3@26a5591n
[2022-04-17 13:27:58] (0s)  >>> Created relation Type::RefType::nestedName#bf#join_rhs/3@26a5591n with 28 rows.
[2022-04-17 13:27:58] (0s) Starting to evaluate predicate Type::RefType::nestedName#bf/2@i1#b9556wb9 (iteration 1)
[2022-04-17 13:27:58] (0s) 			 - Type::RefType::nestedName#bf_delta has 1098 rows (order for disjuncts: delta=<standard>).
[2022-04-17 13:27:58] (0s) Starting to evaluate predicate Type::RefType::nestedName#bf/2@i2#b9556wb9 (iteration 2)
[2022-04-17 13:27:58] (0s) 			 - Type::RefType::nestedName#bf_delta has 27 rows (order for disjuncts: delta=3163).
[2022-04-17 13:27:58] (0s) Starting to evaluate predicate Type::RefType::nestedName#bf/2@i3#b9556wb9 (iteration 3)
[2022-04-17 13:27:58] (0s) 			 - Type::RefType::nestedName#bf_delta has 1 rows (order for disjuncts: delta=3163).
[2022-04-17 13:27:58] (0s) Starting to evaluate predicate Type::RefType::nestedName#bf/2@i4#b9556wb9 (iteration 4)
[2022-04-17 13:27:58] (0s) Empty delta for Type::RefType::nestedName#bf_delta (order for disjuncts: delta=3163).
[2022-04-17 13:27:58] (0s) Accumulating deltas
[2022-04-17 13:27:58] (0s)  >>> Created relation Type::RefType::nestedName#bf/2@b9556wb9 with 1126 rows.
[2022-04-17 13:27:58] (0s) Starting to evaluate predicate Type::RefType::hasQualifiedName_dispred#fbf/3@edc810l0
[2022-04-17 13:27:58] (0s)  >>> Created relation Type::RefType::hasQualifiedName_dispred#fbf/3@edc810l0 with 1126 rows.
[2022-04-17 13:27:58] (0s) Starting to evaluate predicate Type::RefType::hasQualifiedName_dispred#fbf_120#join_rhs/3@75ead96f
[2022-04-17 13:27:58] (0s)  >>> Created relation Type::RefType::hasQualifiedName_dispred#fbf_120#join_rhs/3@75ead96f with 1126 rows.
[2022-04-17 13:27:58] (0s) Starting to evaluate predicate Expr::ConstructorCall::getConstructedType_dispred#ff/2@81dcdfsk
[2022-04-17 13:27:58] (0s)  >>> Created relation Expr::ConstructorCall::getConstructedType_dispred#ff/2@81dcdfsk with 22 rows.
[2022-04-17 13:27:58] (0s) Starting to evaluate predicate Expr::ConstructorCall::getConstructedType_dispred#ff_10#join_rhs/2@51418fi0
[2022-04-17 13:27:58] (0s)  >>> Created relation Expr::ConstructorCall::getConstructedType_dispred#ff_10#join_rhs/2@51418fi0 with 22 rows.
[2022-04-17 13:27:58] (0s) Starting to evaluate predicate Expr::Literal#class#f#antijoin_rhs/1@bb13fa1o
[2022-04-17 13:27:58] (0s)  >>> Created relation Expr::Literal#class#f#antijoin_rhs/1@bb13fa1o with 0 rows.
[2022-04-17 13:27:58] (0s) Inferred that Expr::Literal::getLiteral_dispred#bf/2@202556ar is empty, due to Expr::Literal#class#f#antijoin_rhs/1@bb13fa1o.
[2022-04-17 13:27:58] (0s) Inferred that Expr::CharacterLiteral::getCodePointValue_dispred#ff/2@a970ball is empty, due to Expr::Literal#class#f#antijoin_rhs/1@bb13fa1o.
[2022-04-17 13:27:58] (0s) Inferred that Expr::CharacterLiteral::getCodePointValue_dispred#ff#shared/2@ab442d7l is empty, due to Expr::Literal::getLiteral_dispred#bf/2@202556ar.
[2022-04-17 13:27:58] (0s) Inferred that Expr::CharacterLiteral::getCodePointValue_dispred#ff#shared#1/3@6b05d13s is empty, due to Expr::CharacterLiteral::getCodePointValue_dispred#ff#shared/2@ab442d7l.
[2022-04-17 13:27:58] (0s) Inferred that Expr::CharacterLiteral::getCodePointValue_dispred#ff#antijoin_rhs#1/1@8bed94uh is empty, due to Expr::CharacterLiteral::getCodePointValue_dispred#ff#shared/2@ab442d7l.
[2022-04-17 13:27:58] (0s) Inferred that Expr::CharacterLiteral::getCodePointValue_dispred#ff#shared#2/5@dd21a1aq is empty, due to Expr::CharacterLiteral::getCodePointValue_dispred#ff#shared#1/3@6b05d13s.
[2022-04-17 13:27:58] (0s) Inferred that Expr::CharacterLiteral::getCodePointValue_dispred#ff#shared#3/7@080415mn is empty, due to Expr::CharacterLiteral::getCodePointValue_dispred#ff#shared#2/5@dd21a1aq.
[2022-04-17 13:27:58] (0s) Inferred that Expr::CharacterLiteral::getCodePointValue_dispred#ff#antijoin_rhs/2@2edde5j4 is empty, due to Expr::CharacterLiteral::getCodePointValue_dispred#ff#shared#2/5@dd21a1aq.
[2022-04-17 13:27:58] (0s) Inferred that Expr::CharacterLiteral::getCodePointValue_dispred#ff#sum_range/3@ca0843tr is empty, due to Expr::CharacterLiteral::getCodePointValue_dispred#ff#shared#3/7@080415mn.
[2022-04-17 13:27:58] (0s) Inferred that Expr::CharacterLiteral::getCodePointValue_dispred#ff#sum_term/4@5e5587q8 is empty, due to Expr::CharacterLiteral::getCodePointValue_dispred#ff#shared#3/7@080415mn.
[2022-04-17 13:27:58] (0s) Inferred that Expr::CharacterLiteral::getCodePointValue_dispred#ff#join_rhs/2@add9e4j9 is empty, due to Expr::CharacterLiteral::getCodePointValue_dispred#ff#sum_range/3@ca0843tr.
[2022-04-17 13:27:58] (0s)  >>> Created relation Expr::Literal::getLiteral_dispred#bf/2@202556ar with 0 rows.
[2022-04-17 13:27:58] (0s)  >>> Created relation Expr::CharacterLiteral::getCodePointValue_dispred#ff#join_rhs/2@add9e4j9 with 0 rows.
[2022-04-17 13:27:58] (0s)  >>> Created relation Expr::CharacterLiteral::getCodePointValue_dispred#ff/2@a970ball with 0 rows.
[2022-04-17 13:27:58] (0s)  >>> Created relation Expr::CharacterLiteral::getCodePointValue_dispred#ff#sum_range/3@ca0843tr with 0 rows.
[2022-04-17 13:27:58] (0s)  >>> Created relation Expr::CharacterLiteral::getCodePointValue_dispred#ff#antijoin_rhs/2@2edde5j4 with 0 rows.
[2022-04-17 13:27:58] (0s)  >>> Created relation Expr::CharacterLiteral::getCodePointValue_dispred#ff#shared#2/5@dd21a1aq with 0 rows.
[2022-04-17 13:27:58] (0s)  >>> Created relation Expr::CharacterLiteral::getCodePointValue_dispred#ff#shared#3/7@080415mn with 0 rows.
[2022-04-17 13:27:58] (0s)  >>> Created relation Expr::CharacterLiteral::getCodePointValue_dispred#ff#antijoin_rhs#1/1@8bed94uh with 0 rows.
[2022-04-17 13:27:58] (0s)  >>> Created relation Expr::CharacterLiteral::getCodePointValue_dispred#ff#sum_term/4@5e5587q8 with 0 rows.
[2022-04-17 13:27:58] (0s)  >>> Created relation Expr::CharacterLiteral::getCodePointValue_dispred#ff#shared/2@ab442d7l with 0 rows.
[2022-04-17 13:27:58] (0s)  >>> Created relation Expr::CharacterLiteral::getCodePointValue_dispred#ff#shared#1/3@6b05d13s with 0 rows.
[2022-04-17 13:27:58] (0s) Starting to evaluate predicate Expr::Literal#class#f#antijoin_rhs#1/1@65e84539
[2022-04-17 13:27:58] (0s)  >>> Created relation Expr::Literal#class#f#antijoin_rhs#1/1@65e84539 with 336 rows.
[2022-04-17 13:27:58] (0s) Starting to evaluate predicate Expr::Literal#class#f#antijoin_rhs/1@0e6cf810
[2022-04-17 13:27:58] (0s)  >>> Created relation Expr::Literal#class#f#antijoin_rhs/1@0e6cf810 with 4 rows.
[2022-04-17 13:27:58] (0s) Starting to evaluate predicate Expr::Literal#class#f/1@e5a8c0ij
[2022-04-17 13:27:58] (0s)  >>> Created relation Expr::Literal#class#f/1@e5a8c0ij with 392 rows.
[2022-04-17 13:27:58] (0s) Starting to evaluate predicate @annotation#f/1@f19e16h7
[2022-04-17 13:27:58] (0s)  >>> Created relation @annotation#f/1@f19e16h7 with 2208 rows.
[2022-04-17 13:27:58] (0s) Starting to evaluate predicate Expr::Expr::getType_dispred#ff/2@314232ai
[2022-04-17 13:27:58] (0s)  >>> Created relation Expr::Expr::getType_dispred#ff/2@314232ai with 1622 rows.
[2022-04-17 13:27:58] (0s) Starting to evaluate predicate Expr::CompileTimeConstantExpr#class#f#shared/2@a42141eg
[2022-04-17 13:27:58] (0s)  >>> Created relation Expr::CompileTimeConstantExpr#class#f#shared/2@a42141eg with 392 rows.
[2022-04-17 13:27:58] (0s) Starting to evaluate predicate JDK::TypeString#class#f/1@04bc0cu9
[2022-04-17 13:27:58] (0s)  >>> Created relation JDK::TypeString#class#f/1@04bc0cu9 with 1 rows.
[2022-04-17 13:27:58] (0s) Starting to evaluate predicate Type::PrimitiveType#class#f/1@beb6d9r9
[2022-04-17 13:27:58] (0s)  >>> Created relation Type::PrimitiveType#class#f/1@beb6d9r9 with 8 rows.
[2022-04-17 13:27:58] (0s) Starting to evaluate predicate Expr::primitiveOrString#f/1@4aa7cda0
[2022-04-17 13:27:58] (0s)  >>> Created relation Expr::primitiveOrString#f/1@4aa7cda0 with 9 rows.
[2022-04-17 13:27:58] (0s) Starting to evaluate predicate exprs_340#join_rhs/3@3df914ar
[2022-04-17 13:27:58] (0s)  >>> Created relation exprs_340#join_rhs/3@3df914ar with 3830 rows.
[2022-04-17 13:27:58] (0s) Starting to evaluate predicate Expr::BinaryExpr#class#f/1@d1a41b7k
[2022-04-17 13:27:58] (0s)  >>> Created relation Expr::BinaryExpr#class#f/1@d1a41b7k with 15 rows.
[2022-04-17 13:27:58] (0s) Starting to evaluate predicate Expr::BinaryExpr::getLeftOperand_dispred#ff/2@68423750
[2022-04-17 13:27:58] (0s)  >>> Created relation Expr::BinaryExpr::getLeftOperand_dispred#ff/2@68423750 with 15 rows.
[2022-04-17 13:27:58] (0s) Starting to evaluate predicate Expr::BinaryExpr::getLeftOperand_dispred#ff_10#join_rhs/2@c63e62ba
[2022-04-17 13:27:58] (0s)  >>> Created relation Expr::BinaryExpr::getLeftOperand_dispred#ff_10#join_rhs/2@c63e62ba with 15 rows.
[2022-04-17 13:27:58] (0s) Starting to evaluate predicate Expr::BinaryExpr::getRightOperand_dispred#ff/2@5b966fvk
[2022-04-17 13:27:58] (0s)  >>> Created relation Expr::BinaryExpr::getRightOperand_dispred#ff/2@5b966fvk with 15 rows.
[2022-04-17 13:27:58] (0s) Starting to evaluate predicate Expr::BinaryExpr::getRightOperand_dispred#ff_10#join_rhs/2@1e0953g7
[2022-04-17 13:27:58] (0s)  >>> Created relation Expr::BinaryExpr::getRightOperand_dispred#ff_10#join_rhs/2@1e0953g7 with 15 rows.
[2022-04-17 13:27:58] (0s)  >>> Created relation localvars/4@10ccb3st with 52 rows.
[2022-04-17 13:27:58] (0s)  >>> Created relation stmts/5@0f812bj4 with 228 rows.
[2022-04-17 13:27:58] (0s)  >>> Created relation isEnumConst/1@6c45e5of with 571 rows.
[2022-04-17 13:27:58] (0s) Starting to evaluate predicate Type::EnumConstant#class#f/1@65e34c7l
[2022-04-17 13:27:58] (0s)  >>> Created relation Type::EnumConstant#class#f/1@65e34c7l with 571 rows.
[2022-04-17 13:27:58] (0s) Starting to evaluate predicate Member::Field#class#f/1@cc6eeb87
[2022-04-17 13:27:58] (0s)  >>> Created relation Member::Field#class#f/1@cc6eeb87 with 4594 rows.
[2022-04-17 13:27:58] (0s)  >>> Created relation variableBinding/2@669cc0j3 with 387 rows.
[2022-04-17 13:27:58] (0s) Starting to evaluate predicate variableBinding_10#join_rhs/2@68649fpv
[2022-04-17 13:27:58] (0s)  >>> Created relation variableBinding_10#join_rhs/2@68649fpv with 387 rows.
[2022-04-17 13:27:58] (0s) Starting to evaluate predicate exprs_043#join_rhs/3@d50aafb7
[2022-04-17 13:27:58] (0s)  >>> Created relation exprs_043#join_rhs/3@d50aafb7 with 3830 rows.
[2022-04-17 13:27:58] (0s) Starting to evaluate predicate Expr::ConditionalExpr::getCondition_dispred#ff/2@8c68c24u
[2022-04-17 13:27:58] (0s)  >>> Created relation Expr::ConditionalExpr::getCondition_dispred#ff/2@8c68c24u with 0 rows.
[2022-04-17 13:27:58] (0s) Inferred that Expr::ConditionalExpr::getCondition_dispred#ff_10#join_rhs/2@29f08745 is empty, due to Expr::ConditionalExpr::getCondition_dispred#ff/2@8c68c24u.
[2022-04-17 13:27:58] (0s) Inferred that Expr::CompileTimeConstantExpr::getBooleanValue#ff#join_rhs#2/2@cf81e4ti is empty, due to Expr::ConditionalExpr::getCondition_dispred#ff/2@8c68c24u.
[2022-04-17 13:27:58] (0s) Inferred that Expr::CompileTimeConstantExpr::getIntValue#ff#join_rhs#5/3@46b526tl is empty, due to Expr::ConditionalExpr::getCondition_dispred#ff/2@8c68c24u.
[2022-04-17 13:27:58] (0s) Inferred that Expr::CompileTimeConstantExpr::getBooleanValue#ff#join_rhs#2/2@0d12e6lg is empty, due to Expr::ConditionalExpr::getCondition_dispred#ff/2@8c68c24u.
[2022-04-17 13:27:58] (0s)  >>> Created relation Expr::ConditionalExpr::getCondition_dispred#ff_10#join_rhs/2@29f08745 with 0 rows.
[2022-04-17 13:27:58] (0s)  >>> Created relation Expr::CompileTimeConstantExpr::getBooleanValue#ff#join_rhs#2/2@cf81e4ti with 0 rows.
[2022-04-17 13:27:58] (0s)  >>> Created relation Expr::CompileTimeConstantExpr::getIntValue#ff#join_rhs#5/3@46b526tl with 0 rows.
[2022-04-17 13:27:58] (0s)  >>> Created relation Expr::CompileTimeConstantExpr::getBooleanValue#ff#join_rhs#2/2@0d12e6lg with 0 rows.
[2022-04-17 13:27:58] (0s) Starting to evaluate predicate Expr::ConditionalExpr::getFalseExpr_dispred#ff/2@1ac863vm
[2022-04-17 13:27:58] (0s)  >>> Created relation Expr::ConditionalExpr::getFalseExpr_dispred#ff/2@1ac863vm with 0 rows.
[2022-04-17 13:27:58] (0s) Inferred that Expr::ConditionalExpr::getFalseExpr_dispred#ff_10#join_rhs/2@2a7423ig is empty, due to Expr::ConditionalExpr::getFalseExpr_dispred#ff/2@1ac863vm.
[2022-04-17 13:27:58] (0s)  >>> Created relation Expr::ConditionalExpr::getFalseExpr_dispred#ff_10#join_rhs/2@2a7423ig with 0 rows.
[2022-04-17 13:27:58] (0s) Starting to evaluate predicate Expr::ConditionalExpr::getTrueExpr_dispred#ff/2@a72a66lv
[2022-04-17 13:27:58] (0s)  >>> Created relation Expr::ConditionalExpr::getTrueExpr_dispred#ff/2@a72a66lv with 0 rows.
[2022-04-17 13:27:58] (0s) Inferred that Expr::ConditionalExpr::getTrueExpr_dispred#ff_10#join_rhs/2@e7d01dpv is empty, due to Expr::ConditionalExpr::getTrueExpr_dispred#ff/2@a72a66lv.
[2022-04-17 13:27:58] (0s)  >>> Created relation Expr::ConditionalExpr::getTrueExpr_dispred#ff_10#join_rhs/2@e7d01dpv with 0 rows.
[2022-04-17 13:27:58] (0s) Starting to evaluate predicate stmts_10234#join_rhs/5@b3fa06fd
[2022-04-17 13:27:58] (0s)  >>> Created relation stmts_10234#join_rhs/5@b3fa06fd with 228 rows.
[2022-04-17 13:27:58] (0s) Starting to evaluate predicate Member::Callable::getBody_dispred#bf/2@368e375u
[2022-04-17 13:27:58] (0s)  >>> Created relation Member::Callable::getBody_dispred#bf/2@368e375u with 1 rows.
[2022-04-17 13:27:58] (0s) Starting to evaluate predicate Member::Callable::getBody_dispred#bf_10#join_rhs/2@a1de53df
[2022-04-17 13:27:58] (0s)  >>> Created relation Member::Callable::getBody_dispred#bf_10#join_rhs/2@a1de53df with 1 rows.
[2022-04-17 13:27:58] (0s) Starting to evaluate predicate Expr::CompileTimeConstantExpr#class#f#join_rhs/2@c2f621de
[2022-04-17 13:27:58] (0s)  >>> Created relation Expr::CompileTimeConstantExpr#class#f#join_rhs/2@c2f621de with 1 rows.
[2022-04-17 13:27:58] (0s) Starting to evaluate predicate exprs_30#join_rhs/2@2a2443ga
[2022-04-17 13:27:58] (0s)  >>> Created relation exprs_30#join_rhs/2@2a2443ga with 3830 rows.
[2022-04-17 13:27:58] (0s) Starting to evaluate predicate m#Expr::UnaryExpr::getExpr_dispred#bf/1@11025ch2
[2022-04-17 13:27:58] (0s)  >>> Created relation m#Expr::UnaryExpr::getExpr_dispred#bf/1@11025ch2 with 0 rows.
[2022-04-17 13:27:58] (0s) Inferred that Expr::UnaryExpr::getExpr_dispred#bf/2@aba3247v is empty, due to m#Expr::UnaryExpr::getExpr_dispred#bf/1@11025ch2.
[2022-04-17 13:27:58] (0s) Inferred that Expr::CompileTimeConstantExpr#class#f#join_rhs/2@a501de4s is empty, due to Expr::UnaryExpr::getExpr_dispred#bf/2@aba3247v.
[2022-04-17 13:27:58] (0s) Inferred that Expr::CompileTimeConstantExpr#class#f#join_rhs#1/2@45019dmg is empty, due to Expr::UnaryExpr::getExpr_dispred#bf/2@aba3247v.
[2022-04-17 13:27:58] (0s) Inferred that Expr::CompileTimeConstantExpr#class#f#join_rhs#2/2@c962b5lc is empty, due to Expr::UnaryExpr::getExpr_dispred#bf/2@aba3247v.
[2022-04-17 13:27:58] (0s) Inferred that Expr::CompileTimeConstantExpr#class#f#join_rhs#3/2@9411dfft is empty, due to Expr::UnaryExpr::getExpr_dispred#bf/2@aba3247v.
[2022-04-17 13:27:58] (0s) Inferred that Expr::UnaryExpr::getExpr_dispred#bf_10#join_rhs/2@52a09f6d is empty, due to Expr::UnaryExpr::getExpr_dispred#bf/2@aba3247v.
[2022-04-17 13:27:58] (0s) Inferred that Expr::CompileTimeConstantExpr::getBooleanValue#ff#join_rhs/2@8a1597tm is empty, due to Expr::UnaryExpr::getExpr_dispred#bf/2@aba3247v.
[2022-04-17 13:27:58] (0s) Inferred that Expr::CompileTimeConstantExpr::getIntValue#ff#join_rhs#1/3@5dd4eft5 is empty, due to Expr::UnaryExpr::getExpr_dispred#bf/2@aba3247v.
[2022-04-17 13:27:58] (0s) Inferred that Expr::CompileTimeConstantExpr::getIntValue#ff#join_rhs#2/3@160a730n is empty, due to Expr::UnaryExpr::getExpr_dispred#bf/2@aba3247v.
[2022-04-17 13:27:58] (0s) Inferred that Expr::CompileTimeConstantExpr::getIntValue#ff#join_rhs#3/3@a4923cn7 is empty, due to Expr::UnaryExpr::getExpr_dispred#bf/2@aba3247v.
[2022-04-17 13:27:58] (0s) Inferred that Expr::CompileTimeConstantExpr::getBooleanValue#ff#join_rhs#1/2@daadd2sl is empty, due to Expr::UnaryExpr::getExpr_dispred#bf/2@aba3247v.
[2022-04-17 13:27:58] (0s)  >>> Created relation Expr::UnaryExpr::getExpr_dispred#bf/2@aba3247v with 0 rows.
[2022-04-17 13:27:58] (0s)  >>> Created relation Expr::CompileTimeConstantExpr#class#f#join_rhs/2@a501de4s with 0 rows.
[2022-04-17 13:27:58] (0s)  >>> Created relation Expr::CompileTimeConstantExpr::getIntValue#ff#join_rhs#3/3@a4923cn7 with 0 rows.
[2022-04-17 13:27:58] (0s)  >>> Created relation Expr::CompileTimeConstantExpr::getBooleanValue#ff#join_rhs#1/2@daadd2sl with 0 rows.
[2022-04-17 13:27:58] (0s)  >>> Created relation Expr::CompileTimeConstantExpr::getIntValue#ff#join_rhs#1/3@5dd4eft5 with 0 rows.
[2022-04-17 13:27:58] (0s)  >>> Created relation Expr::CompileTimeConstantExpr#class#f#join_rhs#3/2@9411dfft with 0 rows.
[2022-04-17 13:27:58] (0s)  >>> Created relation Expr::UnaryExpr::getExpr_dispred#bf_10#join_rhs/2@52a09f6d with 0 rows.
[2022-04-17 13:27:58] (0s)  >>> Created relation Expr::CompileTimeConstantExpr::getBooleanValue#ff#join_rhs/2@8a1597tm with 0 rows.
[2022-04-17 13:27:58] (0s)  >>> Created relation Expr::CompileTimeConstantExpr#class#f#join_rhs#2/2@c962b5lc with 0 rows.
[2022-04-17 13:27:58] (0s)  >>> Created relation Expr::CompileTimeConstantExpr::getIntValue#ff#join_rhs#2/3@160a730n with 0 rows.
[2022-04-17 13:27:58] (0s)  >>> Created relation Expr::CompileTimeConstantExpr#class#f#join_rhs#1/2@45019dmg with 0 rows.
[2022-04-17 13:27:58] (0s) Starting to evaluate predicate stmts_10#join_rhs/2@fa7205g2
[2022-04-17 13:27:58] (0s)  >>> Created relation stmts_10#join_rhs/2@fa7205g2 with 228 rows.
[2022-04-17 13:27:58] (0s) Starting to evaluate predicate Statement::ExprStmt::getExpr_dispred#ff/2@8d91fdd8
[2022-04-17 13:27:58] (0s)  >>> Created relation Statement::ExprStmt::getExpr_dispred#ff/2@8d91fdd8 with 30 rows.
[2022-04-17 13:27:58] (0s) Starting to evaluate predicate Statement::ExprStmt::getExpr_dispred#ff_1#join_rhs/1@a1b82bt7
[2022-04-17 13:27:58] (0s)  >>> Created relation Statement::ExprStmt::getExpr_dispred#ff_1#join_rhs/1@a1b82bt7 with 30 rows.
[2022-04-17 13:27:58] (0s) Starting to evaluate predicate Expr::Assignment#class#b/1@30f0cdfi
[2022-04-17 13:27:58] (0s)  >>> Created relation Expr::Assignment#class#b/1@30f0cdfi with 7 rows.
[2022-04-17 13:27:58] (0s) Starting to evaluate predicate Expr::Assignment::getSource_dispred#bf/2@40a3bd8i
[2022-04-17 13:27:58] (0s)  >>> Created relation Expr::Assignment::getSource_dispred#bf/2@40a3bd8i with 7 rows.
[2022-04-17 13:27:58] (0s) Starting to evaluate predicate Statement::ExprStmt::getExpr_dispred#ff_10#join_rhs/2@967101gi
[2022-04-17 13:27:58] (0s)  >>> Created relation Statement::ExprStmt::getExpr_dispred#ff_10#join_rhs/2@967101gi with 30 rows.
[2022-04-17 13:27:58] (0s) Starting to evaluate predicate Variable::Variable::getInitializer_dispred#ff/2@c36f4arh
[2022-04-17 13:27:58] (0s)  >>> Created relation Variable::Variable::getInitializer_dispred#ff/2@c36f4arh with 46 rows.
[2022-04-17 13:27:58] (0s) Starting to evaluate predicate Variable::Variable::getInitializer_dispred#ff_10#join_rhs/2@e4d838t7
[2022-04-17 13:27:58] (0s)  >>> Created relation Variable::Variable::getInitializer_dispred#ff_10#join_rhs/2@e4d838t7 with 46 rows.
[2022-04-17 13:27:58] (0s)  >>> Created relation modifiers/2@58c606ia with 11 rows.
[2022-04-17 13:27:58] (0s) Starting to evaluate predicate modifiers_10#join_rhs/2@f862417u
[2022-04-17 13:27:58] (0s)  >>> Created relation modifiers_10#join_rhs/2@f862417u with 11 rows.
[2022-04-17 13:27:58] (0s)  >>> Created relation hasModifier/2@16678a97 with 52235 rows.
[2022-04-17 13:27:58] (0s) Starting to evaluate predicate hasModifier_10#join_rhs/2@86b95f4q
[2022-04-17 13:27:58] (0s)  >>> Created relation hasModifier_10#join_rhs/2@86b95f4q with 52235 rows.
[2022-04-17 13:27:58] (0s)  >>> Created relation params/5@32e25at0 with 21675 rows.
[2022-04-17 13:27:58] (0s) Starting to evaluate predicate Modifier::Modifiable#class#b/1@c8e3b2sd
[2022-04-17 13:27:58] (0s)  >>> Created relation Modifier::Modifiable#class#b/1@c8e3b2sd with 48783 rows.
[2022-04-17 13:27:58] (0s) Starting to evaluate predicate Modifier::Modifiable::isFinal#b/1@fbe714ui
[2022-04-17 13:27:58] (1s)  >>> Created relation Modifier::Modifiable::isFinal#b/1@fbe714ui with 5249 rows.
[2022-04-17 13:27:58] (1s) Starting to evaluate predicate Modifier::Modifiable::isFinal_dispred#b/1@1426ccre
[2022-04-17 13:27:58] (1s)  >>> Created relation Modifier::Modifiable::isFinal_dispred#b/1@1426ccre with 5249 rows.
[2022-04-17 13:27:58] (1s) Starting to evaluate predicate Expr::CompileTimeConstantExpr#class#f#join_rhs#4/2@b19800id
[2022-04-17 13:27:58] (1s)  >>> Created relation Expr::CompileTimeConstantExpr#class#f#join_rhs#4/2@b19800id with 2 rows.
[2022-04-17 13:27:58] (1s) Starting to evaluate predicate Expr::Expr::isCompileTimeConstant_dispred#f/1@i1#58058wh2 (iteration 1)
[2022-04-17 13:27:58] (1s) 			 - Expr::Expr::isCompileTimeConstant_dispred#f_delta has 388 rows (order for disjuncts: delta=<standard>).
[2022-04-17 13:27:58] (1s) Starting to evaluate predicate Expr::CompileTimeConstantExpr#class#f/1@i1#58058xh2 (iteration 1)
[2022-04-17 13:27:58] (1s) 			 - Expr::CompileTimeConstantExpr#class#f_delta has 388 rows (order for disjuncts: delta=<standard>).
[2022-04-17 13:27:58] (1s) Starting to evaluate predicate Expr::Expr::isCompileTimeConstant_dispred#f/1@i2#58058wh2 (iteration 2)
[2022-04-17 13:27:58] (1s) Empty delta for Expr::Expr::isCompileTimeConstant_dispred#f_delta (order for disjuncts: delta=<standard>).
[2022-04-17 13:27:58] (1s) Starting to evaluate predicate Expr::CompileTimeConstantExpr#class#f/1@i2#58058xh2 (iteration 2)
[2022-04-17 13:27:58] (1s) Empty delta for Expr::CompileTimeConstantExpr#class#f_delta (order for disjuncts: delta=500000).
[2022-04-17 13:27:58] (1s) Accumulating deltas
[2022-04-17 13:27:58] (1s)  >>> Created relation Expr::CompileTimeConstantExpr#class#f/1@58058xh2 with 388 rows.
[2022-04-17 13:27:58] (1s)  >>> Created relation Expr::Expr::isCompileTimeConstant_dispred#f/1@58058wh2 with 388 rows.
[2022-04-17 13:27:58] (1s) Starting to evaluate predicate Expr::CompileTimeConstantExpr::getBooleanValue#ff#join_rhs/3@b27242gv
[2022-04-17 13:27:58] (1s)  >>> Created relation Expr::CompileTimeConstantExpr::getBooleanValue#ff#join_rhs/3@b27242gv with 0 rows.
[2022-04-17 13:27:58] (1s) Starting to evaluate predicate Expr::ConditionalExpr::getBranchExpr_dispred#fff/3@2da27ea2
[2022-04-17 13:27:58] (1s)  >>> Created relation Expr::ConditionalExpr::getBranchExpr_dispred#fff/3@2da27ea2 with 0 rows.
[2022-04-17 13:27:58] (1s) Inferred that Expr::ConditionalExpr::getBranchExpr_dispred#fff_201#join_rhs/3@ff53238k is empty, due to Expr::ConditionalExpr::getBranchExpr_dispred#fff/3@2da27ea2.
[2022-04-17 13:27:58] (1s)  >>> Created relation Expr::ConditionalExpr::getBranchExpr_dispred#fff_201#join_rhs/3@ff53238k with 0 rows.
[2022-04-17 13:27:58] (1s) Starting to evaluate predicate Expr::CompileTimeConstantExpr::getBooleanValue#ff#join_rhs#3/2@21e1d326
[2022-04-17 13:27:58] (1s)  >>> Created relation Expr::CompileTimeConstantExpr::getBooleanValue#ff#join_rhs#3/2@21e1d326 with 0 rows.
[2022-04-17 13:27:58] (1s)  >>> Created relation namestrings/3@7e3f272a with 388 rows.
[2022-04-17 13:27:58] (1s) Starting to evaluate predicate m#Expr::Literal::getValue_dispred#fb/1@9502788g
[2022-04-17 13:27:58] (1s)  >>> Created relation m#Expr::Literal::getValue_dispred#fb/1@9502788g with 2 rows.
[2022-04-17 13:27:58] (1s) Starting to evaluate predicate Expr::Literal::getValue#fb/2@665939j2
[2022-04-17 13:27:58] (1s)  >>> Created relation Expr::Literal::getValue#fb/2@665939j2 with 50 rows.
[2022-04-17 13:27:58] (1s) Starting to evaluate predicate Expr::Literal_not_CharacterLiteral_NullLiteral_StringLiteral#b/1@7315deuf
[2022-04-17 13:27:58] (1s)  >>> Created relation Expr::Literal_not_CharacterLiteral_NullLiteral_StringLiteral#b/1@7315deuf with 50 rows.
[2022-04-17 13:27:58] (1s) Starting to evaluate predicate Expr::Literal::getValue_dispred#fb/2@45a1d412
[2022-04-17 13:27:58] (1s)  >>> Created relation Expr::Literal::getValue_dispred#fb/2@45a1d412 with 50 rows.
[2022-04-17 13:27:58] (1s) Starting to evaluate predicate Expr::Literal::getValue_dispred#fb_10#join_rhs/2@9f6314s3
[2022-04-17 13:27:58] (1s)  >>> Created relation Expr::Literal::getValue_dispred#fb_10#join_rhs/2@9f6314s3 with 50 rows.
[2022-04-17 13:27:58] (1s) Starting to evaluate predicate Expr::BooleanLiteral::getBooleanValue_dispred#ff/2@c1cf4cqr
[2022-04-17 13:27:58] (1s)  >>> Created relation Expr::BooleanLiteral::getBooleanValue_dispred#ff/2@c1cf4cqr with 50 rows.
[2022-04-17 13:27:58] (1s) Starting to evaluate predicate namestrings_21#join_rhs/2@3004641j
[2022-04-17 13:27:58] (1s)  >>> Created relation namestrings_21#join_rhs/2@3004641j with 388 rows.
[2022-04-17 13:27:58] (1s) Starting to evaluate predicate Expr::CompileTimeConstantExpr::getStringValue#ff#join_rhs#1/2@b80fe3q8
[2022-04-17 13:27:58] (1s)  >>> Created relation Expr::CompileTimeConstantExpr::getStringValue#ff#join_rhs#1/2@b80fe3q8 with 0 rows.
[2022-04-17 13:27:58] (1s) Starting to evaluate predicate Expr::CompileTimeConstantExpr::getStringValue#ff#join_rhs/3@80e555bl
[2022-04-17 13:27:58] (1s)  >>> Created relation Expr::CompileTimeConstantExpr::getStringValue#ff#join_rhs/3@80e555bl with 0 rows.
[2022-04-17 13:27:58] (1s) Starting to evaluate predicate Expr::CompileTimeConstantExpr::getBooleanValue#ff/2@i1#f710cwdf (iteration 1)
[2022-04-17 13:27:58] (1s) 			 - Expr::CompileTimeConstantExpr::getBooleanValue#ff_delta has 50 rows (order for disjuncts: delta=<standard>).
[2022-04-17 13:27:58] (1s) Starting to evaluate predicate Expr::CompileTimeConstantExpr::getStringValue_dispred#ff/2@i1#f710cxdf (iteration 1)
[2022-04-17 13:27:58] (1s) Empty delta for Expr::CompileTimeConstantExpr::getStringValue_dispred#ff_delta (order for disjuncts: delta=<standard>).
[2022-04-17 13:27:58] (1s) Starting to evaluate predicate Expr::CompileTimeConstantExpr::getStringValue#ff/2@i1#f710cydf (iteration 1)
[2022-04-17 13:27:58] (1s) 			 - Expr::CompileTimeConstantExpr::getStringValue#ff_delta has 336 rows (order for disjuncts: delta=<standard>).
[2022-04-17 13:27:58] (1s) Starting to evaluate predicate Expr::CompileTimeConstantExpr::getBooleanValue#ff/2@i2#f710cwdf (iteration 2)
[2022-04-17 13:27:58] (1s) Empty delta for Expr::CompileTimeConstantExpr::getBooleanValue#ff_delta (order for disjuncts: delta=500000).
[2022-04-17 13:27:58] (1s) Starting to evaluate predicate Expr::CompileTimeConstantExpr::getStringValue_dispred#ff/2@i2#f710cxdf (iteration 2)
[2022-04-17 13:27:58] (1s) 			 - Expr::CompileTimeConstantExpr::getStringValue_dispred#ff_delta has 336 rows (order for disjuncts: delta=<standard>).
[2022-04-17 13:27:58] (1s) Starting to evaluate predicate Expr::CompileTimeConstantExpr::getStringValue#ff/2@i2#f710cydf (iteration 2)
[2022-04-17 13:27:58] (1s) Empty delta for Expr::CompileTimeConstantExpr::getStringValue#ff_delta (order for disjuncts: delta=500000).
[2022-04-17 13:27:58] (1s) Starting to evaluate predicate Expr::CompileTimeConstantExpr::getBooleanValue#ff/2@i3#f710cwdf (iteration 3)
[2022-04-17 13:27:58] (1s) Empty delta for Expr::CompileTimeConstantExpr::getBooleanValue#ff_delta (order for disjuncts: delta=500000).
[2022-04-17 13:27:58] (1s) Empty delta for Expr::CompileTimeConstantExpr::getStringValue_dispred#ff_delta (order for disjuncts: delta=<standard>).
[2022-04-17 13:27:58] (1s) Starting to evaluate predicate Expr::CompileTimeConstantExpr::getStringValue#ff/2@i3#f710cydf (iteration 3)
[2022-04-17 13:27:58] (1s) Empty delta for Expr::CompileTimeConstantExpr::getStringValue#ff_delta (order for disjuncts: delta=500000).
[2022-04-17 13:27:58] (1s) Accumulating deltas
[2022-04-17 13:27:58] (1s)  >>> Created relation Expr::CompileTimeConstantExpr::getStringValue#ff/2@f710cydf with 336 rows.
[2022-04-17 13:27:58] (1s)  >>> Created relation Expr::CompileTimeConstantExpr::getStringValue_dispred#ff/2@f710cxdf with 336 rows.
[2022-04-17 13:27:58] (1s)  >>> Created relation Expr::CompileTimeConstantExpr::getBooleanValue#ff/2@f710cwdf with 50 rows.
[2022-04-17 13:27:58] (1s) Starting to evaluate predicate Expr::ClassInstanceExpr::getAnArgument_dispred#fb/2@82c66ebu
[2022-04-17 13:27:58] (1s)  >>> Created relation Expr::ClassInstanceExpr::getAnArgument_dispred#fb/2@82c66ebu with 0 rows.
[2022-04-17 13:27:58] (1s) Inferred that Expr::ClassInstanceExpr::getArgument_dispred#ffb/3@3e8661n6 is empty, due to Expr::ClassInstanceExpr::getAnArgument_dispred#fb/2@82c66ebu.
[2022-04-17 13:27:58] (1s) Inferred that NettyResponseSplitting::InsecureNettyObjectCreation#class#f/1@c5caff5q is empty, due to Expr::ClassInstanceExpr::getArgument_dispred#ffb/3@3e8661n6.
[2022-04-17 13:27:58] (1s) Inferred that Location::Top::hasLocationInfoAux_dispred#bfffff/6@faa73cms is empty, due to NettyResponseSplitting::InsecureNettyObjectCreation#class#f/1@c5caff5q.
[2022-04-17 13:27:58] (1s) Inferred that #select#query#ffffffff/8@81f130nj is empty, due to NettyResponseSplitting::InsecureNettyObjectCreation#class#f/1@c5caff5q.
[2022-04-17 13:27:58] (1s) Inferred that Location::Top::hasLocationInfo_dispred#bfffff/6@9ae5c67e is empty, due to Location::Top::hasLocationInfoAux_dispred#bfffff/6@faa73cms.
[2022-04-17 13:27:58] (1s) Inferred that project#Location::Top::hasLocationInfo_dispred#bfffff/1@9e4627ec is empty, due to Location::Top::hasLocationInfo_dispred#bfffff/6@9ae5c67e.
[2022-04-17 13:27:58] (1s)  >>> Created relation Location::Top::hasLocationInfoAux_dispred#bfffff/6@faa73cms with 0 rows.
[2022-04-17 13:27:58] (1s)  >>> Created relation project#Location::Top::hasLocationInfo_dispred#bfffff/1@9e4627ec with 0 rows.
[2022-04-17 13:27:58] (1s)  >>> Created relation Location::Top::hasLocationInfo_dispred#bfffff/6@9ae5c67e with 0 rows.
[2022-04-17 13:27:58] (1s)  >>> Created relation #select#query#ffffffff/8@81f130nj with 0 rows.
[2022-04-17 13:27:58] (1s)  >>> Created relation Expr::ClassInstanceExpr::getArgument_dispred#ffb/3@3e8661n6 with 0 rows.
[2022-04-17 13:27:58] (1s)  >>> Created relation NettyResponseSplitting::InsecureNettyObjectCreation#class#f/1@c5caff5q with 0 rows.
[2022-04-17 13:27:58] (1s) Query done
[2022-04-17 13:27:58] CSV_CACHE_DIFF: #select#query#ffffffff (NettyResponseSplitting.ql),1.201,0.985,0.099,0.02,0.051,0.018,0,0,0,0,0,0,0
[2022-04-17 13:27:58] (1s) Sequence stamp origin is -6466445791989529388
[2022-04-17 13:27:58] (1s) Pausing evaluation to sync to disk at sequence stamp o+0
[2022-04-17 13:27:58] (1s) Unpausing evaluation
[2022-04-17 13:27:58] CSV_IMB_QUERIES: Query,#select#query#ffffffff,NettyResponseSplitting.ql,3,Success,1.201,0,1259
[2022-04-17 13:27:58] Evaluation of /Users/zhuangpenghai/Downloads/CodeQL/Security/CWE/CWE-113/NettyResponseSplitting.ql produced BQRS results.
[2022-04-17 13:27:58] [PROGRESS] execute queries> Evaluation completed (1.4s).
[2022-04-17 13:27:58] Constructing in-process plumbing: codeql bqrs decode dummy.bqrs
[2022-04-17 13:27:58] [PROGRESS] execute queries> Shutting down query evaluator.
[2022-04-17 13:27:58] Pausing evaluation to close the cache at sequence stamp o+1
[2022-04-17 13:27:58] The disk cache is freshly trimmed; leave it be.
[2022-04-17 13:27:58] Unpausing evaluation
[2022-04-17 13:27:58] Terminating normally.
