[2022-04-17 13:06:15] This is codeql execute queries -J-Xmx2048M --off-heap-ram=2048 --verbosity=progress --logdir=/Users/zhuangpenghai/Downloads/CodeQL/Vuln/micro/log --evaluator-log-level=1 --insecurely-execute-ml-model-checksums= --warnings=show --qlconfig-file=/Users/zhuangpenghai/Downloads/CodeQL/qlconfig.yml -- /Users/zhuangpenghai/Downloads/CodeQL/Vuln/micro/db-java /Users/zhuangpenghai/Downloads/CodeQL/Security/CWE/CWE-807/ConditionalBypass.ql
[2022-04-17 13:06:15] Calling plumbing command: codeql resolve queries --format=json -- /Users/zhuangpenghai/Downloads/CodeQL/Security/CWE/CWE-807/ConditionalBypass.ql
[2022-04-17 13:06:15] Plumbing command codeql resolve queries completed:
                      [
                        "/Users/zhuangpenghai/Downloads/CodeQL/Security/CWE/CWE-807/ConditionalBypass.ql"
                      ]
[2022-04-17 13:06:15] Refusing fancy output: $CODEQL_ISATTY terminal indication is missing
[2022-04-17 13:06:15] Creating executor with 1 threads.
[2022-04-17 13:06:16] Calling plumbing command: codeql resolve library-path --qlconfig-file=/Users/zhuangpenghai/Downloads/CodeQL/qlconfig.yml --query=/Users/zhuangpenghai/Downloads/CodeQL/Security/CWE/CWE-807/ConditionalBypass.ql --format=json
[2022-04-17 13:06:16] [DETAILS] resolve library-path> Resolving query at normalized path /Users/zhuangpenghai/Downloads/CodeQL/Security/CWE/CWE-807/ConditionalBypass.ql.
[2022-04-17 13:06:16] [DETAILS] resolve library-path> Found no enclosing pack; trying after symlink resolution with /Users/zhuangpenghai/Downloads/CodeQL/Security/CWE/CWE-807/ConditionalBypass.ql.
[2022-04-17 13:06:16] [DETAILS] resolve library-path> Found enclosing pack 'CWE-807' at /Users/zhuangpenghai/Downloads/CodeQL/Security/CWE/CWE-807.
[2022-04-17 13:06:16] [DETAILS] resolve library-path> Adding compilation cache at /Users/zhuangpenghai/Downloads/CodeQL/Security/CWE/CWE-807/.cache.
[2022-04-17 13:06:16] [DETAILS] resolve library-path> Resolving library dependencies from /Users/zhuangpenghai/Downloads/CodeQL/Security/CWE/CWE-807/ConditionalBypass.ql.
[2022-04-17 13:06:16] [DETAILS] resolve library-path> QL pack dependencies for /Users/zhuangpenghai/Downloads/CodeQL/Security/CWE/CWE-807 resolved OK.
[2022-04-17 13:06:16] [DETAILS] resolve library-path> Found no dbscheme through dependencies.
[2022-04-17 13:06:16] Plumbing command codeql resolve library-path completed:
                      {
                        "libraryPath" : [
                          "/Users/zhuangpenghai/Downloads/CodeQL/Security/CWE/CWE-807"
                        ],
                        "compilationCache" : [
                          "/Users/zhuangpenghai/Downloads/CodeQL/Security/CWE/CWE-807/.cache"
                        ],
                        "relativeName" : "CWE-807/ConditionalBypass.ql",
                        "possibleAdvice" : "There should probably be a qlpack.yml file declaring dependencies in /Users/zhuangpenghai/Downloads/CodeQL/Security/CWE/CWE-807 or an enclosing directory.",
                        "qlPackName" : "CWE-807"
                      }
[2022-04-17 13:06:16] [PROGRESS] execute queries> Compiling query plan for /Users/zhuangpenghai/Downloads/CodeQL/Security/CWE/CWE-807/ConditionalBypass.ql.
[2022-04-17 13:06:16] [DETAILS] execute queries> Resolving imports for /Users/zhuangpenghai/Downloads/CodeQL/Security/CWE/CWE-807/ConditionalBypass.ql.
[2022-04-17 13:06:16] Resolved file set for /Users/zhuangpenghai/Downloads/CodeQL/Security/CWE/CWE-807/ConditionalBypass.ql hashes to 0fdf73211ab7daa7c97015f4b0108a77a1433838.
[2022-04-17 13:06:16] [DETAILS] execute queries> Checking QL for /Users/zhuangpenghai/Downloads/CodeQL/Security/CWE/CWE-807/ConditionalBypass.ql.
[2022-04-17 13:06:16] ExternalModuleBindingPass ...
[2022-04-17 13:06:16] ExternalModuleBindingPass time: 00:00.008
[2022-04-17 13:06:16] QLPredicateSynthesiser ...
[2022-04-17 13:06:16] QLPredicateSynthesiser time: 00:00.002
[2022-04-17 13:06:16] DeclarationBindingPass ...
[2022-04-17 13:06:16] DeclarationBindingPass time: 00:00.010
[2022-04-17 13:06:16] Fixed point time ...
[2022-04-17 13:06:16] Fixed point time time: 00:00.008
[2022-04-17 13:06:16] ReferenceBindingPass ...
[2022-04-17 13:06:16] ReferenceBindingPass time: 00:00.002
[2022-04-17 13:06:16] EntityTypeUpdateBindingPass ...
[2022-04-17 13:06:16] EntityTypeUpdateBindingPass time: 00:00.000
[2022-04-17 13:06:16] DeclarationBindingPass ...
[2022-04-17 13:06:16] DeclarationBindingPass time: 00:00.000
[2022-04-17 13:06:16] PredicateBodyBindingPass ...
[2022-04-17 13:06:16] PredicateBodyBindingPass time: 00:00.027
[2022-04-17 13:06:16] LanguagePragmaPropagationPass ...
[2022-04-17 13:06:17] LanguagePragmaPropagationPass time: 00:00.000
[2022-04-17 13:06:17] Ambiguity checks ...
[2022-04-17 13:06:17] Ambiguity checks time: 00:00.010
[2022-04-17 13:06:17] Ql checks ...
[2022-04-17 13:06:17] Ql checks time: 00:00.016
[2022-04-17 13:06:17] [ERROR] execute queries> ERROR: Could not resolve module semmle.code.java.dataflow.DataFlow. There should probably be a qlpack.yml file declaring dependencies in /Users/zhuangpenghai/Downloads/CodeQL/Security/CWE/CWE-807 or an enclosing directory. (/Users/zhuangpenghai/Downloads/CodeQL/Security/CWE/CWE-807/ConditionalBypass.ql:16,8-42)
[2022-04-17 13:06:17] [ERROR] execute queries> ERROR: Could not resolve module semmle.code.java.security.ConditionalBypassQuery. There should probably be a qlpack.yml file declaring dependencies in /Users/zhuangpenghai/Downloads/CodeQL/Security/CWE/CWE-807 or an enclosing directory. (/Users/zhuangpenghai/Downloads/CodeQL/Security/CWE/CWE-807/ConditionalBypass.ql:17,8-56)
[2022-04-17 13:06:17] [ERROR] execute queries> ERROR: Could not resolve module java. There should probably be a qlpack.yml file declaring dependencies in /Users/zhuangpenghai/Downloads/CodeQL/Security/CWE/CWE-807 or an enclosing directory. (/Users/zhuangpenghai/Downloads/CodeQL/Security/CWE/CWE-807/ConditionalBypass.ql:15,8-12)
[2022-04-17 13:06:17] [ERROR] execute queries> ERROR: Could not resolve module DataFlow. There should probably be a qlpack.yml file declaring dependencies in /Users/zhuangpenghai/Downloads/CodeQL/Security/CWE/CWE-807 or an enclosing directory. (/Users/zhuangpenghai/Downloads/CodeQL/Security/CWE/CWE-807/ConditionalBypass.ql:18,8-16)
[2022-04-17 13:06:17] [ERROR] execute queries> ERROR: Could not resolve module DataFlow. There should probably be a qlpack.yml file declaring dependencies in /Users/zhuangpenghai/Downloads/CodeQL/Security/CWE/CWE-807 or an enclosing directory. (/Users/zhuangpenghai/Downloads/CodeQL/Security/CWE/CWE-807/ConditionalBypass.ql:21,3-11)
[2022-04-17 13:06:17] [ERROR] execute queries> ERROR: Could not resolve module DataFlow. There should probably be a qlpack.yml file declaring dependencies in /Users/zhuangpenghai/Downloads/CodeQL/Security/CWE/CWE-807 or an enclosing directory. (/Users/zhuangpenghai/Downloads/CodeQL/Security/CWE/CWE-807/ConditionalBypass.ql:21,30-38)
[2022-04-17 13:06:17] [ERROR] execute queries> ERROR: Could not resolve type MethodAccess (/Users/zhuangpenghai/Downloads/CodeQL/Security/CWE/CWE-807/ConditionalBypass.ql:21,55-67)
[2022-04-17 13:06:17] [ERROR] execute queries> ERROR: Could not resolve type Expr (/Users/zhuangpenghai/Downloads/CodeQL/Security/CWE/CWE-807/ConditionalBypass.ql:21,71-75)
[2022-04-17 13:06:17] [ERROR] execute queries> ERROR: Could not resolve type ConditionalBypassFlowConfig (/Users/zhuangpenghai/Downloads/CodeQL/Security/CWE/CWE-807/ConditionalBypass.ql:22,3-30)
[2022-04-17 13:06:17] [ERROR] execute queries> ERROR: Could not resolve predicate conditionControlsMethod/2 (/Users/zhuangpenghai/Downloads/CodeQL/Security/CWE/CWE-807/ConditionalBypass.ql:24,3-26)
[2022-04-17 13:06:17] Sequence stamp origin is -6466451324299048009
[2022-04-17 13:06:17] Pausing evaluation to close the cache at sequence stamp o+0
[2022-04-17 13:06:17] The disk cache is freshly trimmed; leave it be.
[2022-04-17 13:06:17] Unpausing evaluation
[2022-04-17 13:06:17] Exiting with code 2
