[2022-04-17 13:06:26] This is codeql execute queries -J-Xmx2048M --off-heap-ram=2048 --verbosity=progress --logdir=/Users/zhuangpenghai/Downloads/CodeQL/Vuln/micro/log --evaluator-log-level=1 --insecurely-execute-ml-model-checksums= --warnings=show --qlconfig-file=/Users/zhuangpenghai/Downloads/CodeQL/qlconfig.yml -- /Users/zhuangpenghai/Downloads/CodeQL/Vuln/micro/db-java /Users/zhuangpenghai/Downloads/CodeQL/Security/CWE/CWE-1104/MavenPomDependsOnBintray.ql
[2022-04-17 13:06:26] Calling plumbing command: codeql resolve queries --format=json -- /Users/zhuangpenghai/Downloads/CodeQL/Security/CWE/CWE-1104/MavenPomDependsOnBintray.ql
[2022-04-17 13:06:27] Plumbing command codeql resolve queries completed:
                      [
                        "/Users/zhuangpenghai/Downloads/CodeQL/Security/CWE/CWE-1104/MavenPomDependsOnBintray.ql"
                      ]
[2022-04-17 13:06:27] Refusing fancy output: $CODEQL_ISATTY terminal indication is missing
[2022-04-17 13:06:27] Creating executor with 1 threads.
[2022-04-17 13:06:27] Calling plumbing command: codeql resolve library-path --qlconfig-file=/Users/zhuangpenghai/Downloads/CodeQL/qlconfig.yml --query=/Users/zhuangpenghai/Downloads/CodeQL/Security/CWE/CWE-1104/MavenPomDependsOnBintray.ql --format=json
[2022-04-17 13:06:27] [DETAILS] resolve library-path> Resolving query at normalized path /Users/zhuangpenghai/Downloads/CodeQL/Security/CWE/CWE-1104/MavenPomDependsOnBintray.ql.
[2022-04-17 13:06:27] [DETAILS] resolve library-path> Found no enclosing pack; trying after symlink resolution with /Users/zhuangpenghai/Downloads/CodeQL/Security/CWE/CWE-1104/MavenPomDependsOnBintray.ql.
[2022-04-17 13:06:27] [DETAILS] resolve library-path> Found enclosing pack 'CWE-1104' at /Users/zhuangpenghai/Downloads/CodeQL/Security/CWE/CWE-1104.
[2022-04-17 13:06:27] [DETAILS] resolve library-path> Adding compilation cache at /Users/zhuangpenghai/Downloads/CodeQL/Security/CWE/CWE-1104/.cache.
[2022-04-17 13:06:27] [DETAILS] resolve library-path> Resolving library dependencies from /Users/zhuangpenghai/Downloads/CodeQL/Security/CWE/CWE-1104/MavenPomDependsOnBintray.ql.
[2022-04-17 13:06:27] [DETAILS] resolve library-path> QL pack dependencies for /Users/zhuangpenghai/Downloads/CodeQL/Security/CWE/CWE-1104 resolved OK.
[2022-04-17 13:06:27] [DETAILS] resolve library-path> Found no dbscheme through dependencies.
[2022-04-17 13:06:27] Plumbing command codeql resolve library-path completed:
                      {
                        "libraryPath" : [
                          "/Users/zhuangpenghai/Downloads/CodeQL/Security/CWE/CWE-1104"
                        ],
                        "compilationCache" : [
                          "/Users/zhuangpenghai/Downloads/CodeQL/Security/CWE/CWE-1104/.cache"
                        ],
                        "relativeName" : "CWE-1104/MavenPomDependsOnBintray.ql",
                        "possibleAdvice" : "There should probably be a qlpack.yml file declaring dependencies in /Users/zhuangpenghai/Downloads/CodeQL/Security/CWE/CWE-1104 or an enclosing directory.",
                        "qlPackName" : "CWE-1104"
                      }
[2022-04-17 13:06:27] [PROGRESS] execute queries> Compiling query plan for /Users/zhuangpenghai/Downloads/CodeQL/Security/CWE/CWE-1104/MavenPomDependsOnBintray.ql.
[2022-04-17 13:06:27] [DETAILS] execute queries> Resolving imports for /Users/zhuangpenghai/Downloads/CodeQL/Security/CWE/CWE-1104/MavenPomDependsOnBintray.ql.
[2022-04-17 13:06:27] Resolved file set for /Users/zhuangpenghai/Downloads/CodeQL/Security/CWE/CWE-1104/MavenPomDependsOnBintray.ql hashes to 9c5e45f487eb43fdb7a8b3df4f26e9cc3cb92611.
[2022-04-17 13:06:27] [DETAILS] execute queries> Checking QL for /Users/zhuangpenghai/Downloads/CodeQL/Security/CWE/CWE-1104/MavenPomDependsOnBintray.ql.
[2022-04-17 13:06:28] ExternalModuleBindingPass ...
[2022-04-17 13:06:28] ExternalModuleBindingPass time: 00:00.009
[2022-04-17 13:06:28] QLPredicateSynthesiser ...
[2022-04-17 13:06:28] QLPredicateSynthesiser time: 00:00.012
[2022-04-17 13:06:28] DeclarationBindingPass ...
[2022-04-17 13:06:28] DeclarationBindingPass time: 00:00.020
[2022-04-17 13:06:28] Fixed point time ...
[2022-04-17 13:06:28] Fixed point time time: 00:00.017
[2022-04-17 13:06:28] ReferenceBindingPass ...
[2022-04-17 13:06:28] ReferenceBindingPass time: 00:00.004
[2022-04-17 13:06:28] EntityTypeUpdateBindingPass ...
[2022-04-17 13:06:28] EntityTypeUpdateBindingPass time: 00:00.001
[2022-04-17 13:06:28] DeclarationBindingPass ...
[2022-04-17 13:06:28] DeclarationBindingPass time: 00:00.001
[2022-04-17 13:06:28] PredicateBodyBindingPass ...
[2022-04-17 13:06:28] PredicateBodyBindingPass time: 00:00.046
[2022-04-17 13:06:28] LanguagePragmaPropagationPass ...
[2022-04-17 13:06:28] LanguagePragmaPropagationPass time: 00:00.002
[2022-04-17 13:06:28] Ambiguity checks ...
[2022-04-17 13:06:28] Ambiguity checks time: 00:00.006
[2022-04-17 13:06:28] Ql checks ...
[2022-04-17 13:06:28] Ql checks time: 00:00.013
[2022-04-17 13:06:28] [ERROR] execute queries> ERROR: Could not resolve module semmle.code.xml.MavenPom. There should probably be a qlpack.yml file declaring dependencies in /Users/zhuangpenghai/Downloads/CodeQL/Security/CWE/CWE-1104 or an enclosing directory. (/Users/zhuangpenghai/Downloads/CodeQL/Security/CWE/CWE-1104/MavenPomDependsOnBintray.ql:14,8-32)
[2022-04-17 13:06:28] [ERROR] execute queries> ERROR: Could not resolve module java. There should probably be a qlpack.yml file declaring dependencies in /Users/zhuangpenghai/Downloads/CodeQL/Security/CWE/CWE-1104 or an enclosing directory. (/Users/zhuangpenghai/Downloads/CodeQL/Security/CWE/CWE-1104/MavenPomDependsOnBintray.ql:13,8-12)
[2022-04-17 13:06:28] [ERROR] execute queries> ERROR: Could not resolve type DeclaredRepository (/Users/zhuangpenghai/Downloads/CodeQL/Security/CWE/CWE-1104/MavenPomDependsOnBintray.ql:16,36-54)
[2022-04-17 13:06:28] [ERROR] execute queries> ERROR: Could not resolve type DeclaredRepository (/Users/zhuangpenghai/Downloads/CodeQL/Security/CWE/CWE-1104/MavenPomDependsOnBintray.ql:20,6-24)
[2022-04-17 13:06:28] Sequence stamp origin is -6466451275854359530
[2022-04-17 13:06:28] Pausing evaluation to close the cache at sequence stamp o+0
[2022-04-17 13:06:28] The disk cache is freshly trimmed; leave it be.
[2022-04-17 13:06:28] Unpausing evaluation
[2022-04-17 13:06:28] Exiting with code 2
