[2022-04-17 14:07:54] This is codeql execute queries -J-Xmx2048M --off-heap-ram=2048 --verbosity=progress --logdir=/Users/zhuangpenghai/Downloads/CodeQL/Vuln/micro/log --evaluator-log-level=1 --insecurely-execute-ml-model-checksums= --warnings=show --qlconfig-file=/Users/zhuangpenghai/Downloads/CodeQL/qlconfig.yml -- /Users/zhuangpenghai/Downloads/CodeQL/Vuln/micro/db-java /Users/zhuangpenghai/Downloads/CodeQL/Security/CWE/CWE-312/CleartextStorageProperties.ql
[2022-04-17 14:07:54] Calling plumbing command: codeql resolve queries --format=json -- /Users/zhuangpenghai/Downloads/CodeQL/Security/CWE/CWE-312/CleartextStorageProperties.ql
[2022-04-17 14:07:54] Plumbing command codeql resolve queries completed:
                      [
                        "/Users/zhuangpenghai/Downloads/CodeQL/Security/CWE/CWE-312/CleartextStorageProperties.ql"
                      ]
[2022-04-17 14:07:54] Refusing fancy output: $CODEQL_ISATTY terminal indication is missing
[2022-04-17 14:07:54] Creating executor with 1 threads.
[2022-04-17 14:07:55] Calling plumbing command: codeql resolve library-path --qlconfig-file=/Users/zhuangpenghai/Downloads/CodeQL/qlconfig.yml --query=/Users/zhuangpenghai/Downloads/CodeQL/Security/CWE/CWE-312/CleartextStorageProperties.ql --format=json
[2022-04-17 14:07:55] [DETAILS] resolve library-path> Resolving query at normalized path /Users/zhuangpenghai/Downloads/CodeQL/Security/CWE/CWE-312/CleartextStorageProperties.ql.
[2022-04-17 14:07:55] [DETAILS] resolve library-path> Found enclosing pack 'micro' at /Users/zhuangpenghai/Downloads/CodeQL.
[2022-04-17 14:07:55] [DETAILS] resolve library-path> Adding compilation cache at /Users/zhuangpenghai/Downloads/CodeQL/.cache.
[2022-04-17 14:07:55] [DETAILS] resolve library-path> Resolving library dependencies from /Users/zhuangpenghai/Downloads/CodeQL/qlpack.yml.
[2022-04-17 14:07:55] [DETAILS] resolve library-path> QL pack dependencies for /Users/zhuangpenghai/Downloads/CodeQL resolved OK.
[2022-04-17 14:07:55] [DETAILS] resolve library-path> Found dbscheme through QL packs: /Users/zhuangpenghai/codeql-home/codeql-repo/java/ql/lib/config/semmlecode.dbscheme.
[2022-04-17 14:07:55] Plumbing command codeql resolve library-path completed:
                      {
                        "libraryPath" : [
                          "/Users/zhuangpenghai/Downloads/CodeQL",
                          "/Users/zhuangpenghai/codeql-home/codeql-repo/java/ql/lib",
                          "/Users/zhuangpenghai/codeql-home/codeql-repo/java/upgrades"
                        ],
                        "dbscheme" : "/Users/zhuangpenghai/codeql-home/codeql-repo/java/ql/lib/config/semmlecode.dbscheme",
                        "compilationCache" : [
                          "/Users/zhuangpenghai/Downloads/CodeQL/.cache"
                        ],
                        "relativeName" : "micro/Security/CWE/CWE-312/CleartextStorageProperties.ql",
                        "qlPackName" : "micro"
                      }
[2022-04-17 14:07:55] [PROGRESS] execute queries> Compiling query plan for /Users/zhuangpenghai/Downloads/CodeQL/Security/CWE/CWE-312/CleartextStorageProperties.ql.
[2022-04-17 14:07:55] [DETAILS] execute queries> Resolving imports for /Users/zhuangpenghai/Downloads/CodeQL/Security/CWE/CWE-312/CleartextStorageProperties.ql.
[2022-04-17 14:07:56] Resolved file set for /Users/zhuangpenghai/Downloads/CodeQL/Security/CWE/CWE-312/CleartextStorageProperties.ql hashes to 9d087bba3b0610e0c5cf4c9cb680828ce19e2c18.
[2022-04-17 14:07:56] [DETAILS] execute queries> Checking QL for /Users/zhuangpenghai/Downloads/CodeQL/Security/CWE/CWE-312/CleartextStorageProperties.ql.
[2022-04-17 14:07:56] ExternalModuleBindingPass ...
[2022-04-17 14:07:58] ExternalModuleBindingPass time: 00:01.419
[2022-04-17 14:07:58] QLPredicateSynthesiser ...
[2022-04-17 14:07:58] QLPredicateSynthesiser time: 00:00.019
[2022-04-17 14:07:58] DeclarationBindingPass ...
[2022-04-17 14:07:58] DeclarationBindingPass time: 00:00.177
[2022-04-17 14:07:58] Fixed point time ...
[2022-04-17 14:07:58] Fixed point time time: 00:00.286
[2022-04-17 14:07:58] ReferenceBindingPass ...
[2022-04-17 14:07:58] ReferenceBindingPass time: 00:00.036
[2022-04-17 14:07:58] EntityTypeUpdateBindingPass ...
[2022-04-17 14:07:58] EntityTypeUpdateBindingPass time: 00:00.070
[2022-04-17 14:07:58] DeclarationBindingPass ...
[2022-04-17 14:07:59] DeclarationBindingPass time: 00:00.039
[2022-04-17 14:07:59] PredicateBodyBindingPass ...
[2022-04-17 14:07:59] PredicateBodyBindingPass time: 00:00.418
[2022-04-17 14:07:59] LanguagePragmaPropagationPass ...
[2022-04-17 14:07:59] LanguagePragmaPropagationPass time: 00:00.031
[2022-04-17 14:07:59] Ambiguity checks ...
[2022-04-17 14:07:59] Ambiguity checks time: 00:00.068
[2022-04-17 14:07:59] Ql checks ...
[2022-04-17 14:08:00] Ql checks time: 00:00.593
[2022-04-17 14:08:01] Compilation pipeline
[2022-04-17 14:08:02] Type Inference ...
[2022-04-17 14:08:02] CSV_TYPE_HIERARCHY: Best number of iterations,Maximum number of runs,Number of BDD variables,Size of BDD for typefacts
[2022-04-17 14:08:02] CSV_TYPE_HIERARCHY: 0,0,2,2
[2022-04-17 14:08:02] CSV_TYPE_HIERARCHY: 0,0,0,0
[2022-04-17 14:08:02] CSV_TYPE_HIERARCHY: 0,0,23,31
[2022-04-17 14:08:02] CSV_TYPE_HIERARCHY: 0,0,12,12
[2022-04-17 14:08:02] CSV_TYPE_HIERARCHY: 0,0,0,0
[2022-04-17 14:08:02] CSV_TYPE_HIERARCHY: 0,0,769,1196
[2022-04-17 14:08:02] CSV_TYPE_HIERARCHY: 0,0,2,2
[2022-04-17 14:08:02] CSV_TYPE_HIERARCHY: 0,0,2,2
[2022-04-17 14:08:02] CSV_TYPE_HIERARCHY: 0,0,4,4
[2022-04-17 14:08:02] CSV_TYPE_HIERARCHY: 0,0,1,1
[2022-04-17 14:08:02] CSV_TYPE_HIERARCHY: 0,0,8,8
[2022-04-17 14:08:02] CSV_TYPE_HIERARCHY: 0,0,2,2
[2022-04-17 14:08:02] CSV_TYPE_HIERARCHY: 0,0,1,1
[2022-04-17 14:08:02] CSV_TYPE_HIERARCHY: 0,0,4,4
[2022-04-17 14:08:02] CSV_TYPE_HIERARCHY: 0,0,78,137
[2022-04-17 14:08:02] CSV_TYPE_HIERARCHY: 0,0,5,5
[2022-04-17 14:08:02] CSV_TYPE_HIERARCHY: 0,0,1,1
[2022-04-17 14:08:02] CSV_TYPE_HIERARCHY: 0,0,8,8
[2022-04-17 14:08:02] CSV_TYPE_HIERARCHY: 0,0,3,3
[2022-04-17 14:08:02] CSV_TYPE_HIERARCHY: 0,0,3,3
[2022-04-17 14:08:02] CSV_TYPE_HIERARCHY: 0,0,4,4
[2022-04-17 14:08:02] CSV_TYPE_HIERARCHY: 0,0,10,10
[2022-04-17 14:08:02] CSV_TYPE_HIERARCHY: 0,0,1,1
[2022-04-17 14:08:02] CSV_TYPE_HIERARCHY: 0,0,4,4
[2022-04-17 14:08:02] CSV_TYPE_HIERARCHY: 0,0,9,11
[2022-04-17 14:08:02] CSV_TYPE_HIERARCHY: 0,0,6,6
[2022-04-17 14:08:02] CSV_TYPE_HIERARCHY: 0,0,1,1
[2022-04-17 14:08:02] CSV_TYPE_HIERARCHY: 0,0,9,12
[2022-04-17 14:08:02] CSV_TYPE_HIERARCHY: 0,0,2,2
[2022-04-17 14:08:02] CSV_TYPE_HIERARCHY: 0,0,3,3
[2022-04-17 14:08:02] CSV_TYPE_HIERARCHY: 0,0,2,2
[2022-04-17 14:08:02] CSV_TYPE_HIERARCHY: 0,0,3,3
[2022-04-17 14:08:02] CSV_TYPE_HIERARCHY: 0,0,4,4
[2022-04-17 14:08:02] CSV_TYPE_HIERARCHY: 0,0,11,11
[2022-04-17 14:08:02] CSV_TYPE_HIERARCHY: 0,0,2,2
[2022-04-17 14:08:02] CSV_TYPE_HIERARCHY: 0,0,4,4
[2022-04-17 14:08:02] CSV_TYPE_HIERARCHY: 0,0,2,2
[2022-04-17 14:08:02] CSV_TYPE_HIERARCHY: 0,0,2,2
[2022-04-17 14:08:02] CSV_TYPE_HIERARCHY: 0,0,2,2
[2022-04-17 14:08:02] CSV_TYPE_HIERARCHY: 0,0,1,1
[2022-04-17 14:08:02] CSV_TYPE_HIERARCHY: 0,0,4,4
[2022-04-17 14:08:02] CSV_TYPE_HIERARCHY: 0,0,2,2
[2022-04-17 14:08:02] CSV_TYPE_HIERARCHY: 0,0,3,3
[2022-04-17 14:08:02] CSV_TYPE_HIERARCHY: 0,0,2,2
[2022-04-17 14:08:02] CSV_TYPE_HIERARCHY: 0,0,4,4
[2022-04-17 14:08:02] CSV_TYPE_HIERARCHY: 0,0,2,2
[2022-04-17 14:08:02] CSV_TYPE_HIERARCHY: 0,0,4,4
[2022-04-17 14:08:02] CSV_TYPE_HIERARCHY: 0,0,6,6
[2022-04-17 14:08:02] CSV_TYPE_HIERARCHY: 0,0,3,3
[2022-04-17 14:08:02] CSV_TYPE_HIERARCHY: 0,0,8,10
[2022-04-17 14:08:02] CSV_TYPE_HIERARCHY: 0,0,2,2
[2022-04-17 14:08:02] CSV_TYPE_HIERARCHY: 0,0,8,10
[2022-04-17 14:08:02] CSV_TYPE_HIERARCHY: 0,0,3,3
[2022-04-17 14:08:02] CSV_TYPE_HIERARCHY: 0,0,4,4
[2022-04-17 14:08:02] CSV_TYPE_HIERARCHY: 0,0,6,6
[2022-04-17 14:08:02] CSV_TYPE_HIERARCHY: 0,0,3,3
[2022-04-17 14:08:02] CSV_TYPE_HIERARCHY: 0,0,8,10
[2022-04-17 14:08:02] CSV_TYPE_HIERARCHY: 0,0,2,2
[2022-04-17 14:08:02] CSV_TYPE_HIERARCHY: 0,0,8,10
[2022-04-17 14:08:02] CSV_TYPE_HIERARCHY: 0,0,4,4
[2022-04-17 14:08:02] CSV_TYPE_HIERARCHY: 0,0,6,6
[2022-04-17 14:08:02] CSV_TYPE_HIERARCHY: 0,0,3,3
[2022-04-17 14:08:02] CSV_TYPE_HIERARCHY: 0,0,8,10
[2022-04-17 14:08:02] CSV_TYPE_HIERARCHY: 0,0,2,2
[2022-04-17 14:08:02] CSV_TYPE_HIERARCHY: 0,0,8,10
[2022-04-17 14:08:02] CSV_TYPE_HIERARCHY: 0,0,4,4
[2022-04-17 14:08:02] CSV_TYPE_HIERARCHY: 0,0,4,4
[2022-04-17 14:08:02] CSV_TYPE_HIERARCHY: 0,0,4,4
[2022-04-17 14:08:02] CSV_TYPE_HIERARCHY: 0,0,4,4
[2022-04-17 14:08:02] CSV_TYPE_HIERARCHY: 0,0,1,1
[2022-04-17 14:08:02] CSV_TYPE_HIERARCHY: 0,0,4,4
[2022-04-17 14:08:02] CSV_TYPE_HIERARCHY: 0,0,8,10
[2022-04-17 14:08:02] CSV_TYPE_HIERARCHY: 0,0,2,2
[2022-04-17 14:08:02] CSV_TYPE_HIERARCHY: 0,0,6,6
[2022-04-17 14:08:02] CSV_TYPE_HIERARCHY: 0,0,3,3
[2022-04-17 14:08:02] CSV_TYPE_HIERARCHY: 0,0,8,10
[2022-04-17 14:08:02] CSV_TYPE_HIERARCHY: 0,0,2,2
[2022-04-17 14:08:02] CSV_TYPE_HIERARCHY: 0,0,2,2
[2022-04-17 14:08:02] CSV_TYPE_HIERARCHY: 0,0,3,3
[2022-04-17 14:08:02] CSV_TYPE_HIERARCHY: 0,0,2,2
[2022-04-17 14:08:02] CSV_TYPE_HIERARCHY: 0,0,2,2
[2022-04-17 14:08:02] CSV_TYPE_HIERARCHY: 0,0,2,2
[2022-04-17 14:08:02] CSV_TYPE_HIERARCHY: 0,0,2,2
[2022-04-17 14:08:02] CSV_TYPE_HIERARCHY: 0,0,2,2
[2022-04-17 14:08:02] CSV_TYPE_HIERARCHY: 0,0,2,2
[2022-04-17 14:08:02] CSV_TYPE_HIERARCHY: 0,0,3,3
[2022-04-17 14:08:02] CSV_TYPE_HIERARCHY: 0,0,2,2
[2022-04-17 14:08:02] CSV_TYPE_HIERARCHY: 0,0,2,2
[2022-04-17 14:08:02] CSV_TYPE_HIERARCHY: 0,0,2,2
[2022-04-17 14:08:02] CSV_TYPE_HIERARCHY: 0,0,2,2
[2022-04-17 14:08:02] CSV_TYPE_HIERARCHY: 0,0,2,2
[2022-04-17 14:08:02] CSV_TYPE_HIERARCHY: 0,0,2,2
[2022-04-17 14:08:02] CSV_TYPE_HIERARCHY: 0,0,3,3
[2022-04-17 14:08:02] CSV_TYPE_HIERARCHY: 0,0,2,2
[2022-04-17 14:08:02] CSV_TYPE_HIERARCHY: 0,0,2,2
[2022-04-17 14:08:02] CSV_TYPE_HIERARCHY: 0,0,2,2
[2022-04-17 14:08:02] CSV_TYPE_HIERARCHY: 0,0,2,2
[2022-04-17 14:08:02] CSV_TYPE_HIERARCHY: 0,0,2,2
[2022-04-17 14:08:02] CSV_TYPE_HIERARCHY: 0,0,2,2
[2022-04-17 14:08:02] CSV_TYPE_HIERARCHY: 0,0,3,3
[2022-04-17 14:08:02] CSV_TYPE_HIERARCHY: 0,0,2,2
[2022-04-17 14:08:02] CSV_TYPE_HIERARCHY: 0,0,2,2
[2022-04-17 14:08:02] CSV_TYPE_HIERARCHY: 0,0,2,2
[2022-04-17 14:08:02] CSV_TYPE_HIERARCHY: 0,0,2,2
[2022-04-17 14:08:02] CSV_TYPE_HIERARCHY: 0,0,2,2
[2022-04-17 14:08:03] Type Inference time: 00:01.547
[2022-04-17 14:08:03] Binding Checks ...
[2022-04-17 14:08:04] Binding Checks time: 00:00.320
[2022-04-17 14:08:04] [WARN] execute queries> WARNING: A problem query must select at least 2 columns. (/Users/zhuangpenghai/Downloads/CodeQL/Security/CWE/CWE-312/CleartextStorageProperties.ql:16,1-21,38)
[2022-04-17 14:08:04] [DETAILS] execute queries> Optimizing /Users/zhuangpenghai/Downloads/CodeQL/Security/CWE/CWE-312/CleartextStorageProperties.ql.
[2022-04-17 14:08:04] Processing compilation pipeline
[2022-04-17 14:08:04] Started compiling a query
[2022-04-17 14:08:04] Initialising compiler...
[2022-04-17 14:08:04] 	 ... compiler initialised
[2022-04-17 14:08:04] About to start query optimisation
[2022-04-17 14:08:05] Compilation cache hit - skipping compilation.
[2022-04-17 14:08:05] Compilation cache hit - skipping compilation.
[2022-04-17 14:08:05] Compilation cache hit - skipping compilation.
[2022-04-17 14:08:06] Compilation cache hit - skipping compilation.
[2022-04-17 14:08:06] Compilation cache hit - skipping compilation.
[2022-04-17 14:08:06] Compilation cache hit - skipping compilation.
[2022-04-17 14:08:06] Compilation cache hit - skipping compilation.
[2022-04-17 14:08:06] Compilation cache hit - skipping compilation.
[2022-04-17 14:08:06] Compilation cache hit - skipping compilation.
[2022-04-17 14:08:06] Compilation cache hit - skipping compilation.
[2022-04-17 14:08:07] Compilation cache hit - skipping compilation.
[2022-04-17 14:08:07] Compilation cache hit - skipping compilation.
[2022-04-17 14:08:07] Compilation cache hit - skipping compilation.
[2022-04-17 14:08:07] Compilation cache hit - skipping compilation.
[2022-04-17 14:08:07] Compilation cache hit - skipping compilation.
[2022-04-17 14:08:07] Compilation cache hit - skipping compilation.
[2022-04-17 14:08:07] Compilation cache hit - skipping compilation.
[2022-04-17 14:08:07] Compilation cache hit - skipping compilation.
[2022-04-17 14:08:07] Compilation cache hit - skipping compilation.
[2022-04-17 14:08:07] Compilation cache hit - skipping compilation.
[2022-04-17 14:08:08] Compilation cache hit - skipping compilation.
[2022-04-17 14:08:08] Compilation cache miss for b3bf8c808cb890133680b8006c80b3e6537552bc.
[2022-04-17 14:08:20] Stored compiled program for b3bf8c808cb890133680b8006c80b3e6537552bc.
[2022-04-17 14:08:20] CSV_COMPILATION: NONE,MISC,RA_TRANSLATION,OPTIMISATIONS
[2022-04-17 14:08:20] CSV_COMPILATION: 2270,1738,1480,10380
[2022-04-17 14:08:21] [PROGRESS] execute queries> [1/1 comp 25s] Compiled /Users/zhuangpenghai/Downloads/CodeQL/Security/CWE/CWE-312/CleartextStorageProperties.ql.
[2022-04-17 14:08:21] Of 5974 predicates, 0 are used in more than one query.
[2022-04-17 14:08:21] [PROGRESS] execute queries> Starting evaluation of micro/Security/CWE/CWE-312/CleartextStorageProperties.ql.
[2022-04-17 14:08:21] Starting evaluation of /Users/zhuangpenghai/Downloads/CodeQL/Security/CWE/CWE-312/CleartextStorageProperties.ql
[2022-04-17 14:08:21] (0s) Start query execution
[2022-04-17 14:08:21] (0s) Beginning execution of Member::overridesIgnoringAccess#ffff
[2022-04-17 14:08:21] CSV_CACHE_DIFF: Operation,Overall time,NONE,LOAD_EXTENSIONAL,PAGE_RELATION,SORT_RELATION,NODUPS_RELATION,GLOBAL_DISK_SYNC,GLOBAL_TRIM_DISK,GLOBAL_TRIM_STRINGS,GLOBAL_EVICTOR,SCAN_DISK,IO_TRIMMING,IO_WRITING
[2022-04-17 14:08:21] CSV_CACHE_DIFF: Member::overridesIgnoringAccess#ffff (CleartextStorageProperties.ql),0.018,0,0,0,0,0,0,0,0,0,0,0,0
[2022-04-17 14:08:21] CSV_IMB_QUERIES: Query type,Query predicate,Query name,Stage,Success,Time,Number of results,Cumulative time in query
[2022-04-17 14:08:21] CSV_IMB_QUERIES: Stage,Member::overridesIgnoringAccess#ffff,CleartextStorageProperties.ql,1,Success,0.018,5291,23
[2022-04-17 14:08:21] (0s) Beginning execution of Type::erase#ff
[2022-04-17 14:08:21] CSV_CACHE_DIFF: Type::erase#ff (CleartextStorageProperties.ql),0.001,0,0,0,0,0,0,0,0,0,0,0,0
[2022-04-17 14:08:21] CSV_IMB_QUERIES: Stage,Type::erase#ff,CleartextStorageProperties.ql,2,Success,0.001,6439,26
[2022-04-17 14:08:21] (0s) Beginning execution of Location::Top::toString_dispred#ff
[2022-04-17 14:08:21] CSV_CACHE_DIFF: Location::Top::toString_dispred#ff (CleartextStorageProperties.ql),0.001,0,0,0,0,0,0,0,0,0,0,0,0
[2022-04-17 14:08:21] CSV_IMB_QUERIES: Stage,Location::Top::toString_dispred#ff,CleartextStorageProperties.ql,3,Success,0.001,64877,28
[2022-04-17 14:08:21] (0s) Beginning execution of ExternalFlow::paramsString#ff
[2022-04-17 14:08:21] CSV_CACHE_DIFF: ExternalFlow::paramsString#ff (CleartextStorageProperties.ql),0,0,0,0,0,0,0,0,0,0,0,0,0
[2022-04-17 14:08:21] CSV_IMB_QUERIES: Stage,ExternalFlow::paramsString#ff,CleartextStorageProperties.ql,4,Success,0,22462,30
[2022-04-17 14:08:21] (0s) Beginning execution of Type::hasSubtype#ff
[2022-04-17 14:08:21] CSV_CACHE_DIFF: Type::hasSubtype#ff (CleartextStorageProperties.ql),0.001,0,0,0,0,0,0,0,0,0,0,0,0
[2022-04-17 14:08:21] CSV_IMB_QUERIES: Stage,Type::hasSubtype#ff,CleartextStorageProperties.ql,5,Success,0.001,16080,32
[2022-04-17 14:08:21] (0s) Beginning execution of Location::fixedHasLocation#fff
[2022-04-17 14:08:21] CSV_CACHE_DIFF: Location::fixedHasLocation#fff (CleartextStorageProperties.ql),0.001,0,0,0,0,0,0,0,0,0,0,0,0
[2022-04-17 14:08:21] CSV_IMB_QUERIES: Stage,Location::fixedHasLocation#fff,CleartextStorageProperties.ql,6,Success,0.001,38891,34
[2022-04-17 14:08:21] (0s) Beginning execution of Annotation::Annotatable::getAnAnnotation_dispred#ff
[2022-04-17 14:08:21] CSV_CACHE_DIFF: Annotation::Annotatable::getAnAnnotation_dispred#ff (CleartextStorageProperties.ql),0,0,0,0,0,0,0,0,0,0,0,0,0
[2022-04-17 14:08:21] CSV_IMB_QUERIES: Stage,Annotation::Annotatable::getAnAnnotation_dispred#ff,CleartextStorageProperties.ql,7,Success,0,2208,35
[2022-04-17 14:08:21] (0s) Beginning execution of Type::RefType::hasMethod_dispred#ffff
[2022-04-17 14:08:21] CSV_CACHE_DIFF: Type::RefType::hasMethod_dispred#ffff (CleartextStorageProperties.ql),0,0,0,0,0,0,0,0,0,0,0,0,0
[2022-04-17 14:08:21] CSV_IMB_QUERIES: Stage,Type::RefType::hasMethod_dispred#ffff,CleartextStorageProperties.ql,8,Success,0,103353,36
[2022-04-17 14:08:21] (0s) Beginning execution of InstanceAccess::TExplicitInstanceAccess#ff InstanceAccess::TThisQualifier#ff InstanceAccess::TThisArgument#ff InstanceAccess::TThisEnclosingInstanceCapture#ff InstanceAccess::TEnclosingInstanceAccess#fff InstanceAccess::TInstanceAccessQualifier#fffff InstanceAccess::TInstanceAccessExt#f
[2022-04-17 14:08:21] CSV_CACHE_DIFF: InstanceAccess::TExplicitInstanceAccess#ff InstanceAccess::TThisQualifier#ff InstanceAccess::TThisArgument#ff InstanceAccess::TThisEnclosingInstanceCapture#ff InstanceAccess::TEnclosingInstanceAccess#fff InstanceAccess::TInstanceAccessQualifier#fffff InstanceAccess::TInstanceAccessExt#f (CleartextStorageProperties.ql),0.005,0,0,0,0,0,0,0,0,0,0,0,0
[2022-04-17 14:08:21] CSV_IMB_QUERIES: Stage,InstanceAccess::TExplicitInstanceAccess#ff InstanceAccess::TThisQualifier#ff InstanceAccess::TThisArgument#ff InstanceAccess::TThisEnclosingInstanceCapture#ff InstanceAccess::TEnclosingInstanceAccess#fff InstanceAccess::TInstanceAccessQualifier#fffff InstanceAccess::TInstanceAccessExt#f,CleartextStorageProperties.ql,9,Success,0.005,84,45
[2022-04-17 14:08:21] (0s) Beginning execution of BaseSSA::BaseSsaSourceVariable::getAnAccess_dispred#ff
[2022-04-17 14:08:21] CSV_CACHE_DIFF: BaseSSA::BaseSsaSourceVariable::getAnAccess_dispred#ff (CleartextStorageProperties.ql),0.001,0,0,0,0,0,0,0,0,0,0,0,0
[2022-04-17 14:08:21] CSV_IMB_QUERIES: Stage,BaseSSA::BaseSsaSourceVariable::getAnAccess_dispred#ff,CleartextStorageProperties.ql,10,Success,0.001,114,47
[2022-04-17 14:08:21] (0s) Beginning execution of ControlFlowGraph::ControlFlowGraphImpl::branchSuccessor#fff ControlFlowGraph::ControlFlowGraphImpl::succ#fff
[2022-04-17 14:08:21] CSV_CACHE_DIFF: ControlFlowGraph::ControlFlowGraphImpl::branchSuccessor#fff ControlFlowGraph::ControlFlowGraphImpl::succ#fff (CleartextStorageProperties.ql),0.001,0,0,0,0,0,0,0,0,0,0,0,0
[2022-04-17 14:08:21] CSV_IMB_QUERIES: Stage,ControlFlowGraph::ControlFlowGraphImpl::branchSuccessor#fff ControlFlowGraph::ControlFlowGraphImpl::succ#fff,CleartextStorageProperties.ql,11,Success,0.001,893,48
[2022-04-17 14:08:21] (0s) Beginning execution of BasicBlocks::BasicBlock::getNode_dispred#fff
[2022-04-17 14:08:21] CSV_CACHE_DIFF: BasicBlocks::BasicBlock::getNode_dispred#fff (CleartextStorageProperties.ql),0,0,0,0,0,0,0,0,0,0,0,0,0
[2022-04-17 14:08:21] CSV_IMB_QUERIES: Stage,BasicBlocks::BasicBlock::getNode_dispred#fff,CleartextStorageProperties.ql,12,Success,0,994,49
[2022-04-17 14:08:21] (0s) Beginning execution of BasicBlocks::BasicBlock::length_dispred#ff
[2022-04-17 14:08:21] CSV_CACHE_DIFF: BasicBlocks::BasicBlock::length_dispred#ff (CleartextStorageProperties.ql),0,0,0,0,0,0,0,0,0,0,0,0,0
[2022-04-17 14:08:21] CSV_IMB_QUERIES: Stage,BasicBlocks::BasicBlock::length_dispred#ff,CleartextStorageProperties.ql,13,Success,0,265,50
[2022-04-17 14:08:21] (0s) Beginning execution of BasicBlocks::BasicBlock::getABBSuccessor_dispred#ff
[2022-04-17 14:08:21] CSV_CACHE_DIFF: BasicBlocks::BasicBlock::getABBSuccessor_dispred#ff (CleartextStorageProperties.ql),0,0,0,0,0,0,0,0,0,0,0,0,0
[2022-04-17 14:08:21] CSV_IMB_QUERIES: Stage,BasicBlocks::BasicBlock::getABBSuccessor_dispred#ff,CleartextStorageProperties.ql,14,Success,0,132,51
[2022-04-17 14:08:21] (0s) Beginning execution of Dominance::bbIDominates#ff
[2022-04-17 14:08:21] CSV_CACHE_DIFF: Dominance::bbIDominates#ff (CleartextStorageProperties.ql),0.001,0,0,0,0,0,0,0,0,0,0,0,0
[2022-04-17 14:08:21] CSV_IMB_QUERIES: Stage,Dominance::bbIDominates#ff,CleartextStorageProperties.ql,15,Success,0.001,80,52
[2022-04-17 14:08:21] (0s) Beginning execution of BaseSSA::SsaImpl::firstUse#ff BaseSSA::SsaImpl::SsaDefReaches::ssaDefReachesUse#fff BaseSSA::SsaImpl::SsaDefReaches::ssaDefReachesCapture#fff BaseSSA::SsaImpl::SsaDefReaches::ssaDefReachesEndOfBlock#fff BaseSSA::SsaImpl::hasEntryDef#ff BaseSSA::SsaImpl::getDestVar#ff BaseSSA::SsaImpl::variableUpdate#ffff BaseSSA::SsaImpl::SsaPublic::baseSsaAdjacentUseUseSameVar#ff BaseSSA::SsaImpl::SsaPublic::baseSsaAdjacentUseUse#ff BaseSSA::SsaImpl::phiNode#ff
[2022-04-17 14:08:21] (0s) Inferred that project#BaseSSA::SsaImpl::SsaDefReaches::ssaDefReachesCapture/2@7832e77k is empty, due to BaseSSA::SsaImpl::SsaDefReaches::ssaDefReachesCapture#fff/3@1d86206t.
[2022-04-17 14:08:21] (0s) Inferred that project#BaseSSA::SsaImpl::SsaDefReaches::ssaDefReachesCapture_10#join_rhs/2@5ffbd2l5 is empty, due to project#BaseSSA::SsaImpl::SsaDefReaches::ssaDefReachesCapture/2@7832e77k.
[2022-04-17 14:08:21] (0s) Inferred that BaseSSA::BaseSsaImplicitInit::captures_dispred#ff/2@05448be9 is empty, due to project#BaseSSA::SsaImpl::SsaDefReaches::ssaDefReachesCapture_10#join_rhs/2@5ffbd2l5.
[2022-04-17 14:08:21] (0s)  >>> Created relation project#BaseSSA::SsaImpl::SsaDefReaches::ssaDefReachesCapture/2@7832e77k with 0 rows.
[2022-04-17 14:08:21] (0s)  >>> Created relation project#BaseSSA::SsaImpl::SsaDefReaches::ssaDefReachesCapture_10#join_rhs/2@5ffbd2l5 with 0 rows.
[2022-04-17 14:08:21] (0s)  >>> Created relation BaseSSA::BaseSsaImplicitInit::captures_dispred#ff/2@05448be9 with 0 rows.
[2022-04-17 14:08:21] CSV_CACHE_DIFF: BaseSSA::SsaImpl::firstUse#ff BaseSSA::SsaImpl::SsaDefReaches::ssaDefReachesUse#fff BaseSSA::SsaImpl::SsaDefReaches::ssaDefReachesCapture#fff BaseSSA::SsaImpl::SsaDefReaches::ssaDefReachesEndOfBlock#fff BaseSSA::SsaImpl::hasEntryDef#ff BaseSSA::SsaImpl::getDestVar#ff BaseSSA::SsaImpl::variableUpdate#ffff BaseSSA::SsaImpl::SsaPublic::baseSsaAdjacentUseUseSameVar#ff BaseSSA::SsaImpl::SsaPublic::baseSsaAdjacentUseUse#ff BaseSSA::SsaImpl::phiNode#ff (CleartextStorageProperties.ql),0.013,0,0,0,0,0,0,0,0,0,0,0,0
[2022-04-17 14:08:21] CSV_IMB_QUERIES: Stage,BaseSSA::SsaImpl::firstUse#ff BaseSSA::SsaImpl::SsaDefReaches::ssaDefReachesUse#fff BaseSSA::SsaImpl::SsaDefReaches::ssaDefReachesCapture#fff BaseSSA::SsaImpl::SsaDefReaches::ssaDefReachesEndOfBlock#fff BaseSSA::SsaImpl::hasEntryDef#ff BaseSSA::SsaImpl::getDestVar#ff BaseSSA::SsaImpl::variableUpdate#ffff BaseSSA::SsaImpl::SsaPublic::baseSsaAdjacentUseUseSameVar#ff BaseSSA::SsaImpl::SsaPublic::baseSsaAdjacentUseUse#ff BaseSSA::SsaImpl::phiNode#ff,CleartextStorageProperties.ql,16,Success,0.013,467,66
[2022-04-17 14:08:21] (0s) Beginning execution of SSA::TLocalVar#fff SSA::TPlainField#fff SSA::TEnclosingField#ffff SSA::TQualifiedField#ffff SSA::TSsaSourceVariable#f SSA::SsaSourceVariable::getAnAccess_dispred#ff
[2022-04-17 14:08:21] (0s) Inferred that SSA::SsaSourceField::isVolatile#f#join_rhs/2@5b70a8g7 is empty, due to SSA::TQualifiedField#ffff/4@785271lm.
[2022-04-17 14:08:21] (0s) Inferred that SSA::TQualifiedField#ffff_13#join_rhs/2@a4f5c8bl is empty, due to SSA::TQualifiedField#ffff/4@785271lm.
[2022-04-17 14:08:21] (0s) Inferred that SSA::SsaImpl::certainVariableUpdate#ffff#join_rhs/2@3e125186 is empty, due to SSA::TQualifiedField#ffff/4@785271lm.
[2022-04-17 14:08:21] (0s)  >>> Created relation SSA::SsaSourceField::isVolatile#f#join_rhs/2@5b70a8g7 with 0 rows.
[2022-04-17 14:08:21] (0s)  >>> Created relation SSA::TQualifiedField#ffff_13#join_rhs/2@a4f5c8bl with 0 rows.
[2022-04-17 14:08:21] (0s)  >>> Created relation SSA::SsaImpl::certainVariableUpdate#ffff#join_rhs/2@3e125186 with 0 rows.
[2022-04-17 14:08:21] CSV_CACHE_DIFF: SSA::TLocalVar#fff SSA::TPlainField#fff SSA::TEnclosingField#ffff SSA::TQualifiedField#ffff SSA::TSsaSourceVariable#f SSA::SsaSourceVariable::getAnAccess_dispred#ff (CleartextStorageProperties.ql),0.003,0,0,0,0,0,0,0,0,0,0,0,0
[2022-04-17 14:08:21] CSV_IMB_QUERIES: Stage,SSA::TLocalVar#fff SSA::TPlainField#fff SSA::TEnclosingField#ffff SSA::TQualifiedField#ffff SSA::TSsaSourceVariable#f SSA::SsaSourceVariable::getAnAccess_dispred#ff,CleartextStorageProperties.ql,17,Success,0.003,43698,70
[2022-04-17 14:08:21] (0s) Beginning execution of SSA::TrackedVariablesImpl::trackField#f
[2022-04-17 14:08:21] CSV_CACHE_DIFF: SSA::TrackedVariablesImpl::trackField#f (CleartextStorageProperties.ql),0.001,0,0,0,0,0,0,0,0,0,0,0,0
[2022-04-17 14:08:21] CSV_IMB_QUERIES: Stage,SSA::TrackedVariablesImpl::trackField#f,CleartextStorageProperties.ql,18,Success,0.001,1,71
[2022-04-17 14:08:21] (0s) Beginning execution of Expr::CompileTimeConstantExpr::getIntValue_dispred#ff
[2022-04-17 14:08:21] CSV_CACHE_DIFF: Expr::CompileTimeConstantExpr::getIntValue_dispred#ff (CleartextStorageProperties.ql),0.003,0,0,0,0,0,0,0,0,0,0,0,0
[2022-04-17 14:08:21] CSV_IMB_QUERIES: Stage,Expr::CompileTimeConstantExpr::getIntValue_dispred#ff,CleartextStorageProperties.ql,19,Success,0.003,2,76
[2022-04-17 14:08:21] (0s) Beginning execution of Dependency::usesType#ff
[2022-04-17 14:08:21] CSV_CACHE_DIFF: Dependency::usesType#ff (CleartextStorageProperties.ql),0.003,0,0,0,0,0,0,0,0,0,0,0,0
[2022-04-17 14:08:21] CSV_IMB_QUERIES: Stage,Dependency::usesType#ff,CleartextStorageProperties.ql,20,Success,0.003,7444,80
[2022-04-17 14:08:21] (0s) Beginning execution of DataFlowImplCommon::Cached::TReturnPosition#f DataFlowImplCommon::Cached::TTypedContent#f DataFlowImplCommon::Cached::TDataFlowCallOption#f TaintTrackingUtil::Cached::localTaintStep#ff DataFlowImplCommon::Cached::hiddenNode#f DataFlowImplCommon::Cached::clearsContentCached#ff DataFlowImplCommon::Cached::TAnyLocalCall#f DataFlowImplCommon::Cached::TLocalFlowCallContext#f DataFlowImplCommon::Cached::TSpecificLocalCall#ff DataFlowImplCommon::Cached::TAccessPathFront#f DataFlowImplCommon::Cached::TFrontNil#ff DataFlowImplCommon::Cached::DispatchWithCallContext::prunedViableImplInCallContextReverse#fff DataFlowImplCommon::Cached::allowParameterReturnInSelfCached#f DataFlowImplCommon::Cached::DispatchWithCallContext::prunedViableImplInCallContext#fff DataFlowImplCommon::Cached::TBooleanSome#ff DataFlowImplCommon::Cached::TBooleanOption#f DataFlowImplCommon::Cached::TBooleanNone#f DataFlowImplCommon::Cached::DispatchWithCallContext::reducedViableImplInReturn#ff DataFlowImplCommon::Cached::TReturn#fff DataFlowImplCommon::Cached::TSomeCall#f DataFlowImplCommon::Cached::isUnreachableInCallCached#ff DataFlowImplCommon::Cached::recordDataFlowCallSiteUnreachable#ff DataFlowImplCommon::Cached::TDataFlowCallSome#ff DataFlowImplCommon::Cached::callEnclosingCallable#ff DataFlowImplCommon::Cached::DispatchWithCallContext::reducedViableImplInCallContext#fff DataFlowImplCommon::Cached::recordDataFlowCallSiteDispatch#ff DataFlowImplCommon::Cached::TSpecificCall#ff DataFlowImplCommon::Cached::TAnyCallContext#f DataFlowImplCommon::Cached::TCallContext#f DataFlowImplCommon::Cached::viableReturnPosOut#fff DataFlowImplCommon::Cached::TReturnPosition0#fff DataFlowImplCommon::Cached::store#2#ffff DataFlowImplCommon::Cached::jumpStepCached#ff DataFlowImplCommon::Cached::simpleLocalFlowStepExt#ff SignAnalysisCommon::exprSign#ff ModulusAnalysis::exprModulus#ffff RangeAnalysis::RangeAnalysisCache::possibleReason#f RangeAnalysis::RangeAnalysisCache::RangeAnalysisPublic::bounded#fffff GuardsLogic::implies_v3#ffff DataFlowImplCommon::Cached::getAnOutNodeExt#fff DataFlowImplCommon::Cached::nodeEnclosingCallable#ff DataFlowImplCommon::Cached::TReturnKindExt#f DataFlowImplCommon::Cached::TParamUpdate#ff DataFlowImplCommon::Cached::outNodeExt#f DataFlowImplCommon::Cached::castNode#f DataFlowImplCommon::Cached::castingNode#f DataFlowImplCommon::Cached::TValueReturn#ff DataFlowImplCommon::Cached::returnNodeExt#ff DataFlowImplCommon::Cached::argumentNode#fff ExternalFlow::Cached::sinkNode#ff ExternalFlow::Cached::sourceNode#ff TaintTrackingUtil::Cached::localAdditionalTaintStep#ff TaintTrackingUtil::Cached::defaultAdditionalTaintStep#ff TaintTrackingUtil::Cached::defaultTaintSanitizer#f TaintTrackingUtil::Cached::forceCachingInSameStage# DataFlowUtil::simpleLocalFlowStep#ff DataFlowImplCommon::Cached::TDataFlowCallNone#f DataFlowImplCommon::Cached::viableCallableLambda#fff DataFlowImplCommon::Cached::viableParamArg#fff SSA::SsaImpl::firstUse#ff SSA::SsaImpl::SsaDefReaches::ssaDefReachesUse#fff SSA::SsaImpl::SsaDefReaches::ssaDefReachesCapture#fff SSA::SsaImpl::SsaDefReaches::ssaDefReachesUncertainDef#fff SSA::SsaImpl::SsaDefReaches::ssaDefReachesEndOfBlock#fff SSA::TSsaUncertainUpdate#fffff SSA::TSsaCertainUpdate#fffff SSA::SsaImpl::relevantFieldUpdate#fff SSA::SsaImpl::updatesNamedField#fff SSA::SsaImpl::uncertainVariableUpdate#ffff SSA::SsaImpl::getDestVar#ff SSA::SsaImpl::certainVariableUpdate#ffff SSA::SsaImpl::phiNode#ff SSA::TSsaPhiNode#fff SSA::SsaImpl::SsaPublic::adjacentUseUseSameVar#ff SSA::SsaImpl::SsaPublic::adjacentUseUse#ff SSA::SsaImpl::hasEntryDef#ff SSA::TSsaEntryDef#fff SSA::TSsaUntracked#fff SSA::TSsaVariable#f DataFlowImplCommon::Cached::read#fff VirtualDispatch::Dispatch::viableImpl#ff VirtualDispatch::Dispatch::viableImpl_v3#ff VirtualDispatch::Dispatch::viableImpl_v2#ff VirtualDispatch::Dispatch::exactMethodImpl#fff VirtualDispatch::Dispatch::viableMethodImpl#ffff VirtualDispatch::Dispatch::viableImpl_v1#ff TypeFlow::TypeFlowBounds::fieldTypeFlow#fff TypeFlow::TypeFlowBounds::exprTypeFlow#fff DataFlowImplCommon::Cached::nodeDataFlowType#ff DataFlowImplCommon::Cached::parameterNode#fff DataFlowImplCommon::Cached::MkTypedContent#fff DataFlowImplCommon::Cached::TFrontHead#ff DataFlowImplCommon::Cached::TAccessPathFrontOption#f DataFlowImplCommon::Cached::TAccessPathFrontNone#f DataFlowImplCommon::Cached::TAccessPathFrontSome#ff DataFlowImplCommon::Cached::forceCachingInSameStage# DataFlowNodes::TNode#f DataFlowNodes::TExplicitParameterNode#ff DataFlowNodes::TImplicitVarargsArray#ff DataFlowNodes::TInstanceParameterNode#ff DataFlowNodes::TImplicitInstanceAccess#ff DataFlowNodes::TMallocNode#ff DataFlowNodes::TExplicitExprPostUpdate#ff DataFlowNodes::TImplicitExprPostUpdate#ff DataFlowNodes::TSummaryInternalNode#fff DataFlowNodes::TFieldValueNode#ff DataFlowNodes::TExprNode#ff
[2022-04-17 14:08:21] (0s) Inferred that DataFlowImplCommon::Cached::TSpecificLocalCall#ff_10#join_rhs/2@07adcbn0 is empty, due to DataFlowImplCommon::Cached::TSpecificLocalCall#ff/2@3de3f6u8.
[2022-04-17 14:08:21] (0s) Inferred that DataFlowImpl4::LocalFlowBigStep::localFlowStepPlus#ffffff#antijoin_rhs/5@f59e5105 is empty, due to DataFlowImplCommon::Cached::TSpecificLocalCall#ff_10#join_rhs/2@07adcbn0.
[2022-04-17 14:08:21] (0s) Inferred that DataFlowImpl4::LocalFlowBigStep::localFlowStepPlus#ffffff#antijoin_rhs#1/5@1b4710n0 is empty, due to DataFlowImplCommon::Cached::TSpecificLocalCall#ff_10#join_rhs/2@07adcbn0.
[2022-04-17 14:08:21] (0s) Inferred that DataFlowImpl::LocalFlowBigStep::localFlowStepPlus#ffffff#antijoin_rhs/6@5c15d2b0 is empty, due to DataFlowImplCommon::Cached::TSpecificLocalCall#ff_10#join_rhs/2@07adcbn0.
[2022-04-17 14:08:21] (0s) Inferred that DataFlowImpl::LocalFlowBigStep::localFlowStepPlus#ffffff#antijoin_rhs#1/6@869e8298 is empty, due to DataFlowImplCommon::Cached::TSpecificLocalCall#ff_10#join_rhs/2@07adcbn0.
[2022-04-17 14:08:21] (0s)  >>> Created relation DataFlowImplCommon::Cached::TSpecificLocalCall#ff_10#join_rhs/2@07adcbn0 with 0 rows.
[2022-04-17 14:08:21] (0s)  >>> Created relation DataFlowImpl4::LocalFlowBigStep::localFlowStepPlus#ffffff#antijoin_rhs/5@f59e5105 with 0 rows.
[2022-04-17 14:08:21] (0s)  >>> Created relation DataFlowImpl4::LocalFlowBigStep::localFlowStepPlus#ffffff#antijoin_rhs#1/5@1b4710n0 with 0 rows.
[2022-04-17 14:08:21] (0s)  >>> Created relation DataFlowImpl::LocalFlowBigStep::localFlowStepPlus#ffffff#antijoin_rhs/6@5c15d2b0 with 0 rows.
[2022-04-17 14:08:21] (0s)  >>> Created relation DataFlowImpl::LocalFlowBigStep::localFlowStepPlus#ffffff#antijoin_rhs#1/6@869e8298 with 0 rows.
[2022-04-17 14:08:21] (0s) Inferred that DataFlowImplCommon::Cached::DispatchWithCallContext::prunedViableImplInCallContextReverse#fff_021#join_rhs/3@885af8mo is empty, due to DataFlowImplCommon::Cached::DispatchWithCallContext::prunedViableImplInCallContextReverse#fff/3@db3e6ft8.
[2022-04-17 14:08:21] (0s)  >>> Created relation DataFlowImplCommon::Cached::DispatchWithCallContext::prunedViableImplInCallContextReverse#fff_021#join_rhs/3@885af8mo with 0 rows.
[2022-04-17 14:08:21] (0s) Inferred that DataFlowImplCommon::Cached::TReturn#fff_2#join_rhs/1@6b8c47cn is empty, due to DataFlowImplCommon::Cached::TReturn#fff/3@c762b82e.
[2022-04-17 14:08:21] (0s) Inferred that DataFlowImplCommon::Cached::TReturn#fff_201#join_rhs/3@88a21crb is empty, due to DataFlowImplCommon::Cached::TReturn#fff/3@c762b82e.
[2022-04-17 14:08:21] (0s)  >>> Created relation DataFlowImplCommon::Cached::TReturn#fff_2#join_rhs/1@6b8c47cn with 0 rows.
[2022-04-17 14:08:21] (0s)  >>> Created relation DataFlowImplCommon::Cached::TReturn#fff_201#join_rhs/3@88a21crb with 0 rows.
[2022-04-17 14:08:21] (0s) Inferred that DataFlowImplCommon::relevantLocalCCtx#ff/2@b36c4f72 is empty, due to DataFlowImplCommon::Cached::isUnreachableInCallCached#ff/2@a63aed5n.
[2022-04-17 14:08:21] (0s) Inferred that DataFlowImplCommon::getLocalCallContext#fff#antijoin_rhs/2@f63657lk is empty, due to DataFlowImplCommon::relevantLocalCCtx#ff/2@b36c4f72.
[2022-04-17 14:08:21] (0s)  >>> Created relation DataFlowImplCommon::relevantLocalCCtx#ff/2@b36c4f72 with 0 rows.
[2022-04-17 14:08:21] (0s)  >>> Created relation DataFlowImplCommon::getLocalCallContext#fff#antijoin_rhs/2@f63657lk with 0 rows.
[2022-04-17 14:08:21] (0s) Inferred that DataFlowImplCommon::Cached::DispatchWithCallContext::reducedViableImplInCallContext#fff_02#join_rhs/2@7fc693u9 is empty, due to DataFlowImplCommon::Cached::DispatchWithCallContext::reducedViableImplInCallContext#fff/3@8973457k.
[2022-04-17 14:08:21] (0s)  >>> Created relation DataFlowImplCommon::Cached::DispatchWithCallContext::reducedViableImplInCallContext#fff_02#join_rhs/2@7fc693u9 with 0 rows.
[2022-04-17 14:08:21] (0s) Inferred that DataFlowImplCommon::Cached::TSpecificCall#ff_10#join_rhs/2@cf7e8eod is empty, due to DataFlowImplCommon::Cached::TSpecificCall#ff/2@e973c3pr.
[2022-04-17 14:08:21] (0s)  >>> Created relation DataFlowImplCommon::Cached::TSpecificCall#ff_10#join_rhs/2@cf7e8eod with 0 rows.
[2022-04-17 14:08:21] (0s) Inferred that project#DataFlowImplCommon::Cached::viableCallableLambda/2@e92b062k is empty, due to DataFlowImplCommon::Cached::viableCallableLambda#fff/3@9f6f94l8.
[2022-04-17 14:08:21] (0s)  >>> Created relation project#DataFlowImplCommon::Cached::viableCallableLambda/2@e92b062k with 0 rows.
[2022-04-17 14:08:21] CSV_CACHE_DIFF: DataFlowImplCommon::Cached::TReturnPosition#f DataFlowImplCommon::Cached::TTypedContent#f DataFlowImplCommon::Cached::TDataFlowCallOption#f TaintTrackingUtil::Cached::localTaintStep#ff DataFlowImplCommon::Cached::hiddenNode#f DataFlowImplCommon::Cached::clearsContentCached#ff DataFlowImplCommon::Cached::TAnyLocalCall#f DataFlowImplCommon::Cached::TLocalFlowCallContext#f DataFlowImplCommon::Cached::TSpecificLocalCall#ff DataFlowImplCommon::Cached::TAccessPathFront#f DataFlowImplCommon::Cached::TFrontNil#ff DataFlowImplCommon::Cached::DispatchWithCallContext::prunedViableImplInCallContextReverse#fff DataFlowImplCommon::Cached::allowParameterReturnInSelfCached#f DataFlowImplCommon::Cached::DispatchWithCallContext::prunedViableImplInCallContext#fff DataFlowImplCommon::Cached::TBooleanSome#ff DataFlowImplCommon::Cached::TBooleanOption#f DataFlowImplCommon::Cached::TBooleanNone#f DataFlowImplCommon::Cached::DispatchWithCallContext::reducedViableImplInReturn#ff DataFlowImplCommon::Cached::TReturn#fff DataFlowImplCommon::Cached::TSomeCall#f DataFlowImplCommon::Cached::isUnreachableInCallCached#ff DataFlowImplCommon::Cached::recordDataFlowCallSiteUnreachable#ff DataFlowImplCommon::Cached::TDataFlowCallSome#ff DataFlowImplCommon::Cached::callEnclosingCallable#ff DataFlowImplCommon::Cached::DispatchWithCallContext::reducedViableImplInCallContext#fff DataFlowImplCommon::Cached::recordDataFlowCallSiteDispatch#ff DataFlowImplCommon::Cached::TSpecificCall#ff DataFlowImplCommon::Cached::TAnyCallContext#f DataFlowImplCommon::Cached::TCallContext#f DataFlowImplCommon::Cached::viableReturnPosOut#fff DataFlowImplCommon::Cached::TReturnPosition0#fff DataFlowImplCommon::Cached::store#2#ffff DataFlowImplCommon::Cached::jumpStepCached#ff DataFlowImplCommon::Cached::simpleLocalFlowStepExt#ff SignAnalysisCommon::exprSign#ff ModulusAnalysis::exprModulus#ffff RangeAnalysis::RangeAnalysisCache::possibleReason#f RangeAnalysis::RangeAnalysisCache::RangeAnalysisPublic::bounded#fffff GuardsLogic::implies_v3#ffff DataFlowImplCommon::Cached::getAnOutNodeExt#fff DataFlowImplCommon::Cached::nodeEnclosingCallable#ff DataFlowImplCommon::Cached::TReturnKindExt#f DataFlowImplCommon::Cached::TParamUpdate#ff DataFlowImplCommon::Cached::outNodeExt#f DataFlowImplCommon::Cached::castNode#f DataFlowImplCommon::Cached::castingNode#f DataFlowImplCommon::Cached::TValueReturn#ff DataFlowImplCommon::Cached::returnNodeExt#ff DataFlowImplCommon::Cached::argumentNode#fff ExternalFlow::Cached::sinkNode#ff ExternalFlow::Cached::sourceNode#ff TaintTrackingUtil::Cached::localAdditionalTaintStep#ff TaintTrackingUtil::Cached::defaultAdditionalTaintStep#ff TaintTrackingUtil::Cached::defaultTaintSanitizer#f TaintTrackingUtil::Cached::forceCachingInSameStage# DataFlowUtil::simpleLocalFlowStep#ff DataFlowImplCommon::Cached::TDataFlowCallNone#f DataFlowImplCommon::Cached::viableCallableLambda#fff DataFlowImplCommon::Cached::viableParamArg#fff SSA::SsaImpl::firstUse#ff SSA::SsaImpl::SsaDefReaches::ssaDefReachesUse#fff SSA::SsaImpl::SsaDefReaches::ssaDefReachesCapture#fff SSA::SsaImpl::SsaDefReaches::ssaDefReachesUncertainDef#fff SSA::SsaImpl::SsaDefReaches::ssaDefReachesEndOfBlock#fff SSA::TSsaUncertainUpdate#fffff SSA::TSsaCertainUpdate#fffff SSA::SsaImpl::relevantFieldUpdate#fff SSA::SsaImpl::updatesNamedField#fff SSA::SsaImpl::uncertainVariableUpdate#ffff SSA::SsaImpl::getDestVar#ff SSA::SsaImpl::certainVariableUpdate#ffff SSA::SsaImpl::phiNode#ff SSA::TSsaPhiNode#fff SSA::SsaImpl::SsaPublic::adjacentUseUseSameVar#ff SSA::SsaImpl::SsaPublic::adjacentUseUse#ff SSA::SsaImpl::hasEntryDef#ff SSA::TSsaEntryDef#fff SSA::TSsaUntracked#fff SSA::TSsaVariable#f DataFlowImplCommon::Cached::read#fff VirtualDispatch::Dispatch::viableImpl#ff VirtualDispatch::Dispatch::viableImpl_v3#ff VirtualDispatch::Dispatch::viableImpl_v2#ff VirtualDispatch::Dispatch::exactMethodImpl#fff VirtualDispatch::Dispatch::viableMethodImpl#ffff VirtualDispatch::Dispatch::viableImpl_v1#ff TypeFlow::TypeFlowBounds::fieldTypeFlow#fff TypeFlow::TypeFlowBounds::exprTypeFlow#fff DataFlowImplCommon::Cached::nodeDataFlowType#ff DataFlowImplCommon::Cached::parameterNode#fff DataFlowImplCommon::Cached::MkTypedContent#fff DataFlowImplCommon::Cached::TFrontHead#ff DataFlowImplCommon::Cached::TAccessPathFrontOption#f DataFlowImplCommon::Cached::TAccessPathFrontNone#f DataFlowImplCommon::Cached::TAccessPathFrontSome#ff DataFlowImplCommon::Cached::forceCachingInSameStage# DataFlowNodes::TNode#f DataFlowNodes::TExplicitParameterNode#ff DataFlowNodes::TImplicitVarargsArray#ff DataFlowNodes::TInstanceParameterNode#ff DataFlowNodes::TImplicitInstanceAccess#ff DataFlowNodes::TMallocNode#ff DataFlowNodes::TExplicitExprPostUpdate#ff DataFlowNodes::TImplicitExprPostUpdate#ff DataFlowNodes::TSummaryInternalNode#fff DataFlowNodes::TFieldValueNode#ff DataFlowNodes::TExprNode#ff (CleartextStorageProperties.ql),0.079,0,0,0,0,0,0,0,0,0,0,0,0
[2022-04-17 14:08:21] CSV_IMB_QUERIES: Stage,DataFlowImplCommon::Cached::TReturnPosition#f DataFlowImplCommon::Cached::TTypedContent#f DataFlowImplCommon::Cached::TDataFlowCallOption#f TaintTrackingUtil::Cached::localTaintStep#ff DataFlowImplCommon::Cached::hiddenNode#f DataFlowImplCommon::Cached::clearsContentCached#ff DataFlowImplCommon::Cached::TAnyLocalCall#f DataFlowImplCommon::Cached::TLocalFlowCallContext#f DataFlowImplCommon::Cached::TSpecificLocalCall#ff DataFlowImplCommon::Cached::TAccessPathFront#f DataFlowImplCommon::Cached::TFrontNil#ff DataFlowImplCommon::Cached::DispatchWithCallContext::prunedViableImplInCallContextReverse#fff DataFlowImplCommon::Cached::allowParameterReturnInSelfCached#f DataFlowImplCommon::Cached::DispatchWithCallContext::prunedViableImplInCallContext#fff DataFlowImplCommon::Cached::TBooleanSome#ff DataFlowImplCommon::Cached::TBooleanOption#f DataFlowImplCommon::Cached::TBooleanNone#f DataFlowImplCommon::Cached::DispatchWithCallContext::reducedViableImplInReturn#ff DataFlowImplCommon::Cached::TReturn#fff DataFlowImplCommon::Cached::TSomeCall#f DataFlowImplCommon::Cached::isUnreachableInCallCached#ff DataFlowImplCommon::Cached::recordDataFlowCallSiteUnreachable#ff DataFlowImplCommon::Cached::TDataFlowCallSome#ff DataFlowImplCommon::Cached::callEnclosingCallable#ff DataFlowImplCommon::Cached::DispatchWithCallContext::reducedViableImplInCallContext#fff DataFlowImplCommon::Cached::recordDataFlowCallSiteDispatch#ff DataFlowImplCommon::Cached::TSpecificCall#ff DataFlowImplCommon::Cached::TAnyCallContext#f DataFlowImplCommon::Cached::TCallContext#f DataFlowImplCommon::Cached::viableReturnPosOut#fff DataFlowImplCommon::Cached::TReturnPosition0#fff DataFlowImplCommon::Cached::store#2#ffff DataFlowImplCommon::Cached::jumpStepCached#ff DataFlowImplCommon::Cached::simpleLocalFlowStepExt#ff SignAnalysisCommon::exprSign#ff ModulusAnalysis::exprModulus#ffff RangeAnalysis::RangeAnalysisCache::possibleReason#f RangeAnalysis::RangeAnalysisCache::RangeAnalysisPublic::bounded#fffff GuardsLogic::implies_v3#ffff DataFlowImplCommon::Cached::getAnOutNodeExt#fff DataFlowImplCommon::Cached::nodeEnclosingCallable#ff DataFlowImplCommon::Cached::TReturnKindExt#f DataFlowImplCommon::Cached::TParamUpdate#ff DataFlowImplCommon::Cached::outNodeExt#f DataFlowImplCommon::Cached::castNode#f DataFlowImplCommon::Cached::castingNode#f DataFlowImplCommon::Cached::TValueReturn#ff DataFlowImplCommon::Cached::returnNodeExt#ff DataFlowImplCommon::Cached::argumentNode#fff ExternalFlow::Cached::sinkNode#ff ExternalFlow::Cached::sourceNode#ff TaintTrackingUtil::Cached::localAdditionalTaintStep#ff TaintTrackingUtil::Cached::defaultAdditionalTaintStep#ff TaintTrackingUtil::Cached::defaultTaintSanitizer#f TaintTrackingUtil::Cached::forceCachingInSameStage# DataFlowUtil::simpleLocalFlowStep#ff DataFlowImplCommon::Cached::TDataFlowCallNone#f DataFlowImplCommon::Cached::viableCallableLambda#fff DataFlowImplCommon::Cached::viableParamArg#fff SSA::SsaImpl::firstUse#ff SSA::SsaImpl::SsaDefReaches::ssaDefReachesUse#fff SSA::SsaImpl::SsaDefReaches::ssaDefReachesCapture#fff SSA::SsaImpl::SsaDefReaches::ssaDefReachesUncertainDef#fff SSA::SsaImpl::SsaDefReaches::ssaDefReachesEndOfBlock#fff SSA::TSsaUncertainUpdate#fffff SSA::TSsaCertainUpdate#fffff SSA::SsaImpl::relevantFieldUpdate#fff SSA::SsaImpl::updatesNamedField#fff SSA::SsaImpl::uncertainVariableUpdate#ffff SSA::SsaImpl::getDestVar#ff SSA::SsaImpl::certainVariableUpdate#ffff SSA::SsaImpl::phiNode#ff SSA::TSsaPhiNode#fff SSA::SsaImpl::SsaPublic::adjacentUseUseSameVar#ff SSA::SsaImpl::SsaPublic::adjacentUseUse#ff SSA::SsaImpl::hasEntryDef#ff SSA::TSsaEntryDef#fff SSA::TSsaUntracked#fff SSA::TSsaVariable#f DataFlowImplCommon::Cached::read#fff VirtualDispatch::Dispatch::viableImpl#ff VirtualDispatch::Dispatch::viableImpl_v3#ff VirtualDispatch::Dispatch::viableImpl_v2#ff VirtualDispatch::Dispatch::exactMethodImpl#fff VirtualDispatch::Dispatch::viableMethodImpl#ffff VirtualDispatch::Dispatch::viableImpl_v1#ff TypeFlow::TypeFlowBounds::fieldTypeFlow#fff TypeFlow::TypeFlowBounds::exprTypeFlow#fff DataFlowImplCommon::Cached::nodeDataFlowType#ff DataFlowImplCommon::Cached::parameterNode#fff DataFlowImplCommon::Cached::MkTypedContent#fff DataFlowImplCommon::Cached::TFrontHead#ff DataFlowImplCommon::Cached::TAccessPathFrontOption#f DataFlowImplCommon::Cached::TAccessPathFrontNone#f DataFlowImplCommon::Cached::TAccessPathFrontSome#ff DataFlowImplCommon::Cached::forceCachingInSameStage# DataFlowNodes::TNode#f DataFlowNodes::TExplicitParameterNode#ff DataFlowNodes::TImplicitVarargsArray#ff DataFlowNodes::TInstanceParameterNode#ff DataFlowNodes::TImplicitInstanceAccess#ff DataFlowNodes::TMallocNode#ff DataFlowNodes::TExplicitExprPostUpdate#ff DataFlowNodes::TImplicitExprPostUpdate#ff DataFlowNodes::TSummaryInternalNode#fff DataFlowNodes::TFieldValueNode#ff DataFlowNodes::TExprNode#ff,CleartextStorageProperties.ql,21,Success,0.079,122983,161
[2022-04-17 14:08:21] (0s) Beginning execution of CleartextStorageProperties.ql
[2022-04-17 14:08:21] (0s)  >>> Created relation locations_default/6@d0a81fkd with 4561 rows.
[2022-04-17 14:08:21] (0s)  >>> Created relation files/2@19948aeb with 1853 rows.
[2022-04-17 14:08:21] (0s) Starting to evaluate predicate DataFlowImplCommon::CallContextNoCall#class#f/1@b6eefajm
[2022-04-17 14:08:21] (0s)  >>> Created relation DataFlowImplCommon::CallContextNoCall#class#f/1@b6eefajm with 1 rows.
[2022-04-17 14:08:21] (0s)  >>> Created relation classes/4@821293v7 with 1748 rows.
[2022-04-17 14:08:21] (0s) Starting to evaluate predicate classes_0#antijoin_rhs/1@52efea8j
[2022-04-17 14:08:21] (0s)  >>> Created relation classes_0#antijoin_rhs/1@52efea8j with 1748 rows.
[2022-04-17 14:08:21] (0s)  >>> Created relation interfaces/4@64928d95 with 3196 rows.
[2022-04-17 14:08:21] (0s) Starting to evaluate predicate interfaces_0#antijoin_rhs/1@13b98c8j
[2022-04-17 14:08:21] (0s)  >>> Created relation interfaces_0#antijoin_rhs/1@13b98c8j with 3196 rows.
[2022-04-17 14:08:21] (0s) Starting to evaluate predicate @classorinterface#f/1@c1053d1t
[2022-04-17 14:08:21] (0s)  >>> Created relation @classorinterface#f/1@c1053d1t with 4944 rows.
[2022-04-17 14:08:21] (0s)  >>> Created relation wildcards/3@962bcerh with 331 rows.
[2022-04-17 14:08:21] (0s) Starting to evaluate predicate wildcards_0#antijoin_rhs/1@216b66l8
[2022-04-17 14:08:21] (0s)  >>> Created relation wildcards_0#antijoin_rhs/1@216b66l8 with 331 rows.
[2022-04-17 14:08:21] (0s)  >>> Created relation arrays/5@3a5ff15c with 310 rows.
[2022-04-17 14:08:21] (0s)  >>> Created relation typeVars/5@f6f131jt with 844 rows.
[2022-04-17 14:08:21] (0s) Starting to evaluate predicate Type::RefType#class#f/1@e9e28fqd
[2022-04-17 14:08:21] (0s)  >>> Created relation Type::RefType#class#f/1@e9e28fqd with 6429 rows.
[2022-04-17 14:08:21] (0s) Starting to evaluate predicate num#DataFlowImpl::TAccessPathNil#ff/2@81cec215
[2022-04-17 14:08:21] (0s)  >>> Created relation num#DataFlowImpl::TAccessPathNil#ff/2@81cec215 with 6429 rows.
[2022-04-17 14:08:21] (0s) Starting to evaluate predicate num#DataFlowImpl::TAccessPathNil#ff_1#join_rhs/1@3e03b499
[2022-04-17 14:08:21] (0s)  >>> Created relation num#DataFlowImpl::TAccessPathNil#ff_1#join_rhs/1@3e03b499 with 6429 rows.
[2022-04-17 14:08:21] (0s) Starting to evaluate predicate num#DataFlowImpl::TNil#ff/2@29122dtg
[2022-04-17 14:08:21] (0s)  >>> Created relation num#DataFlowImpl::TNil#ff/2@29122dtg with 6429 rows.
[2022-04-17 14:08:21] (0s) Starting to evaluate predicate num#DataFlowImpl::TNodeNormal#ff/2@3e8241e6
[2022-04-17 14:08:21] (0s)  >>> Created relation num#DataFlowImpl::TNodeNormal#ff/2@3e8241e6 with 12842 rows.
[2022-04-17 14:08:21] (0s) Starting to evaluate predicate num#DataFlowImpl::TNodeNormal#ff_10#join_rhs/2@b6e27epn
[2022-04-17 14:08:21] (0s)  >>> Created relation num#DataFlowImpl::TNodeNormal#ff_10#join_rhs/2@b6e27epn with 12842 rows.
[2022-04-17 14:08:21] (0s) Starting to evaluate predicate dom#Expr::Qualifier::TThis#/0@f34704u1
[2022-04-17 14:08:21] (0s)  >>> Created relation dom#Expr::Qualifier::TThis#/0@f34704u1 with 1 rows.
[2022-04-17 14:08:21] (0s) Starting to evaluate predicate num#DataFlowImpl::TSummaryCtxNone#f/1@69132ccm
[2022-04-17 14:08:21] (0s)  >>> Created relation num#DataFlowImpl::TSummaryCtxNone#f/1@69132ccm with 1 rows.
[2022-04-17 14:08:21] (0s) Starting to evaluate predicate DataFlowImpl::pathStep#fffff#join_rhs/2@6ff887r1
[2022-04-17 14:08:21] (0s)  >>> Created relation DataFlowImpl::pathStep#fffff#join_rhs/2@6ff887r1 with 1 rows.
[2022-04-17 14:08:21] (0s) Starting to evaluate predicate DataFlowImpl::Configuration#class#f/1@3c0e3dng
[2022-04-17 14:08:21] (0s)  >>> Created relation DataFlowImpl::Configuration#class#f/1@3c0e3dng with 2 rows.
[2022-04-17 14:08:21] (0s) Starting to evaluate predicate SensitiveActions::suspicious#f/1@fe2bb6lq
[2022-04-17 14:08:21] (0s)  >>> Created relation SensitiveActions::suspicious#f/1@fe2bb6lq with 5 rows.
[2022-04-17 14:08:21] (0s) Starting to evaluate predicate DataFlowImplCommon::Cached::TReturnPosition0#fff_21#join_rhs/2@e2e0d3sr
[2022-04-17 14:08:21] (0s)  >>> Created relation DataFlowImplCommon::Cached::TReturnPosition0#fff_21#join_rhs/2@e2e0d3sr with 1559 rows.
[2022-04-17 14:08:21] (0s) Starting to evaluate predicate DataFlowImplCommon::Cached::TReturnPosition0#fff_20#join_rhs/2@c21a3160
[2022-04-17 14:08:21] (0s)  >>> Created relation DataFlowImplCommon::Cached::TReturnPosition0#fff_20#join_rhs/2@c21a3160 with 1559 rows.
[2022-04-17 14:08:21] (0s) Starting to evaluate predicate DataFlowImpl::NodeEx::getDataFlowType0#ff/2@a9b403u2
[2022-04-17 14:08:21] (0s)  >>> Created relation DataFlowImpl::NodeEx::getDataFlowType0#ff/2@a9b403u2 with 12828 rows.
[2022-04-17 14:08:21] (0s) Starting to evaluate predicate num#DataFlowImpl::TNil#ff_1#join_rhs/1@b4f00cse
[2022-04-17 14:08:21] (0s)  >>> Created relation num#DataFlowImpl::TNil#ff_1#join_rhs/1@b4f00cse with 6429 rows.
[2022-04-17 14:08:21] (0s) Starting to evaluate predicate DataFlowImplCommon::Cached::MkTypedContent#fff_20#join_rhs/2@bb6c6142
[2022-04-17 14:08:21] (0s)  >>> Created relation DataFlowImplCommon::Cached::MkTypedContent#fff_20#join_rhs/2@bb6c6142 with 774 rows.
[2022-04-17 14:08:21] (0s)  >>> Created relation constrs/6@9f73ec4d with 1726 rows.
[2022-04-17 14:08:21] (0s)  >>> Created relation fields/5@1c902dh2 with 4594 rows.
[2022-04-17 14:08:21] (0s)  >>> Created relation methods/6@d93893sl with 20736 rows.
[2022-04-17 14:08:21] (0s)  >>> Created relation enclInReftype/2@07dda0q5 with 329 rows.
[2022-04-17 14:08:21] (0s)  >>> Created relation isAnonymClass/2@4aaa67b5 with 2 rows.
[2022-04-17 14:08:21] (0s) Starting to evaluate predicate Type::AnonymousClass#class#f/1@a33ba7me
[2022-04-17 14:08:21] (0s)  >>> Created relation Type::AnonymousClass#class#f/1@a33ba7me with 2 rows.
[2022-04-17 14:08:21] (0s) Starting to evaluate predicate Type::declaresMember#ff#shared/2@482290c4
[2022-04-17 14:08:21] (0s)  >>> Created relation Type::declaresMember#ff#shared/2@482290c4 with 327 rows.
[2022-04-17 14:08:21] (0s)  >>> Created relation isLocalClassOrInterface/2@f6c5080m with 0 rows.
[2022-04-17 14:08:21] (0s) Inferred that Type::declaresMember#ff#antijoin_rhs#1/2@08477120 is empty, due to isLocalClassOrInterface/2@f6c5080m.
[2022-04-17 14:08:21] (0s) Inferred that Statement::LocalTypeDeclStmt::getLocalType_dispred#ff/2@0b8fd288 is empty, due to isLocalClassOrInterface/2@f6c5080m.
[2022-04-17 14:08:21] (0s) Inferred that Member::Member#f#antijoin_rhs#1/1@f1287e0a is empty, due to isLocalClassOrInterface/2@f6c5080m.
[2022-04-17 14:08:21] (0s) Inferred that Type::declaresMember#ff#antijoin_rhs/2@fc5595nu is empty, due to isLocalClassOrInterface/2@f6c5080m.
[2022-04-17 14:08:21] (0s) Inferred that Type::LocalClassOrInterface#f/1@ea6eb404 is empty, due to isLocalClassOrInterface/2@f6c5080m.
[2022-04-17 14:08:21] (0s) Inferred that Statement::LocalTypeDeclStmt::getDeclKeyword_dispred#ff/2@60adefoh is empty, due to Statement::LocalTypeDeclStmt::getLocalType_dispred#ff/2@0b8fd288.
[2022-04-17 14:08:21] (0s) Inferred that Type::LocalClass#class#f/1@885666i2 is empty, due to Type::LocalClassOrInterface#f/1@ea6eb404.
[2022-04-17 14:08:21] (0s) Inferred that Type::InnerClass::hasEnclosingInstance_dispred#f#antijoin_rhs#1/1@144582rr is empty, due to Type::LocalClass#class#f/1@885666i2.
[2022-04-17 14:08:21] (0s)  >>> Created relation Type::declaresMember#ff#antijoin_rhs#1/2@08477120 with 0 rows.
[2022-04-17 14:08:21] (0s)  >>> Created relation Statement::LocalTypeDeclStmt::getLocalType_dispred#ff/2@0b8fd288 with 0 rows.
[2022-04-17 14:08:21] (0s)  >>> Created relation Member::Member#f#antijoin_rhs#1/1@f1287e0a with 0 rows.
[2022-04-17 14:08:21] (0s)  >>> Created relation Type::declaresMember#ff#antijoin_rhs/2@fc5595nu with 0 rows.
[2022-04-17 14:08:21] (0s)  >>> Created relation Type::LocalClassOrInterface#f/1@ea6eb404 with 0 rows.
[2022-04-17 14:08:21] (0s)  >>> Created relation Statement::LocalTypeDeclStmt::getDeclKeyword_dispred#ff/2@60adefoh with 0 rows.
[2022-04-17 14:08:21] (0s)  >>> Created relation Type::LocalClass#class#f/1@885666i2 with 0 rows.
[2022-04-17 14:08:21] (0s)  >>> Created relation Type::InnerClass::hasEnclosingInstance_dispred#f#antijoin_rhs#1/1@144582rr with 0 rows.
[2022-04-17 14:08:21] (0s) Starting to evaluate predicate Type::declaresMember#ff/2@b6e3aa19
[2022-04-17 14:08:21] (0s)  >>> Created relation Type::declaresMember#ff/2@b6e3aa19 with 27383 rows.
[2022-04-17 14:08:21] (0s) Starting to evaluate predicate Type::declaresMember#ff_1#join_rhs/1@874517gl
[2022-04-17 14:08:21] (0s)  >>> Created relation Type::declaresMember#ff_1#join_rhs/1@874517gl with 27383 rows.
[2022-04-17 14:08:21] (0s) Starting to evaluate predicate Member::Field#class#f/1@9eb960nb
[2022-04-17 14:08:21] (0s)  >>> Created relation Member::Field#class#f/1@9eb960nb with 4594 rows.
[2022-04-17 14:08:21] (0s) Starting to evaluate predicate Member::Field::getDeclaringType_dispred#ff/2@90566er8
[2022-04-17 14:08:21] (0s)  >>> Created relation Member::Field::getDeclaringType_dispred#ff/2@90566er8 with 4594 rows.
[2022-04-17 14:08:21] (0s) Starting to evaluate predicate Member::Member::getDeclaringType_dispred#ff/2@ce0700mn
[2022-04-17 14:08:21] (0s)  >>> Created relation Member::Member::getDeclaringType_dispred#ff/2@ce0700mn with 27383 rows.
[2022-04-17 14:08:21] (0s)  >>> Created relation exprs/5@14e06el4 with 3830 rows.
[2022-04-17 14:08:21] (0s) Starting to evaluate predicate exprs_10#join_rhs/2@348c8e6n
[2022-04-17 14:08:21] (0s)  >>> Created relation exprs_10#join_rhs/2@348c8e6n with 3830 rows.
[2022-04-17 14:08:21] (0s) Starting to evaluate predicate @annotation#f/1@f19e16h7
[2022-04-17 14:08:21] (0s)  >>> Created relation @annotation#f/1@f19e16h7 with 2208 rows.
[2022-04-17 14:08:21] (0s)  >>> Created relation isAnnotType/1@ba9a67ar with 71 rows.
[2022-04-17 14:08:21] (0s) Starting to evaluate predicate Annotation::Annotation::getType_dispred#ff/2@c04949iv
[2022-04-17 14:08:21] (0s)  >>> Created relation Annotation::Annotation::getType_dispred#ff/2@c04949iv with 2184 rows.
[2022-04-17 14:08:21] (0s) Starting to evaluate predicate Expr::Expr::getType_dispred#ff/2@05999d79
[2022-04-17 14:08:21] (0s)  >>> Created relation Expr::Expr::getType_dispred#ff/2@05999d79 with 3806 rows.
[2022-04-17 14:08:21] (0s)  >>> Created relation params/5@32e25at0 with 21675 rows.
[2022-04-17 14:08:21] (0s)  >>> Created relation isVarargsParam/1@6c11f8bf with 254 rows.
[2022-04-17 14:08:21] (0s) Starting to evaluate predicate @callable#f/1@b3d505rc
[2022-04-17 14:08:22] (0s)  >>> Created relation @callable#f/1@b3d505rc with 22462 rows.
[2022-04-17 14:08:22] (0s) Starting to evaluate predicate Member::Callable#class#f/1@a81f97sm
[2022-04-17 14:08:22] (0s)  >>> Created relation Member::Callable#class#f/1@a81f97sm with 22462 rows.
[2022-04-17 14:08:22] (0s) Starting to evaluate predicate Member::Callable::getAParameter_dispred#fb/2@2dfbd9he
[2022-04-17 14:08:22] (0s)  >>> Created relation Member::Callable::getAParameter_dispred#fb/2@2dfbd9he with 254 rows.
[2022-04-17 14:08:22] (0s)  >>> Created relation callableBinding/2@5704453i with 134 rows.
[2022-04-17 14:08:22] (0s) Starting to evaluate predicate Expr::Call::getCallee_dispred#ff/2@9a2401pi
[2022-04-17 14:08:22] (0s)  >>> Created relation Expr::Call::getCallee_dispred#ff/2@9a2401pi with 134 rows.
[2022-04-17 14:08:22] (0s) Starting to evaluate predicate Expr::Call::getCallee_dispred#ff_10#join_rhs/2@d60d90s0
[2022-04-17 14:08:22] (0s)  >>> Created relation Expr::Call::getCallee_dispred#ff_10#join_rhs/2@d60d90s0 with 134 rows.
[2022-04-17 14:08:22] (0s) Starting to evaluate predicate DataFlowNodes::Public::PostUpdateNode::getPreUpdateNode_dispred#ff/2@178a4451
[2022-04-17 14:08:22] (0s)  >>> Created relation DataFlowNodes::Public::PostUpdateNode::getPreUpdateNode_dispred#ff/2@178a4451 with 168 rows.
[2022-04-17 14:08:22] (0s) Starting to evaluate predicate DataFlowNodes::Public::PostUpdateNode::getPreUpdateNode_dispred#ff_10#join_rhs/2@08f80dje
[2022-04-17 14:08:22] (0s)  >>> Created relation DataFlowNodes::Public::PostUpdateNode::getPreUpdateNode_dispred#ff_10#join_rhs/2@08f80dje with 168 rows.
[2022-04-17 14:08:22] (0s) Starting to evaluate predicate InstanceAccess::InstanceAccessExt::getAssociatedExprOrStmt_dispred#ff/2@71d77fie
[2022-04-17 14:08:22] (0s)  >>> Created relation InstanceAccess::InstanceAccessExt::getAssociatedExprOrStmt_dispred#ff/2@71d77fie with 42 rows.
[2022-04-17 14:08:22] (0s) Starting to evaluate predicate num#DataFlowImpl::TAccessPathNil#ff_10#join_rhs/2@fd5b1dsg
[2022-04-17 14:08:22] (0s)  >>> Created relation num#DataFlowImpl::TAccessPathNil#ff_10#join_rhs/2@fd5b1dsg with 6429 rows.
[2022-04-17 14:08:22] (0s)  >>> Created relation callableEnclosingExpr/2@445ba36t with 662 rows.
[2022-04-17 14:08:22] (0s) Starting to evaluate predicate Expr::Expr::getEnclosingCallable#ff/2@17c08bvb
[2022-04-17 14:08:22] (0s)  >>> Created relation Expr::Expr::getEnclosingCallable#ff/2@17c08bvb with 662 rows.
[2022-04-17 14:08:22] (0s) Starting to evaluate predicate Expr::ClassInstanceExpr#class#f/1@48a9c731
[2022-04-17 14:08:22] (0s)  >>> Created relation Expr::ClassInstanceExpr#class#f/1@48a9c731 with 22 rows.
[2022-04-17 14:08:22] (0s) Starting to evaluate predicate Expr::Expr_not_Annotation_ArrayAccess_ArrayCreationExpr_ArrayInit_ArrayTypeAccess_Assignment_BinaryExpr_BitNotExpr_CastExpr_ClassInstanceExpr_ConditionalExpr_InstanceOfExpr_IntersectionTypeAccess_Literal_LocalVariableDeclExpr_LogNotExpr_MethodAccess_MinusExpr_PackageAccess_PlusExpr_PostDecExpr_PostIncExpr_PreDecExpr_PreIncExpr_SuperAccess_SwitchExpr_ThisAccess_TypeAccess_TypeLiteral_UnionTypeAccess_VarAccess_WildcardTypeAccess#f#antijoin_rhs#11/1@45b46fga
[2022-04-17 14:08:22] (0s)  >>> Created relation Expr::Expr_not_Annotation_ArrayAccess_ArrayCreationExpr_ArrayInit_ArrayTypeAccess_Assignment_BinaryExpr_BitNotExpr_CastExpr_ClassInstanceExpr_ConditionalExpr_InstanceOfExpr_IntersectionTypeAccess_Literal_LocalVariableDeclExpr_LogNotExpr_MethodAccess_MinusExpr_PackageAccess_PlusExpr_PostDecExpr_PostIncExpr_PreDecExpr_PreIncExpr_SuperAccess_SwitchExpr_ThisAccess_TypeAccess_TypeLiteral_UnionTypeAccess_VarAccess_WildcardTypeAccess#f#antijoin_rhs#11/1@45b46fga with 101 rows.
[2022-04-17 14:08:22] (0s) Starting to evaluate predicate Member::Method#class#f/1@28aa6eca
[2022-04-17 14:08:22] (0s)  >>> Created relation Member::Method#class#f/1@28aa6eca with 20736 rows.
[2022-04-17 14:08:22] (0s) Starting to evaluate predicate Expr::MethodAccess::getMethod_dispred#ff/2@8f4505j6
[2022-04-17 14:08:22] (0s)  >>> Created relation Expr::MethodAccess::getMethod_dispred#ff/2@8f4505j6 with 101 rows.
[2022-04-17 14:08:22] (0s) Starting to evaluate predicate Expr::Expr::getEnclosingCallable_dispred#ff/2@754d4fa4
[2022-04-17 14:08:22] (0s)  >>> Created relation Expr::Expr::getEnclosingCallable_dispred#ff/2@754d4fa4 with 662 rows.
[2022-04-17 14:08:22] (0s) Starting to evaluate predicate Expr::InstanceAccess#class#f/1@b42f8afo
[2022-04-17 14:08:22] (0s)  >>> Created relation Expr::InstanceAccess#class#f/1@b42f8afo with 4 rows.
[2022-04-17 14:08:22] (0s) Starting to evaluate predicate Expr::InstanceAccess::getQualifier_dispred#ff/2@f57a6agl
[2022-04-17 14:08:22] (0s)  >>> Created relation Expr::InstanceAccess::getQualifier_dispred#ff/2@f57a6agl with 0 rows.
[2022-04-17 14:08:22] (0s) Inferred that project#Expr::InstanceAccess::getQualifier_dispred#ff/1@ea6d33r3 is empty, due to Expr::InstanceAccess::getQualifier_dispred#ff/2@f57a6agl.
[2022-04-17 14:08:22] (0s)  >>> Created relation project#Expr::InstanceAccess::getQualifier_dispred#ff/1@ea6d33r3 with 0 rows.
[2022-04-17 14:08:22] (0s) Starting to evaluate predicate Expr::ClassInstanceExpr::getAnonymousClass_dispred#bf/2@334bbanv
[2022-04-17 14:08:22] (0s)  >>> Created relation Expr::ClassInstanceExpr::getAnonymousClass_dispred#bf/2@334bbanv with 2 rows.
[2022-04-17 14:08:22] (0s) Starting to evaluate predicate Type::RefType::getSourceDeclaration_dispred#ff/2@841ae38h
[2022-04-17 14:08:22] (0s)  >>> Created relation Type::RefType::getSourceDeclaration_dispred#ff/2@841ae38h with 6429 rows.
[2022-04-17 14:08:22] (0s)  >>> Created relation stmts/5@0f812bj4 with 228 rows.
[2022-04-17 14:08:22] (0s) Starting to evaluate predicate stmts_10#join_rhs/2@fa7205g2
[2022-04-17 14:08:22] (0s)  >>> Created relation stmts_10#join_rhs/2@fa7205g2 with 228 rows.
[2022-04-17 14:08:22] (0s) Starting to evaluate predicate m#Statement::Stmt::getEnclosingCallable#bf/1@c9c555qb
[2022-04-17 14:08:22] (0s)  >>> Created relation m#Statement::Stmt::getEnclosingCallable#bf/1@c9c555qb with 11 rows.
[2022-04-17 14:08:22] (0s) Starting to evaluate predicate Statement::Stmt::getEnclosingCallable#bf/2@0f60698p
[2022-04-17 14:08:22] (0s)  >>> Created relation Statement::Stmt::getEnclosingCallable#bf/2@0f60698p with 11 rows.
[2022-04-17 14:08:22] (0s) Starting to evaluate predicate Statement::Stmt::getEnclosingCallable_dispred#ff/2@cac50d1l
[2022-04-17 14:08:22] (0s)  >>> Created relation Statement::Stmt::getEnclosingCallable_dispred#ff/2@cac50d1l with 11 rows.
[2022-04-17 14:08:22] (0s) Starting to evaluate predicate InstanceAccess::InstanceAccessExt::getEnclosingCallable_dispred#ff/2@98486ctv
[2022-04-17 14:08:22] (0s)  >>> Created relation InstanceAccess::InstanceAccessExt::getEnclosingCallable_dispred#ff/2@98486ctv with 42 rows.
[2022-04-17 14:08:22] (0s) Starting to evaluate predicate num#DataFlowPrivate::TCallable#ff/2@6f435dta
[2022-04-17 14:08:22] (0s)  >>> Created relation num#DataFlowPrivate::TCallable#ff/2@6f435dta with 22462 rows.
[2022-04-17 14:08:22] (0s) Starting to evaluate predicate num#DataFlowPrivate::TFieldScope#ff/2@c6e6909v
[2022-04-17 14:08:22] (0s)  >>> Created relation num#DataFlowPrivate::TFieldScope#ff/2@c6e6909v with 4594 rows.
[2022-04-17 14:08:22] (0s) Starting to evaluate predicate DataFlowPrivate::TDataFlowCallable#f/1@52e6bb8u
[2022-04-17 14:08:22] (0s)  >>> Created relation DataFlowPrivate::TDataFlowCallable#f/1@52e6bb8u with 27056 rows.
[2022-04-17 14:08:22] (0s) Starting to evaluate predicate DataFlowImplCommon::recordDataFlowCallSite#ff/2@c8344ar9
[2022-04-17 14:08:22] (0s)  >>> Created relation DataFlowImplCommon::recordDataFlowCallSite#ff/2@c8344ar9 with 0 rows.
[2022-04-17 14:08:22] (0s) Starting to evaluate predicate DataFlowImplCommon::CallContext::relevantFor_dispred#ff/2@5e697116
[2022-04-17 14:08:22] (0s)  >>> Created relation DataFlowImplCommon::CallContext::relevantFor_dispred#ff/2@5e697116 with 28402 rows.
[2022-04-17 14:08:22] (0s) Starting to evaluate predicate DataFlowImplCommon::getLocalCallContext#fff/3@dad49dgs
[2022-04-17 14:08:22] (0s)  >>> Created relation DataFlowImplCommon::getLocalCallContext#fff/3@dad49dgs with 28402 rows.
[2022-04-17 14:08:22] (0s) Starting to evaluate predicate DataFlowImplCommon::Cached::TFrontNil#ff_1#join_rhs/1@e67b05p1
[2022-04-17 14:08:22] (0s)  >>> Created relation DataFlowImplCommon::Cached::TFrontNil#ff_1#join_rhs/1@e67b05p1 with 6429 rows.
[2022-04-17 14:08:22] (0s) Starting to evaluate predicate DataFlowImpl::AccessPath::getFront_dispred#ff/2@7ad6cc8j
[2022-04-17 14:08:22] (0s)  >>> Created relation DataFlowImpl::AccessPath::getFront_dispred#ff/2@7ad6cc8j with 6429 rows.
[2022-04-17 14:08:22] (0s) Starting to evaluate predicate DataFlowImpl::AccessPath::getFront_dispred#ff_10#join_rhs/2@f5c3515i
[2022-04-17 14:08:22] (0s)  >>> Created relation DataFlowImpl::AccessPath::getFront_dispred#ff_10#join_rhs/2@f5c3515i with 6429 rows.
[2022-04-17 14:08:22] (0s) Starting to evaluate predicate DataFlowImplCommon::CallContextCall#class#f/1@356980c4
[2022-04-17 14:08:22] (0s)  >>> Created relation DataFlowImplCommon::CallContextCall#class#f/1@356980c4 with 1 rows.
[2022-04-17 14:08:22] (0s) Starting to evaluate predicate num#DataFlowImpl4::TNodeNormal#ff/2@9b5b44hd
[2022-04-17 14:08:22] (0s)  >>> Created relation num#DataFlowImpl4::TNodeNormal#ff/2@9b5b44hd with 12842 rows.
[2022-04-17 14:08:22] (0s) Starting to evaluate predicate num#DataFlowImpl4::TNodeNormal#ff_10#join_rhs/2@6f9d02i6
[2022-04-17 14:08:22] (0s)  >>> Created relation num#DataFlowImpl4::TNodeNormal#ff_10#join_rhs/2@6f9d02i6 with 12842 rows.
[2022-04-17 14:08:22] (0s) Starting to evaluate predicate DataFlowImpl::ParamNodeEx#class#f/1@29592293
[2022-04-17 14:08:22] (0s)  >>> Created relation DataFlowImpl::ParamNodeEx#class#f/1@29592293 with 2359 rows.
[2022-04-17 14:08:22] (0s) Starting to evaluate predicate DataFlowImplCommon::ParamNode::isParameterOf_dispred#fff/3@49c57fv8
[2022-04-17 14:08:22] (0s)  >>> Created relation DataFlowImplCommon::ParamNode::isParameterOf_dispred#fff/3@49c57fv8 with 2359 rows.
[2022-04-17 14:08:22] (0s) Starting to evaluate predicate DataFlowImpl::ParamNodeEx::isParameterOf_dispred#fff/3@1f15f5in
[2022-04-17 14:08:22] (0s)  >>> Created relation DataFlowImpl::ParamNodeEx::isParameterOf_dispred#fff/3@1f15f5in with 2359 rows.
[2022-04-17 14:08:22] (0s) Starting to evaluate predicate DataFlowImpl::ParamNodeEx::allowParameterReturnInSelf_dispred#f#shared/2@f83493va
[2022-04-17 14:08:22] (0s)  >>> Created relation DataFlowImpl::ParamNodeEx::allowParameterReturnInSelf_dispred#f#shared/2@f83493va with 2359 rows.
[2022-04-17 14:08:22] (0s) Starting to evaluate predicate DataFlowImpl::ParamNodeEx::allowParameterReturnInSelf_dispred#f/1@c48697cg
[2022-04-17 14:08:22] (0s)  >>> Created relation DataFlowImpl::ParamNodeEx::allowParameterReturnInSelf_dispred#f/1@c48697cg with 55 rows.
[2022-04-17 14:08:22] (0s) Starting to evaluate predicate Expr::Call#class#f/1@bef119fq
[2022-04-17 14:08:22] (0s)  >>> Created relation Expr::Call#class#f/1@bef119fq with 134 rows.
[2022-04-17 14:08:22] (0s) Starting to evaluate predicate num#DataFlowPrivate::TCall#ff/2@f89c54cu
[2022-04-17 14:08:22] (0s)  >>> Created relation num#DataFlowPrivate::TCall#ff/2@f89c54cu with 134 rows.
[2022-04-17 14:08:22] (0s) Starting to evaluate predicate Expr::ConstructorCall#class#f/1@b80502cn
[2022-04-17 14:08:22] (0s)  >>> Created relation Expr::ConstructorCall#class#f/1@b80502cn with 33 rows.
[2022-04-17 14:08:22] (0s) Starting to evaluate predicate project#Expr::Call::getCallee_dispred#ff/1@fd4edcp2
[2022-04-17 14:08:22] (0s)  >>> Created relation project#Expr::Call::getCallee_dispred#ff/1@fd4edcp2 with 94 rows.
[2022-04-17 14:08:22] (0s) Starting to evaluate predicate m#Member::Callable::getSourceDeclaration_dispred#bf/1@c3a157gl
[2022-04-17 14:08:22] (0s)  >>> Created relation m#Member::Callable::getSourceDeclaration_dispred#bf/1@c3a157gl with 94 rows.
[2022-04-17 14:08:22] (0s) Starting to evaluate predicate DataFlowImpl4::pathOutOfCallable1#ffffff#join_rhs/3@3262cf32
[2022-04-17 14:08:22] (0s)  >>> Created relation DataFlowImpl4::pathOutOfCallable1#ffffff#join_rhs/3@3262cf32 with 1559 rows.
[2022-04-17 14:08:22] (0s) Starting to evaluate predicate project#DataFlowImplCommon::Cached::argumentNode/1@482b5aa6
[2022-04-17 14:08:22] (0s)  >>> Created relation project#DataFlowImplCommon::Cached::argumentNode/1@482b5aa6 with 334 rows.
[2022-04-17 14:08:22] (0s) Starting to evaluate predicate DataFlowImplCommon::ArgNode::argumentOf_dispred#fff/3@ea0dcfsm
[2022-04-17 14:08:22] (0s)  >>> Created relation DataFlowImplCommon::ArgNode::argumentOf_dispred#fff/3@ea0dcfsm with 334 rows.
[2022-04-17 14:08:22] (0s) Starting to evaluate predicate project#params/1@18f8e7rp
[2022-04-17 14:08:22] (0s)  >>> Created relation project#params/1@18f8e7rp with 20 rows.
[2022-04-17 14:08:22] (0s) Starting to evaluate predicate DataFlowDispatch::DispatchImpl::parameterPosition#f/1@222be71a
[2022-04-17 14:08:22] (0s)  >>> Created relation DataFlowDispatch::DispatchImpl::parameterPosition#f/1@222be71a with 21 rows.
[2022-04-17 14:08:22] (0s) Starting to evaluate predicate DataFlowImpl4::pathIntoArg#fffffff#shared/3@e40a29vh
[2022-04-17 14:08:22] (0s)  >>> Created relation DataFlowImpl4::pathIntoArg#fffffff#shared/3@e40a29vh with 334 rows.
[2022-04-17 14:08:22] (0s) Starting to evaluate predicate DataFlowImpl::pathIntoArg#fffffff#join_rhs/3@951439ai
[2022-04-17 14:08:22] (0s)  >>> Created relation DataFlowImpl::pathIntoArg#fffffff#join_rhs/3@951439ai with 334 rows.
[2022-04-17 14:08:22] (0s) Starting to evaluate predicate Member::Constructor#class#f/1@1ca1d1sj
[2022-04-17 14:08:22] (0s)  >>> Created relation Member::Constructor#class#f/1@1ca1d1sj with 1726 rows.
[2022-04-17 14:08:22] (0s) Starting to evaluate predicate Member::Constructor::getSourceDeclaration#ff/2@5014af06
[2022-04-17 14:08:22] (0s)  >>> Created relation Member::Constructor::getSourceDeclaration#ff/2@5014af06 with 1726 rows.
[2022-04-17 14:08:22] (0s) Starting to evaluate predicate methods_50#join_rhs/2@2b64aeij
[2022-04-17 14:08:22] (0s)  >>> Created relation methods_50#join_rhs/2@2b64aeij with 20736 rows.
[2022-04-17 14:08:22] (0s) Starting to evaluate predicate Member::SrcMethod#f/1@c84387f9
[2022-04-17 14:08:22] (0s)  >>> Created relation Member::SrcMethod#f/1@c84387f9 with 17701 rows.
[2022-04-17 14:08:22] (0s) Starting to evaluate predicate Member::Method::getSourceDeclaration#ff/2@7795ab0j
[2022-04-17 14:08:22] (0s)  >>> Created relation Member::Method::getSourceDeclaration#ff/2@7795ab0j with 20736 rows.
[2022-04-17 14:08:22] (0s) Starting to evaluate predicate constrs_50#join_rhs/2@2fcc1eqj
[2022-04-17 14:08:22] (0s)  >>> Created relation constrs_50#join_rhs/2@2fcc1eqj with 1726 rows.
[2022-04-17 14:08:22] (0s) Starting to evaluate predicate Generics::GenericCallable#f/1@c9212bmn
[2022-04-17 14:08:22] (0s)  >>> Created relation Generics::GenericCallable#f/1@c9212bmn with 684 rows.
[2022-04-17 14:08:22] (0s) Starting to evaluate predicate Generics::GenericMethod#class#f/1@09f636s1
[2022-04-17 14:08:22] (0s)  >>> Created relation Generics::GenericMethod#class#f/1@09f636s1 with 684 rows.
[2022-04-17 14:08:22] (0s) Starting to evaluate predicate Generics::GenericMethod::getSourceDeclaration_dispred#ff/2@3cc69dp5
[2022-04-17 14:08:22] (0s)  >>> Created relation Generics::GenericMethod::getSourceDeclaration_dispred#ff/2@3cc69dp5 with 684 rows.
[2022-04-17 14:08:22] (0s) Starting to evaluate predicate Member::Method::getSourceDeclaration_dispred#ff/2@da0a9e2e
[2022-04-17 14:08:22] (0s)  >>> Created relation Member::Method::getSourceDeclaration_dispred#ff/2@da0a9e2e with 20736 rows.
[2022-04-17 14:08:22] (0s) Starting to evaluate predicate Generics::GenericConstructor#class#f/1@8da6e9f6
[2022-04-17 14:08:22] (0s)  >>> Created relation Generics::GenericConstructor#class#f/1@8da6e9f6 with 0 rows.
[2022-04-17 14:08:22] (0s) Starting to evaluate predicate Member::Callable::getSourceDeclaration_dispred#bf/2@88e92ag8
[2022-04-17 14:08:22] (0s)  >>> Created relation Member::Callable::getSourceDeclaration_dispred#bf/2@88e92ag8 with 94 rows.
[2022-04-17 14:08:22] (0s) Starting to evaluate predicate VirtualDispatch::viableCallable#ff/2@1ed2a9lt
[2022-04-17 14:08:22] (0s)  >>> Created relation VirtualDispatch::viableCallable#ff/2@1ed2a9lt with 66 rows.
[2022-04-17 14:08:22] (0s) Starting to evaluate predicate DataFlowImpl::ParamNodeEx::isParameterOf_dispred#fff_120#join_rhs/3@6d3fa9sj
[2022-04-17 14:08:22] (0s)  >>> Created relation DataFlowImpl::ParamNodeEx::isParameterOf_dispred#fff_120#join_rhs/3@6d3fa9sj with 2359 rows.
[2022-04-17 14:08:22] (0s) Starting to evaluate predicate Generics::GenericType#f/1@fde1c5gv
[2022-04-17 14:08:22] (0s)  >>> Created relation Generics::GenericType#f/1@fde1c5gv with 149 rows.
[2022-04-17 14:08:22] (0s) Starting to evaluate predicate typeVars_40#join_rhs/2@01b02c1e
[2022-04-17 14:08:22] (0s)  >>> Created relation typeVars_40#join_rhs/2@01b02c1e with 844 rows.
[2022-04-17 14:08:22] (0s) Starting to evaluate predicate Member::Member::getDeclaringType_dispred#ff_10#join_rhs/2@584b48vj
[2022-04-17 14:08:22] (0s)  >>> Created relation Member::Member::getDeclaringType_dispred#ff_10#join_rhs/2@584b48vj with 27383 rows.
[2022-04-17 14:08:22] (0s) Starting to evaluate predicate Type::RefType::getPackage_dispred#ff#join_rhs/2@68ec79a3
[2022-04-17 14:08:22] (0s)  >>> Created relation Type::RefType::getPackage_dispred#ff#join_rhs/2@68ec79a3 with 647 rows.
[2022-04-17 14:08:22] (0s) Starting to evaluate predicate Type::RefType::getPackage_dispred#ff#join_rhs/2@3e145frn
[2022-04-17 14:08:22] (0s)  >>> Created relation Type::RefType::getPackage_dispred#ff#join_rhs/2@3e145frn with 197 rows.
[2022-04-17 14:08:22] (1s) Starting to evaluate predicate Type::RefType::getPackage_dispred#ff/2@i1#6072bw8a (iteration 1)
[2022-04-17 14:08:22] (1s) 			 - Type::RefType::getPackage_dispred#ff_delta has 4944 rows (order for disjuncts: delta=<standard>).
[2022-04-17 14:08:22] (1s) Starting to evaluate predicate Type::RefType::getPackage_dispred#ff/2@i2#6072bw8a (iteration 2)
[2022-04-17 14:08:22] (1s) 			 - Type::RefType::getPackage_dispred#ff_delta has 844 rows (order for disjuncts: delta=500000).
[2022-04-17 14:08:22] (1s) Starting to evaluate predicate Type::RefType::getPackage_dispred#ff/2@i3#6072bw8a (iteration 3)
[2022-04-17 14:08:22] (1s) Empty delta for Type::RefType::getPackage_dispred#ff_delta (order for disjuncts: delta=3163).
[2022-04-17 14:08:22] (1s) Accumulating deltas
[2022-04-17 14:08:22] (1s)  >>> Created relation Type::RefType::getPackage_dispred#ff/2@6072bw8a with 5788 rows.
[2022-04-17 14:08:22] (1s)  >>> Created relation packages/2@29d2d1tb with 205 rows.
[2022-04-17 14:08:22] (1s)  >>> Created relation paramName/2@c0e6abca with 48 rows.
[2022-04-17 14:08:22] (1s)  >>> Created relation primitives/2@ddc678hq with 10 rows.
[2022-04-17 14:08:22] (1s)  >>> Created relation localvars/4@10ccb3st with 52 rows.
[2022-04-17 14:08:22] (1s) Starting to evaluate predicate paramName_0#antijoin_rhs/1@74ec44ei
[2022-04-17 14:08:22] (1s)  >>> Created relation paramName_0#antijoin_rhs/1@74ec44ei with 48 rows.
[2022-04-17 14:08:22] (1s) Starting to evaluate predicate Element::Element::hasName_dispred#ff/2@9028c0mo
[2022-04-17 14:08:22] (1s)  >>> Created relation Element::Element::hasName_dispred#ff/2@9028c0mo with 55427 rows.
[2022-04-17 14:08:22] (1s) Starting to evaluate predicate enclInReftype_0#antijoin_rhs/1@952090tq
[2022-04-17 14:08:22] (1s)  >>> Created relation enclInReftype_0#antijoin_rhs/1@952090tq with 329 rows.
[2022-04-17 14:08:22] (1s) Starting to evaluate predicate enclInReftype_10#join_rhs/2@d10431cv
[2022-04-17 14:08:22] (1s)  >>> Created relation enclInReftype_10#join_rhs/2@d10431cv with 329 rows.
[2022-04-17 14:08:22] (1s) Starting to evaluate predicate Type::RefType::nestedName#ff#join_rhs/3@e6e156a6
[2022-04-17 14:08:22] (1s)  >>> Created relation Type::RefType::nestedName#ff#join_rhs/3@e6e156a6 with 329 rows.
[2022-04-17 14:08:22] (1s) Starting to evaluate predicate Type::RefType::nestedName#ff/2@i1#4e217wqc (iteration 1)
[2022-04-17 14:08:22] (1s) 			 - Type::RefType::nestedName#ff_delta has 6100 rows (order for disjuncts: delta=<standard>).
[2022-04-17 14:08:22] (1s) Starting to evaluate predicate Type::RefType::nestedName#ff/2@i2#4e217wqc (iteration 2)
[2022-04-17 14:08:22] (1s) 			 - Type::RefType::nestedName#ff_delta has 318 rows (order for disjuncts: delta=500000).
[2022-04-17 14:08:22] (1s) Starting to evaluate predicate Type::RefType::nestedName#ff/2@i3#4e217wqc (iteration 3)
[2022-04-17 14:08:22] (1s) 			 - Type::RefType::nestedName#ff_delta has 11 rows (order for disjuncts: delta=500000).
[2022-04-17 14:08:22] (1s) Starting to evaluate predicate Type::RefType::nestedName#ff/2@i4#4e217wqc (iteration 4)
[2022-04-17 14:08:22] (1s) Empty delta for Type::RefType::nestedName#ff_delta (order for disjuncts: delta=500000).
[2022-04-17 14:08:22] (1s) Accumulating deltas
[2022-04-17 14:08:22] (1s)  >>> Created relation Type::RefType::nestedName#ff/2@4e217wqc with 6429 rows.
[2022-04-17 14:08:22] (1s) Starting to evaluate predicate Type::RefType::hasQualifiedName_dispred#fff/3@8440bap6
[2022-04-17 14:08:22] (1s)  >>> Created relation Type::RefType::hasQualifiedName_dispred#fff/3@8440bap6 with 5788 rows.
[2022-04-17 14:08:22] (1s) Starting to evaluate predicate Properties::TypeProperty#class#f/1@bc60b3ns
[2022-04-17 14:08:22] (1s)  >>> Created relation Properties::TypeProperty#class#f/1@bc60b3ns with 1 rows.
[2022-04-17 14:08:22] (1s) Starting to evaluate predicate CleartextStoragePropertiesQuery::Properties#class#f/1@ad9569kv
[2022-04-17 14:08:22] (1s)  >>> Created relation CleartextStoragePropertiesQuery::Properties#class#f/1@ad9569kv with 0 rows.
[2022-04-17 14:08:22] (1s) Inferred that CleartextStoragePropertiesQuery::Properties::getAStore_dispred#ff#shared/2@75fda8lg is empty, due to CleartextStoragePropertiesQuery::Properties#class#f/1@ad9569kv.
[2022-04-17 14:08:22] (1s) Inferred that CleartextStoragePropertiesQuery::Properties::getAStore_dispred#ff/2@ea97d1ku is empty, due to CleartextStoragePropertiesQuery::Properties::getAStore_dispred#ff#shared/2@75fda8lg.
[2022-04-17 14:08:22] (1s) Inferred that CleartextStoragePropertiesQuery::Properties::getAnInput_dispred#ff/2@7e30d8kl is empty, due to CleartextStoragePropertiesQuery::Properties::getAStore_dispred#ff#shared/2@75fda8lg.
[2022-04-17 14:08:22] (1s) Inferred that project#CleartextStoragePropertiesQuery::Properties::getAStore_dispred#ff/1@aba832e4 is empty, due to CleartextStoragePropertiesQuery::Properties::getAStore_dispred#ff/2@ea97d1ku.
[2022-04-17 14:08:22] (1s) Inferred that CleartextStoragePropertiesQuery::Properties::getAnInput_dispred#ff_10#join_rhs/2@aba269gs is empty, due to CleartextStoragePropertiesQuery::Properties::getAnInput_dispred#ff/2@7e30d8kl.
[2022-04-17 14:08:22] (1s) Inferred that #select#query#f/1@77c1abh6 is empty, due to CleartextStoragePropertiesQuery::Properties::getAnInput_dispred#ff_10#join_rhs/2@aba269gs.
[2022-04-17 14:08:22] (1s)  >>> Created relation CleartextStoragePropertiesQuery::Properties::getAStore_dispred#ff#shared/2@75fda8lg with 0 rows.
[2022-04-17 14:08:22] (1s)  >>> Created relation project#CleartextStoragePropertiesQuery::Properties::getAStore_dispred#ff/1@aba832e4 with 0 rows.
[2022-04-17 14:08:22] (1s)  >>> Created relation CleartextStoragePropertiesQuery::Properties::getAStore_dispred#ff/2@ea97d1ku with 0 rows.
[2022-04-17 14:08:22] (1s)  >>> Created relation CleartextStoragePropertiesQuery::Properties::getAnInput_dispred#ff_10#join_rhs/2@aba269gs with 0 rows.
[2022-04-17 14:08:22] (1s)  >>> Created relation CleartextStoragePropertiesQuery::Properties::getAnInput_dispred#ff/2@7e30d8kl with 0 rows.
[2022-04-17 14:08:22] (1s)  >>> Created relation #select#query#f/1@77c1abh6 with 0 rows.
[2022-04-17 14:08:22] (1s) Query done
[2022-04-17 14:08:22] CSV_CACHE_DIFF: #select#query#f (CleartextStorageProperties.ql),0.978,0.78,0.094,0.016,0.035,0.011,0,0,0,0,0,0,0
[2022-04-17 14:08:22] (1s) Sequence stamp origin is -6466435436720123341
[2022-04-17 14:08:22] (1s) Pausing evaluation to sync to disk at sequence stamp o+0
[2022-04-17 14:08:22] (1s) Unpausing evaluation
[2022-04-17 14:08:22] CSV_IMB_QUERIES: Query,#select#query#f,CleartextStorageProperties.ql,21,Success,0.978,0,1157
[2022-04-17 14:08:22] Evaluation of /Users/zhuangpenghai/Downloads/CodeQL/Security/CWE/CWE-312/CleartextStorageProperties.ql produced BQRS results.
[2022-04-17 14:08:22] [PROGRESS] execute queries> Evaluation completed (1.4s).
[2022-04-17 14:08:22] Constructing in-process plumbing: codeql bqrs decode dummy.bqrs
[2022-04-17 14:08:22] [PROGRESS] execute queries> Shutting down query evaluator.
[2022-04-17 14:08:22] Pausing evaluation to close the cache at sequence stamp o+1
[2022-04-17 14:08:22] The disk cache is freshly trimmed; leave it be.
[2022-04-17 14:08:22] Unpausing evaluation
[2022-04-17 14:08:22] Terminating normally.
