[2022-04-17 13:06:03] This is codeql execute queries -J-Xmx2048M --off-heap-ram=2048 --verbosity=progress --logdir=/Users/zhuangpenghai/Downloads/CodeQL/Vuln/micro/log --evaluator-log-level=1 --insecurely-execute-ml-model-checksums= --warnings=show --qlconfig-file=/Users/zhuangpenghai/Downloads/CodeQL/qlconfig.yml -- /Users/zhuangpenghai/Downloads/CodeQL/Vuln/micro/db-java /Users/zhuangpenghai/Downloads/CodeQL/Security/CWE/CWE-094/SpelInjection.ql
[2022-04-17 13:06:03] Calling plumbing command: codeql resolve queries --format=json -- /Users/zhuangpenghai/Downloads/CodeQL/Security/CWE/CWE-094/SpelInjection.ql
[2022-04-17 13:06:03] Plumbing command codeql resolve queries completed:
                      [
                        "/Users/zhuangpenghai/Downloads/CodeQL/Security/CWE/CWE-094/SpelInjection.ql"
                      ]
[2022-04-17 13:06:03] Refusing fancy output: $CODEQL_ISATTY terminal indication is missing
[2022-04-17 13:06:03] Creating executor with 1 threads.
[2022-04-17 13:06:04] Calling plumbing command: codeql resolve library-path --qlconfig-file=/Users/zhuangpenghai/Downloads/CodeQL/qlconfig.yml --query=/Users/zhuangpenghai/Downloads/CodeQL/Security/CWE/CWE-094/SpelInjection.ql --format=json
[2022-04-17 13:06:04] [DETAILS] resolve library-path> Resolving query at normalized path /Users/zhuangpenghai/Downloads/CodeQL/Security/CWE/CWE-094/SpelInjection.ql.
[2022-04-17 13:06:04] [DETAILS] resolve library-path> Found no enclosing pack; trying after symlink resolution with /Users/zhuangpenghai/Downloads/CodeQL/Security/CWE/CWE-094/SpelInjection.ql.
[2022-04-17 13:06:04] [DETAILS] resolve library-path> Found enclosing pack 'CWE-094' at /Users/zhuangpenghai/Downloads/CodeQL/Security/CWE/CWE-094.
[2022-04-17 13:06:04] [DETAILS] resolve library-path> Adding compilation cache at /Users/zhuangpenghai/Downloads/CodeQL/Security/CWE/CWE-094/.cache.
[2022-04-17 13:06:04] [DETAILS] resolve library-path> Resolving library dependencies from /Users/zhuangpenghai/Downloads/CodeQL/Security/CWE/CWE-094/SpelInjection.ql.
[2022-04-17 13:06:04] [DETAILS] resolve library-path> QL pack dependencies for /Users/zhuangpenghai/Downloads/CodeQL/Security/CWE/CWE-094 resolved OK.
[2022-04-17 13:06:04] [DETAILS] resolve library-path> Found no dbscheme through dependencies.
[2022-04-17 13:06:04] Plumbing command codeql resolve library-path completed:
                      {
                        "libraryPath" : [
                          "/Users/zhuangpenghai/Downloads/CodeQL/Security/CWE/CWE-094"
                        ],
                        "compilationCache" : [
                          "/Users/zhuangpenghai/Downloads/CodeQL/Security/CWE/CWE-094/.cache"
                        ],
                        "relativeName" : "CWE-094/SpelInjection.ql",
                        "possibleAdvice" : "There should probably be a qlpack.yml file declaring dependencies in /Users/zhuangpenghai/Downloads/CodeQL/Security/CWE/CWE-094 or an enclosing directory.",
                        "qlPackName" : "CWE-094"
                      }
[2022-04-17 13:06:04] [PROGRESS] execute queries> Compiling query plan for /Users/zhuangpenghai/Downloads/CodeQL/Security/CWE/CWE-094/SpelInjection.ql.
[2022-04-17 13:06:04] [DETAILS] execute queries> Resolving imports for /Users/zhuangpenghai/Downloads/CodeQL/Security/CWE/CWE-094/SpelInjection.ql.
[2022-04-17 13:06:04] Resolved file set for /Users/zhuangpenghai/Downloads/CodeQL/Security/CWE/CWE-094/SpelInjection.ql hashes to 762b658ea86bce64c49e0ff59bcda4b038472a79.
[2022-04-17 13:06:04] [DETAILS] execute queries> Checking QL for /Users/zhuangpenghai/Downloads/CodeQL/Security/CWE/CWE-094/SpelInjection.ql.
[2022-04-17 13:06:05] ExternalModuleBindingPass ...
[2022-04-17 13:06:05] ExternalModuleBindingPass time: 00:00.008
[2022-04-17 13:06:05] QLPredicateSynthesiser ...
[2022-04-17 13:06:05] QLPredicateSynthesiser time: 00:00.001
[2022-04-17 13:06:05] DeclarationBindingPass ...
[2022-04-17 13:06:05] DeclarationBindingPass time: 00:00.006
[2022-04-17 13:06:05] Fixed point time ...
[2022-04-17 13:06:05] Fixed point time time: 00:00.011
[2022-04-17 13:06:05] ReferenceBindingPass ...
[2022-04-17 13:06:05] ReferenceBindingPass time: 00:00.002
[2022-04-17 13:06:05] EntityTypeUpdateBindingPass ...
[2022-04-17 13:06:05] EntityTypeUpdateBindingPass time: 00:00.000
[2022-04-17 13:06:05] DeclarationBindingPass ...
[2022-04-17 13:06:05] DeclarationBindingPass time: 00:00.001
[2022-04-17 13:06:05] PredicateBodyBindingPass ...
[2022-04-17 13:06:05] PredicateBodyBindingPass time: 00:00.002
[2022-04-17 13:06:05] LanguagePragmaPropagationPass ...
[2022-04-17 13:06:05] LanguagePragmaPropagationPass time: 00:00.000
[2022-04-17 13:06:05] Ambiguity checks ...
[2022-04-17 13:06:05] Ambiguity checks time: 00:00.003
[2022-04-17 13:06:05] Ql checks ...
[2022-04-17 13:06:05] Ql checks time: 00:00.031
[2022-04-17 13:06:05] [ERROR] execute queries> ERROR: Could not resolve module semmle.code.java.security.SpelInjectionQuery. There should probably be a qlpack.yml file declaring dependencies in /Users/zhuangpenghai/Downloads/CodeQL/Security/CWE/CWE-094 or an enclosing directory. (/Users/zhuangpenghai/Downloads/CodeQL/Security/CWE/CWE-094/SpelInjection.ql:14,8-52)
[2022-04-17 13:06:05] [ERROR] execute queries> ERROR: Could not resolve module semmle.code.java.dataflow.DataFlow. There should probably be a qlpack.yml file declaring dependencies in /Users/zhuangpenghai/Downloads/CodeQL/Security/CWE/CWE-094 or an enclosing directory. (/Users/zhuangpenghai/Downloads/CodeQL/Security/CWE/CWE-094/SpelInjection.ql:15,8-42)
[2022-04-17 13:06:05] [ERROR] execute queries> ERROR: Could not resolve module java. There should probably be a qlpack.yml file declaring dependencies in /Users/zhuangpenghai/Downloads/CodeQL/Security/CWE/CWE-094 or an enclosing directory. (/Users/zhuangpenghai/Downloads/CodeQL/Security/CWE/CWE-094/SpelInjection.ql:13,8-12)
[2022-04-17 13:06:05] [ERROR] execute queries> ERROR: Could not resolve module DataFlow. There should probably be a qlpack.yml file declaring dependencies in /Users/zhuangpenghai/Downloads/CodeQL/Security/CWE/CWE-094 or an enclosing directory. (/Users/zhuangpenghai/Downloads/CodeQL/Security/CWE/CWE-094/SpelInjection.ql:16,8-16)
[2022-04-17 13:06:05] [ERROR] execute queries> ERROR: Could not resolve module DataFlow. There should probably be a qlpack.yml file declaring dependencies in /Users/zhuangpenghai/Downloads/CodeQL/Security/CWE/CWE-094 or an enclosing directory. (/Users/zhuangpenghai/Downloads/CodeQL/Security/CWE/CWE-094/SpelInjection.ql:18,6-14)
[2022-04-17 13:06:05] [ERROR] execute queries> ERROR: Could not resolve module DataFlow. There should probably be a qlpack.yml file declaring dependencies in /Users/zhuangpenghai/Downloads/CodeQL/Security/CWE/CWE-094 or an enclosing directory. (/Users/zhuangpenghai/Downloads/CodeQL/Security/CWE/CWE-094/SpelInjection.ql:18,33-41)
[2022-04-17 13:06:05] [ERROR] execute queries> ERROR: Could not resolve type SpelInjectionConfig (/Users/zhuangpenghai/Downloads/CodeQL/Security/CWE/CWE-094/SpelInjection.ql:18,58-77)
[2022-04-17 13:06:05] Sequence stamp origin is -6466451374947235098
[2022-04-17 13:06:05] Pausing evaluation to close the cache at sequence stamp o+0
[2022-04-17 13:06:05] The disk cache is freshly trimmed; leave it be.
[2022-04-17 13:06:05] Unpausing evaluation
[2022-04-17 13:06:05] Exiting with code 2
