[2022-04-17 13:05:51] This is codeql execute queries -J-Xmx2048M --off-heap-ram=2048 --verbosity=progress --logdir=/Users/zhuangpenghai/Downloads/CodeQL/Vuln/micro/log --evaluator-log-level=1 --insecurely-execute-ml-model-checksums= --warnings=show --qlconfig-file=/Users/zhuangpenghai/Downloads/CodeQL/qlconfig.yml -- /Users/zhuangpenghai/Downloads/CodeQL/Vuln/micro/db-java /Users/zhuangpenghai/Downloads/CodeQL/Security/CWE/CWE-094/GroovyInjection.ql
[2022-04-17 13:05:51] Calling plumbing command: codeql resolve queries --format=json -- /Users/zhuangpenghai/Downloads/CodeQL/Security/CWE/CWE-094/GroovyInjection.ql
[2022-04-17 13:05:52] Plumbing command codeql resolve queries completed:
                      [
                        "/Users/zhuangpenghai/Downloads/CodeQL/Security/CWE/CWE-094/GroovyInjection.ql"
                      ]
[2022-04-17 13:05:52] Refusing fancy output: $CODEQL_ISATTY terminal indication is missing
[2022-04-17 13:05:52] Creating executor with 1 threads.
[2022-04-17 13:05:52] Calling plumbing command: codeql resolve library-path --qlconfig-file=/Users/zhuangpenghai/Downloads/CodeQL/qlconfig.yml --query=/Users/zhuangpenghai/Downloads/CodeQL/Security/CWE/CWE-094/GroovyInjection.ql --format=json
[2022-04-17 13:05:52] [DETAILS] resolve library-path> Resolving query at normalized path /Users/zhuangpenghai/Downloads/CodeQL/Security/CWE/CWE-094/GroovyInjection.ql.
[2022-04-17 13:05:52] [DETAILS] resolve library-path> Found no enclosing pack; trying after symlink resolution with /Users/zhuangpenghai/Downloads/CodeQL/Security/CWE/CWE-094/GroovyInjection.ql.
[2022-04-17 13:05:52] [DETAILS] resolve library-path> Found enclosing pack 'CWE-094' at /Users/zhuangpenghai/Downloads/CodeQL/Security/CWE/CWE-094.
[2022-04-17 13:05:52] [DETAILS] resolve library-path> Adding compilation cache at /Users/zhuangpenghai/Downloads/CodeQL/Security/CWE/CWE-094/.cache.
[2022-04-17 13:05:52] [DETAILS] resolve library-path> Resolving library dependencies from /Users/zhuangpenghai/Downloads/CodeQL/Security/CWE/CWE-094/GroovyInjection.ql.
[2022-04-17 13:05:52] [DETAILS] resolve library-path> QL pack dependencies for /Users/zhuangpenghai/Downloads/CodeQL/Security/CWE/CWE-094 resolved OK.
[2022-04-17 13:05:52] [DETAILS] resolve library-path> Found no dbscheme through dependencies.
[2022-04-17 13:05:52] Plumbing command codeql resolve library-path completed:
                      {
                        "libraryPath" : [
                          "/Users/zhuangpenghai/Downloads/CodeQL/Security/CWE/CWE-094"
                        ],
                        "compilationCache" : [
                          "/Users/zhuangpenghai/Downloads/CodeQL/Security/CWE/CWE-094/.cache"
                        ],
                        "relativeName" : "CWE-094/GroovyInjection.ql",
                        "possibleAdvice" : "There should probably be a qlpack.yml file declaring dependencies in /Users/zhuangpenghai/Downloads/CodeQL/Security/CWE/CWE-094 or an enclosing directory.",
                        "qlPackName" : "CWE-094"
                      }
[2022-04-17 13:05:52] [PROGRESS] execute queries> Compiling query plan for /Users/zhuangpenghai/Downloads/CodeQL/Security/CWE/CWE-094/GroovyInjection.ql.
[2022-04-17 13:05:52] [DETAILS] execute queries> Resolving imports for /Users/zhuangpenghai/Downloads/CodeQL/Security/CWE/CWE-094/GroovyInjection.ql.
[2022-04-17 13:05:52] Resolved file set for /Users/zhuangpenghai/Downloads/CodeQL/Security/CWE/CWE-094/GroovyInjection.ql hashes to 686bd21c857eeab8b2fa0ab16443b500fb562920.
[2022-04-17 13:05:52] [DETAILS] execute queries> Checking QL for /Users/zhuangpenghai/Downloads/CodeQL/Security/CWE/CWE-094/GroovyInjection.ql.
[2022-04-17 13:05:53] ExternalModuleBindingPass ...
[2022-04-17 13:05:53] ExternalModuleBindingPass time: 00:00.004
[2022-04-17 13:05:53] QLPredicateSynthesiser ...
[2022-04-17 13:05:53] QLPredicateSynthesiser time: 00:00.004
[2022-04-17 13:05:53] DeclarationBindingPass ...
[2022-04-17 13:05:53] DeclarationBindingPass time: 00:00.005
[2022-04-17 13:05:53] Fixed point time ...
[2022-04-17 13:05:53] Fixed point time time: 00:00.007
[2022-04-17 13:05:53] ReferenceBindingPass ...
[2022-04-17 13:05:53] ReferenceBindingPass time: 00:00.002
[2022-04-17 13:05:53] EntityTypeUpdateBindingPass ...
[2022-04-17 13:05:53] EntityTypeUpdateBindingPass time: 00:00.000
[2022-04-17 13:05:53] DeclarationBindingPass ...
[2022-04-17 13:05:53] DeclarationBindingPass time: 00:00.001
[2022-04-17 13:05:53] PredicateBodyBindingPass ...
[2022-04-17 13:05:53] PredicateBodyBindingPass time: 00:00.003
[2022-04-17 13:05:53] LanguagePragmaPropagationPass ...
[2022-04-17 13:05:53] LanguagePragmaPropagationPass time: 00:00.000
[2022-04-17 13:05:53] Ambiguity checks ...
[2022-04-17 13:05:53] Ambiguity checks time: 00:00.010
[2022-04-17 13:05:53] Ql checks ...
[2022-04-17 13:05:53] Ql checks time: 00:00.034
[2022-04-17 13:05:53] [ERROR] execute queries> ERROR: Could not resolve module semmle.code.java.security.GroovyInjectionQuery. There should probably be a qlpack.yml file declaring dependencies in /Users/zhuangpenghai/Downloads/CodeQL/Security/CWE/CWE-094 or an enclosing directory. (/Users/zhuangpenghai/Downloads/CodeQL/Security/CWE/CWE-094/GroovyInjection.ql:14,8-54)
[2022-04-17 13:05:53] [ERROR] execute queries> ERROR: Could not resolve module java. There should probably be a qlpack.yml file declaring dependencies in /Users/zhuangpenghai/Downloads/CodeQL/Security/CWE/CWE-094 or an enclosing directory. (/Users/zhuangpenghai/Downloads/CodeQL/Security/CWE/CWE-094/GroovyInjection.ql:13,8-12)
[2022-04-17 13:05:53] [ERROR] execute queries> ERROR: Could not resolve module DataFlow. There should probably be a qlpack.yml file declaring dependencies in /Users/zhuangpenghai/Downloads/CodeQL/Security/CWE/CWE-094 or an enclosing directory. (/Users/zhuangpenghai/Downloads/CodeQL/Security/CWE/CWE-094/GroovyInjection.ql:15,8-16)
[2022-04-17 13:05:53] [ERROR] execute queries> ERROR: Could not resolve module DataFlow. There should probably be a qlpack.yml file declaring dependencies in /Users/zhuangpenghai/Downloads/CodeQL/Security/CWE/CWE-094 or an enclosing directory. (/Users/zhuangpenghai/Downloads/CodeQL/Security/CWE/CWE-094/GroovyInjection.ql:17,6-14)
[2022-04-17 13:05:53] [ERROR] execute queries> ERROR: Could not resolve module DataFlow. There should probably be a qlpack.yml file declaring dependencies in /Users/zhuangpenghai/Downloads/CodeQL/Security/CWE/CWE-094 or an enclosing directory. (/Users/zhuangpenghai/Downloads/CodeQL/Security/CWE/CWE-094/GroovyInjection.ql:17,33-41)
[2022-04-17 13:05:53] [ERROR] execute queries> ERROR: Could not resolve type GroovyInjectionConfig (/Users/zhuangpenghai/Downloads/CodeQL/Security/CWE/CWE-094/GroovyInjection.ql:17,58-79)
[2022-04-17 13:05:53] Sequence stamp origin is -6466451425745080323
[2022-04-17 13:05:53] Pausing evaluation to close the cache at sequence stamp o+0
[2022-04-17 13:05:53] The disk cache is freshly trimmed; leave it be.
[2022-04-17 13:05:53] Unpausing evaluation
[2022-04-17 13:05:53] Exiting with code 2
