[2022-04-17 00:08:56] [javac-extractor-53688] Starting extraction for:
                                              sun.java.command=com.semmle.extractor.java.JavaExtractor --jdk-version -1 --javac-args @@@/Users/zhuangpenghai/Downloads/micro_service_seclab-main/micro/log/ext/javac-1.args
                                              user.dir=/Users/zhuangpenghai/Downloads/micro_service_seclab-main
[2022-04-17 00:08:56] [javac-extractor-53688] [WARN] Appending source destination directory /Users/zhuangpenghai/Downloads/micro_service_seclab-main/target/generated-test-sources/test-annotations to sourcepath
[2022-04-17 00:08:57] [javac-extractor-53688] Processing file /Users/zhuangpenghai/Downloads/micro_service_seclab-main/src/test/java/com/l4yn3/microserviceseclab/MicroServiceSeclabApplicationTests.java
[2022-04-17 00:08:57] [javac-extractor-53688] Writing trap file for: org.junit.jupiter.api.Test 52.0-318182400000 jar:file:///Users/zhuangpenghai/.m2/repository/org/junit/jupiter/junit-jupiter-api/5.7.2/junit-jupiter-api-5.7.2.jar!/org/junit/jupiter/api/Test.class
[2022-04-17 00:08:57] [javac-extractor-53688] Writing trap file for: org.springframework.boot.test.context.SpringBootTest 52.0-1626933016000 jar:file:///Users/zhuangpenghai/.m2/repository/org/springframework/boot/spring-boot-test/2.5.3/spring-boot-test-2.5.3.jar!/org/springframework/boot/test/context/SpringBootTest.class
[2022-04-17 00:08:57] [javac-extractor-53688] Writing trap file for: com.l4yn3.microserviceseclab.MicroServiceSeclabApplicationTests 0.0-1637017554000 file:///Users/zhuangpenghai/Downloads/micro_service_seclab-main/src/test/java/com/l4yn3/microserviceseclab/MicroServiceSeclabApplicationTests.java
[2022-04-17 00:08:57] [javac-extractor-53688] Writing trap file for: org.apiguardian.api.API 50.0-1559826458000 jar:file:///Users/zhuangpenghai/.m2/repository/org/apiguardian/apiguardian-api/1.1.0/apiguardian-api-1.1.0.jar!/org/apiguardian/api/API.class
[2022-04-17 00:08:57] [javac-extractor-53688] Writing trap file for: org.apiguardian.api.API.Status 50.0-1559826458000 jar:file:///Users/zhuangpenghai/.m2/repository/org/apiguardian/apiguardian-api/1.1.0/apiguardian-api-1.1.0.jar!/org/apiguardian/api/API$Status.class
[2022-04-17 00:08:57] [javac-extractor-53688] Writing trap file for: org.junit.platform.commons.annotation.Testable 52.0-318182400000 jar:file:///Users/zhuangpenghai/.m2/repository/org/junit/platform/junit-platform-commons/1.7.2/junit-platform-commons-1.7.2.jar!/org/junit/platform/commons/annotation/Testable.class
[2022-04-17 00:08:57] [javac-extractor-53688] Writing trap file for: org.junit.jupiter.api.extension.ExtendWith 52.0-318182400000 jar:file:///Users/zhuangpenghai/.m2/repository/org/junit/jupiter/junit-jupiter-api/5.7.2/junit-jupiter-api-5.7.2.jar!/org/junit/jupiter/api/extension/ExtendWith.class
[2022-04-17 00:08:57] [javac-extractor-53688] Writing trap file for: org.junit.jupiter.api.extension.Extension 52.0-318182400000 jar:file:///Users/zhuangpenghai/.m2/repository/org/junit/jupiter/junit-jupiter-api/5.7.2/junit-jupiter-api-5.7.2.jar!/org/junit/jupiter/api/extension/Extension.class
[2022-04-17 00:08:57] [javac-extractor-53688] Writing trap file for: org.springframework.test.context.junit.jupiter.SpringExtension 52.0-1626216058000 jar:file:///Users/zhuangpenghai/.m2/repository/org/springframework/spring-test/5.3.9/spring-test-5.3.9.jar!/org/springframework/test/context/junit/jupiter/SpringExtension.class
[2022-04-17 00:08:57] [javac-extractor-53688] Writing trap file for: org.springframework.test.context.BootstrapWith 52.0-1626216058000 jar:file:///Users/zhuangpenghai/.m2/repository/org/springframework/spring-test/5.3.9/spring-test-5.3.9.jar!/org/springframework/test/context/BootstrapWith.class
[2022-04-17 00:08:57] [javac-extractor-53688] Writing trap file for: org.springframework.boot.test.context.SpringBootTestContextBootstrapper 52.0-1626933016000 jar:file:///Users/zhuangpenghai/.m2/repository/org/springframework/boot/spring-boot-test/2.5.3/spring-boot-test-2.5.3.jar!/org/springframework/boot/test/context/SpringBootTestContextBootstrapper.class
[2022-04-17 00:08:57] [javac-extractor-53688] Writing trap file for: org.springframework.boot.test.context.SpringBootTest.WebEnvironment 52.0-1626933016000 jar:file:///Users/zhuangpenghai/.m2/repository/org/springframework/boot/spring-boot-test/2.5.3/spring-boot-test-2.5.3.jar!/org/springframework/boot/test/context/SpringBootTest$WebEnvironment.class
[2022-04-17 00:08:57] [javac-extractor-53688] Writing trap file for: org.junit.jupiter.api.extension.Extensions 52.0-318182400000 jar:file:///Users/zhuangpenghai/.m2/repository/org/junit/jupiter/junit-jupiter-api/5.7.2/junit-jupiter-api-5.7.2.jar!/org/junit/jupiter/api/extension/Extensions.class
[2022-04-17 00:08:57] [javac-extractor-53688] Writing trap file for: org.junit.jupiter.api.extension.BeforeAllCallback 52.0-318182400000 jar:file:///Users/zhuangpenghai/.m2/repository/org/junit/jupiter/junit-jupiter-api/5.7.2/junit-jupiter-api-5.7.2.jar!/org/junit/jupiter/api/extension/BeforeAllCallback.class
[2022-04-17 00:08:57] [javac-extractor-53688] Writing trap file for: org.junit.jupiter.api.extension.AfterAllCallback 52.0-318182400000 jar:file:///Users/zhuangpenghai/.m2/repository/org/junit/jupiter/junit-jupiter-api/5.7.2/junit-jupiter-api-5.7.2.jar!/org/junit/jupiter/api/extension/AfterAllCallback.class
[2022-04-17 00:08:57] [javac-extractor-53688] Writing trap file for: org.junit.jupiter.api.extension.TestInstancePostProcessor 52.0-318182400000 jar:file:///Users/zhuangpenghai/.m2/repository/org/junit/jupiter/junit-jupiter-api/5.7.2/junit-jupiter-api-5.7.2.jar!/org/junit/jupiter/api/extension/TestInstancePostProcessor.class
[2022-04-17 00:08:57] [javac-extractor-53688] Writing trap file for: org.junit.jupiter.api.extension.BeforeEachCallback 52.0-318182400000 jar:file:///Users/zhuangpenghai/.m2/repository/org/junit/jupiter/junit-jupiter-api/5.7.2/junit-jupiter-api-5.7.2.jar!/org/junit/jupiter/api/extension/BeforeEachCallback.class
[2022-04-17 00:08:57] [javac-extractor-53688] Writing trap file for: org.junit.jupiter.api.extension.AfterEachCallback 52.0-318182400000 jar:file:///Users/zhuangpenghai/.m2/repository/org/junit/jupiter/junit-jupiter-api/5.7.2/junit-jupiter-api-5.7.2.jar!/org/junit/jupiter/api/extension/AfterEachCallback.class
[2022-04-17 00:08:57] [javac-extractor-53688] Writing trap file for: org.junit.jupiter.api.extension.BeforeTestExecutionCallback 52.0-318182400000 jar:file:///Users/zhuangpenghai/.m2/repository/org/junit/jupiter/junit-jupiter-api/5.7.2/junit-jupiter-api-5.7.2.jar!/org/junit/jupiter/api/extension/BeforeTestExecutionCallback.class
[2022-04-17 00:08:57] [javac-extractor-53688] Writing trap file for: org.junit.jupiter.api.extension.AfterTestExecutionCallback 52.0-318182400000 jar:file:///Users/zhuangpenghai/.m2/repository/org/junit/jupiter/junit-jupiter-api/5.7.2/junit-jupiter-api-5.7.2.jar!/org/junit/jupiter/api/extension/AfterTestExecutionCallback.class
[2022-04-17 00:08:57] [javac-extractor-53688] Writing trap file for: org.junit.jupiter.api.extension.ParameterResolver 52.0-318182400000 jar:file:///Users/zhuangpenghai/.m2/repository/org/junit/jupiter/junit-jupiter-api/5.7.2/junit-jupiter-api-5.7.2.jar!/org/junit/jupiter/api/extension/ParameterResolver.class
[2022-04-17 00:08:57] [javac-extractor-53688] Writing trap file for: org.junit.jupiter.api.extension.ExtensionContext 52.0-318182400000 jar:file:///Users/zhuangpenghai/.m2/repository/org/junit/jupiter/junit-jupiter-api/5.7.2/junit-jupiter-api-5.7.2.jar!/org/junit/jupiter/api/extension/ExtensionContext.class
[2022-04-17 00:08:57] [javac-extractor-53688] Writing trap file for: org.springframework.test.context.TestContextManager 52.0-1626216058000 jar:file:///Users/zhuangpenghai/.m2/repository/org/springframework/spring-test/5.3.9/spring-test-5.3.9.jar!/org/springframework/test/context/TestContextManager.class
[2022-04-17 00:08:57] [javac-extractor-53688] Writing trap file for: org.junit.jupiter.api.extension.ParameterContext 52.0-318182400000 jar:file:///Users/zhuangpenghai/.m2/repository/org/junit/jupiter/junit-jupiter-api/5.7.2/junit-jupiter-api-5.7.2.jar!/org/junit/jupiter/api/extension/ParameterContext.class
[2022-04-17 00:08:57] [javac-extractor-53688] Writing trap file for: org.springframework.test.context.TestContextBootstrapper 52.0-1626216058000 jar:file:///Users/zhuangpenghai/.m2/repository/org/springframework/spring-test/5.3.9/spring-test-5.3.9.jar!/org/springframework/test/context/TestContextBootstrapper.class
[2022-04-17 00:08:57] [javac-extractor-53688] Writing trap file for: org.springframework.test.context.support.DefaultTestContextBootstrapper 52.0-1626216058000 jar:file:///Users/zhuangpenghai/.m2/repository/org/springframework/spring-test/5.3.9/spring-test-5.3.9.jar!/org/springframework/test/context/support/DefaultTestContextBootstrapper.class
[2022-04-17 00:08:57] [javac-extractor-53688] Writing trap file for: org.springframework.test.context.MergedContextConfiguration 52.0-1626216058000 jar:file:///Users/zhuangpenghai/.m2/repository/org/springframework/spring-test/5.3.9/spring-test-5.3.9.jar!/org/springframework/test/context/MergedContextConfiguration.class
[2022-04-17 00:08:57] [javac-extractor-53688] Writing trap file for: org.springframework.test.context.ContextLoader 52.0-1626216058000 jar:file:///Users/zhuangpenghai/.m2/repository/org/springframework/spring-test/5.3.9/spring-test-5.3.9.jar!/org/springframework/test/context/ContextLoader.class
[2022-04-17 00:08:57] [javac-extractor-53688] Writing trap file for: org.springframework.test.context.ContextConfigurationAttributes 52.0-1626216058000 jar:file:///Users/zhuangpenghai/.m2/repository/org/springframework/spring-test/5.3.9/spring-test-5.3.9.jar!/org/springframework/test/context/ContextConfigurationAttributes.class
[2022-04-17 00:08:57] [javac-extractor-53688] Writing trap file for: org.springframework.test.context.TestExecutionListener 52.0-1626216058000 jar:file:///Users/zhuangpenghai/.m2/repository/org/springframework/spring-test/5.3.9/spring-test-5.3.9.jar!/org/springframework/test/context/TestExecutionListener.class
[2022-04-17 00:08:57] [javac-extractor-53688] Writing trap file for: org.springframework.test.context.TestContext 52.0-1626216058000 jar:file:///Users/zhuangpenghai/.m2/repository/org/springframework/spring-test/5.3.9/spring-test-5.3.9.jar!/org/springframework/test/context/TestContext.class
[2022-04-17 00:08:57] [javac-extractor-53688] Writing trap file for: org.junit.jupiter.api.extension.ParameterResolutionException 52.0-318182400000 jar:file:///Users/zhuangpenghai/.m2/repository/org/junit/jupiter/junit-jupiter-api/5.7.2/junit-jupiter-api-5.7.2.jar!/org/junit/jupiter/api/extension/ParameterResolutionException.class
[2022-04-17 00:08:57] [javac-extractor-53688] Writing trap file for: org.junit.jupiter.api.extension.ExtensionContext.Namespace 52.0-318182400000 jar:file:///Users/zhuangpenghai/.m2/repository/org/junit/jupiter/junit-jupiter-api/5.7.2/junit-jupiter-api-5.7.2.jar!/org/junit/jupiter/api/extension/ExtensionContext$Namespace.class
[2022-04-17 00:08:57] [javac-extractor-53688] Writing trap file for: org.junit.jupiter.api.extension.ExtensionContext.Store 52.0-318182400000 jar:file:///Users/zhuangpenghai/.m2/repository/org/junit/jupiter/junit-jupiter-api/5.7.2/junit-jupiter-api-5.7.2.jar!/org/junit/jupiter/api/extension/ExtensionContext$Store.class
[2022-04-17 00:08:57] [javac-extractor-53688] Writing trap file for: org.junit.jupiter.api.extension.TestInstances 52.0-318182400000 jar:file:///Users/zhuangpenghai/.m2/repository/org/junit/jupiter/junit-jupiter-api/5.7.2/junit-jupiter-api-5.7.2.jar!/org/junit/jupiter/api/extension/TestInstances.class
[2022-04-17 00:08:57] [javac-extractor-53688] Writing trap file for: org.junit.jupiter.api.TestInstance.Lifecycle 52.0-318182400000 jar:file:///Users/zhuangpenghai/.m2/repository/org/junit/jupiter/junit-jupiter-api/5.7.2/junit-jupiter-api-5.7.2.jar!/org/junit/jupiter/api/TestInstance$Lifecycle.class
[2022-04-17 00:08:57] [javac-extractor-53688] Writing trap file for: org.springframework.test.context.BootstrapContext 52.0-1626216058000 jar:file:///Users/zhuangpenghai/.m2/repository/org/springframework/spring-test/5.3.9/spring-test-5.3.9.jar!/org/springframework/test/context/BootstrapContext.class
[2022-04-17 00:08:57] [javac-extractor-53688] Writing trap file for: org.springframework.test.context.support.AbstractTestContextBootstrapper 52.0-1626216058000 jar:file:///Users/zhuangpenghai/.m2/repository/org/springframework/spring-test/5.3.9/spring-test-5.3.9.jar!/org/springframework/test/context/support/AbstractTestContextBootstrapper.class
[2022-04-17 00:08:57] [javac-extractor-53688] Writing trap file for: org.springframework.test.context.ContextCustomizer 52.0-1626216058000 jar:file:///Users/zhuangpenghai/.m2/repository/org/springframework/spring-test/5.3.9/spring-test-5.3.9.jar!/org/springframework/test/context/ContextCustomizer.class
[2022-04-17 00:08:57] [javac-extractor-53688] Writing trap file for: org.springframework.test.context.CacheAwareContextLoaderDelegate 52.0-1626216058000 jar:file:///Users/zhuangpenghai/.m2/repository/org/springframework/spring-test/5.3.9/spring-test-5.3.9.jar!/org/springframework/test/context/CacheAwareContextLoaderDelegate.class
[2022-04-17 00:08:57] [javac-extractor-53688] Writing trap file for: org.springframework.test.context.ContextConfiguration 52.0-1626216058000 jar:file:///Users/zhuangpenghai/.m2/repository/org/springframework/spring-test/5.3.9/spring-test-5.3.9.jar!/org/springframework/test/context/ContextConfiguration.class
[2022-04-17 00:08:57] [javac-extractor-53688] Writing trap file for: org.springframework.test.annotation.DirtiesContext.HierarchyMode 52.0-1626216058000 jar:file:///Users/zhuangpenghai/.m2/repository/org/springframework/spring-test/5.3.9/spring-test-5.3.9.jar!/org/springframework/test/annotation/DirtiesContext$HierarchyMode.class
[2022-04-17 00:08:57] [javac-extractor-53688] Writing trap file for: org.junit.platform.commons.JUnitException 52.0-318182400000 jar:file:///Users/zhuangpenghai/.m2/repository/org/junit/platform/junit-platform-commons/1.7.2/junit-platform-commons-1.7.2.jar!/org/junit/platform/commons/JUnitException.class
[2022-04-17 00:08:57] [javac-extractor-53688] Writing trap file for: org.junit.jupiter.api.TestInstance 52.0-318182400000 jar:file:///Users/zhuangpenghai/.m2/repository/org/junit/jupiter/junit-jupiter-api/5.7.2/junit-jupiter-api-5.7.2.jar!/org/junit/jupiter/api/TestInstance.class
[2022-04-17 00:08:57] [javac-extractor-53688] Writing trap file for: org.springframework.test.context.ContextCustomizerFactory 52.0-1626216058000 jar:file:///Users/zhuangpenghai/.m2/repository/org/springframework/spring-test/5.3.9/spring-test-5.3.9.jar!/org/springframework/test/context/ContextCustomizerFactory.class
[2022-04-17 00:08:57] [javac-extractor-53688] Writing trap file for: org.springframework.test.annotation.DirtiesContext 52.0-1626216058000 jar:file:///Users/zhuangpenghai/.m2/repository/org/springframework/spring-test/5.3.9/spring-test-5.3.9.jar!/org/springframework/test/annotation/DirtiesContext.class
[2022-04-17 00:08:57] [javac-extractor-53688] Writing trap file for: org.springframework.test.annotation.DirtiesContext.ClassMode 52.0-1626216058000 jar:file:///Users/zhuangpenghai/.m2/repository/org/springframework/spring-test/5.3.9/spring-test-5.3.9.jar!/org/springframework/test/annotation/DirtiesContext$ClassMode.class
[2022-04-17 00:08:57] [javac-extractor-53688] Writing trap file for: org.springframework.test.annotation.DirtiesContext.MethodMode 52.0-1626216058000 jar:file:///Users/zhuangpenghai/.m2/repository/org/springframework/spring-test/5.3.9/spring-test-5.3.9.jar!/org/springframework/test/annotation/DirtiesContext$MethodMode.class
[2022-04-17 00:08:57] [javac-extractor-53688] Processing JAR file: /Users/zhuangpenghai/.m2/repository/org/junit/jupiter/junit-jupiter-api/5.7.2/junit-jupiter-api-5.7.2.jar
[2022-04-17 00:08:57] [javac-extractor-53688] Processing JAR file: /Users/zhuangpenghai/.m2/repository/org/springframework/boot/spring-boot-test/2.5.3/spring-boot-test-2.5.3.jar
[2022-04-17 00:08:57] [javac-extractor-53688] Processing JAR file: /Users/zhuangpenghai/.m2/repository/org/apiguardian/apiguardian-api/1.1.0/apiguardian-api-1.1.0.jar
[2022-04-17 00:08:57] [javac-extractor-53688] Processing JAR file: /Users/zhuangpenghai/.m2/repository/org/junit/platform/junit-platform-commons/1.7.2/junit-platform-commons-1.7.2.jar
[2022-04-17 00:08:57] [javac-extractor-53688] Processing JAR file: /Users/zhuangpenghai/.m2/repository/org/springframework/spring-test/5.3.9/spring-test-5.3.9.jar
[2022-04-17 00:08:57] [javac-extractor-53688] Javac init time: 1.1s
[2022-04-17 00:08:57] [javac-extractor-53688] Javac attr time: 0.0s
[2022-04-17 00:08:57] [javac-extractor-53688] Extractor time: 0.8s
[2022-04-17 00:08:57] [javac-extractor-53688] Other time: 0.2s
[2022-04-17 00:08:57] [javac-extractor-53688] Total time: 2.1s
